<?xml version="1.0" encoding="UTF-8"?>
<coverage generated="1698882853046" clover="3.2.0">
  <project timestamp="1698882853047" name="All files">
    <metrics statements="536" coveredstatements="367" conditionals="37" coveredconditionals="13" methods="93" coveredmethods="72" elements="666" coveredelements="452" complexity="0" loc="536" ncloc="536" packages="6" files="22" classes="22"/>
    <package name="server">
      <metrics statements="22" coveredstatements="22" conditionals="0" coveredconditionals="0" methods="1" coveredmethods="1"/>
      <file name="app.js" path="C:\Users\justi\OneDrive\Desktop\Lafosse\RevisionApp\RevisionApp\server\app.js">
        <metrics statements="22" coveredstatements="22" conditionals="0" coveredconditionals="0" methods="1" coveredmethods="1"/>
        <line num="2" count="6" type="stmt"/>
        <line num="3" count="6" type="stmt"/>
        <line num="4" count="6" type="stmt"/>
        <line num="7" count="6" type="stmt"/>
        <line num="8" count="6" type="stmt"/>
        <line num="9" count="6" type="stmt"/>
        <line num="10" count="6" type="stmt"/>
        <line num="11" count="6" type="stmt"/>
        <line num="12" count="6" type="stmt"/>
        <line num="15" count="6" type="stmt"/>
        <line num="17" count="6" type="stmt"/>
        <line num="18" count="6" type="stmt"/>
        <line num="19" count="6" type="stmt"/>
        <line num="23" count="6" type="stmt"/>
        <line num="24" count="1" type="stmt"/>
        <line num="27" count="6" type="stmt"/>
        <line num="28" count="6" type="stmt"/>
        <line num="29" count="6" type="stmt"/>
        <line num="30" count="6" type="stmt"/>
        <line num="31" count="6" type="stmt"/>
        <line num="32" count="6" type="stmt"/>
        <line num="34" count="6" type="stmt"/>
      </file>
    </package>
    <package name="server.controllers">
      <metrics statements="286" coveredstatements="170" conditionals="8" coveredconditionals="3" methods="38" coveredmethods="31"/>
      <file name="adminController.js" path="C:\Users\justi\OneDrive\Desktop\Lafosse\RevisionApp\RevisionApp\server\controllers\adminController.js">
        <metrics statements="65" coveredstatements="48" conditionals="4" coveredconditionals="2" methods="8" coveredmethods="8"/>
        <line num="1" count="6" type="stmt"/>
        <line num="3" count="6" type="stmt"/>
        <line num="4" count="6" type="stmt"/>
        <line num="7" count="1" type="stmt"/>
        <line num="8" count="1" type="stmt"/>
        <line num="10" count="1" type="stmt"/>
        <line num="12" count="1" type="stmt"/>
        <line num="14" count="1" type="stmt"/>
        <line num="15" count="1" type="stmt"/>
        <line num="18" count="0" type="stmt"/>
        <line num="19" count="0" type="stmt"/>
        <line num="24" count="1" type="stmt"/>
        <line num="25" count="1" type="stmt"/>
        <line num="27" count="1" type="stmt"/>
        <line num="29" count="1" type="stmt"/>
        <line num="31" count="1" type="cond" truecount="1" falsecount="1"/>
        <line num="32" count="1" type="stmt"/>
        <line num="35" count="0" type="stmt"/>
        <line num="36" count="0" type="stmt"/>
        <line num="40" count="1" type="stmt"/>
        <line num="41" count="1" type="stmt"/>
        <line num="46" count="1" type="stmt"/>
        <line num="47" count="1" type="stmt"/>
        <line num="48" count="1" type="stmt"/>
        <line num="49" count="0" type="stmt"/>
        <line num="50" count="0" type="stmt"/>
        <line num="52" count="1" type="stmt"/>
        <line num="53" count="1" type="stmt"/>
        <line num="59" count="1" type="stmt"/>
        <line num="60" count="1" type="stmt"/>
        <line num="61" count="1" type="stmt"/>
        <line num="63" count="0" type="stmt"/>
        <line num="64" count="0" type="stmt"/>
        <line num="69" count="1" type="stmt"/>
        <line num="70" count="1" type="stmt"/>
        <line num="71" count="1" type="stmt"/>
        <line num="72" count="1" type="stmt"/>
        <line num="74" count="0" type="stmt"/>
        <line num="75" count="0" type="stmt"/>
        <line num="80" count="1" type="stmt"/>
        <line num="81" count="1" type="stmt"/>
        <line num="82" count="1" type="stmt"/>
        <line num="83" count="1" type="stmt"/>
        <line num="85" count="0" type="stmt"/>
        <line num="86" count="0" type="stmt"/>
        <line num="91" count="1" type="stmt"/>
        <line num="92" count="1" type="stmt"/>
        <line num="93" count="1" type="stmt"/>
        <line num="95" count="1" type="stmt"/>
        <line num="99" count="1" type="stmt"/>
        <line num="100" count="1" type="stmt"/>
        <line num="102" count="1" type="stmt"/>
        <line num="105" count="0" type="stmt"/>
        <line num="106" count="0" type="stmt"/>
        <line num="111" count="1" type="stmt"/>
        <line num="112" count="1" type="stmt"/>
        <line num="115" count="1" type="cond" truecount="1" falsecount="1"/>
        <line num="116" count="0" type="stmt"/>
        <line num="120" count="1" type="stmt"/>
        <line num="123" count="1" type="stmt"/>
        <line num="126" count="1" type="stmt"/>
        <line num="129" count="1" type="stmt"/>
        <line num="131" count="0" type="stmt"/>
        <line num="132" count="0" type="stmt"/>
        <line num="137" count="6" type="stmt"/>
      </file>
      <file name="classController.js" path="C:\Users\justi\OneDrive\Desktop\Lafosse\RevisionApp\RevisionApp\server\controllers\classController.js">
        <metrics statements="42" coveredstatements="30" conditionals="0" coveredconditionals="0" methods="6" coveredmethods="6"/>
        <line num="1" count="6" type="stmt"/>
        <line num="4" count="1" type="stmt"/>
        <line num="5" count="1" type="stmt"/>
        <line num="6" count="1" type="stmt"/>
        <line num="8" count="0" type="stmt"/>
        <line num="9" count="0" type="stmt"/>
        <line num="14" count="1" type="stmt"/>
        <line num="15" count="1" type="stmt"/>
        <line num="16" count="1" type="stmt"/>
        <line num="17" count="1" type="stmt"/>
        <line num="19" count="0" type="stmt"/>
        <line num="20" count="0" type="stmt"/>
        <line num="24" count="1" type="stmt"/>
        <line num="25" count="1" type="stmt"/>
        <line num="26" count="1" type="stmt"/>
        <line num="27" count="1" type="stmt"/>
        <line num="29" count="0" type="stmt"/>
        <line num="30" count="0" type="stmt"/>
        <line num="35" count="1" type="stmt"/>
        <line num="36" count="1" type="stmt"/>
        <line num="37" count="1" type="stmt"/>
        <line num="38" count="1" type="stmt"/>
        <line num="40" count="0" type="stmt"/>
        <line num="41" count="0" type="stmt"/>
        <line num="46" count="1" type="stmt"/>
        <line num="47" count="1" type="stmt"/>
        <line num="48" count="1" type="stmt"/>
        <line num="50" count="1" type="stmt"/>
        <line num="54" count="1" type="stmt"/>
        <line num="55" count="1" type="stmt"/>
        <line num="57" count="1" type="stmt"/>
        <line num="59" count="0" type="stmt"/>
        <line num="60" count="0" type="stmt"/>
        <line num="65" count="1" type="stmt"/>
        <line num="66" count="1" type="stmt"/>
        <line num="67" count="1" type="stmt"/>
        <line num="69" count="1" type="stmt"/>
        <line num="70" count="1" type="stmt"/>
        <line num="72" count="1" type="stmt"/>
        <line num="74" count="0" type="stmt"/>
        <line num="75" count="0" type="stmt"/>
        <line num="79" count="6" type="stmt"/>
      </file>
      <file name="studentController.js" path="C:\Users\justi\OneDrive\Desktop\Lafosse\RevisionApp\RevisionApp\server\controllers\studentController.js">
        <metrics statements="74" coveredstatements="40" conditionals="4" coveredconditionals="1" methods="9" coveredmethods="7"/>
        <line num="1" count="6" type="stmt"/>
        <line num="3" count="6" type="stmt"/>
        <line num="4" count="6" type="stmt"/>
        <line num="7" count="0" type="stmt"/>
        <line num="8" count="0" type="stmt"/>
        <line num="10" count="0" type="stmt"/>
        <line num="12" count="0" type="stmt"/>
        <line num="13" count="0" type="stmt"/>
        <line num="15" count="0" type="stmt"/>
        <line num="16" count="0" type="stmt"/>
        <line num="19" count="0" type="stmt"/>
        <line num="20" count="0" type="stmt"/>
        <line num="25" count="1" type="stmt"/>
        <line num="26" count="1" type="stmt"/>
        <line num="28" count="1" type="stmt"/>
        <line num="30" count="0" type="stmt"/>
        <line num="32" count="0" type="cond" truecount="0" falsecount="2"/>
        <line num="33" count="0" type="stmt"/>
        <line num="36" count="0" type="stmt"/>
        <line num="37" count="0" type="stmt"/>
        <line num="40" count="1" type="stmt"/>
        <line num="41" count="1" type="stmt"/>
        <line num="46" count="1" type="stmt"/>
        <line num="47" count="1" type="stmt"/>
        <line num="48" count="1" type="stmt"/>
        <line num="49" count="0" type="stmt"/>
        <line num="50" count="0" type="stmt"/>
        <line num="52" count="1" type="stmt"/>
        <line num="53" count="1" type="stmt"/>
        <line num="58" count="1" type="stmt"/>
        <line num="59" count="1" type="stmt"/>
        <line num="60" count="1" type="stmt"/>
        <line num="61" count="0" type="stmt"/>
        <line num="62" count="0" type="stmt"/>
        <line num="63" count="0" type="stmt"/>
        <line num="65" count="1" type="stmt"/>
        <line num="66" count="1" type="stmt"/>
        <line num="71" count="1" type="stmt"/>
        <line num="72" count="1" type="stmt"/>
        <line num="73" count="1" type="stmt"/>
        <line num="75" count="0" type="stmt"/>
        <line num="76" count="0" type="stmt"/>
        <line num="81" count="1" type="stmt"/>
        <line num="82" count="1" type="stmt"/>
        <line num="83" count="1" type="stmt"/>
        <line num="84" count="1" type="stmt"/>
        <line num="86" count="0" type="stmt"/>
        <line num="87" count="0" type="stmt"/>
        <line num="92" count="0" type="stmt"/>
        <line num="93" count="0" type="stmt"/>
        <line num="94" count="0" type="stmt"/>
        <line num="95" count="0" type="stmt"/>
        <line num="97" count="0" type="stmt"/>
        <line num="98" count="0" type="stmt"/>
        <line num="103" count="1" type="stmt"/>
        <line num="104" count="1" type="stmt"/>
        <line num="105" count="1" type="stmt"/>
        <line num="107" count="1" type="stmt"/>
        <line num="111" count="1" type="stmt"/>
        <line num="112" count="1" type="stmt"/>
        <line num="114" count="1" type="stmt"/>
        <line num="117" count="0" type="stmt"/>
        <line num="118" count="0" type="stmt"/>
        <line num="123" count="1" type="stmt"/>
        <line num="124" count="1" type="stmt"/>
        <line num="127" count="1" type="cond" truecount="1" falsecount="1"/>
        <line num="128" count="0" type="stmt"/>
        <line num="132" count="1" type="stmt"/>
        <line num="135" count="1" type="stmt"/>
        <line num="138" count="1" type="stmt"/>
        <line num="141" count="1" type="stmt"/>
        <line num="143" count="0" type="stmt"/>
        <line num="144" count="0" type="stmt"/>
        <line num="152" count="6" type="stmt"/>
      </file>
      <file name="studentsController.js" path="C:\Users\justi\OneDrive\Desktop\Lafosse\RevisionApp\RevisionApp\server\controllers\studentsController.js">
        <metrics statements="35" coveredstatements="2" conditionals="0" coveredconditionals="0" methods="5" coveredmethods="0"/>
        <line num="1" count="6" type="stmt"/>
        <line num="4" count="0" type="stmt"/>
        <line num="5" count="0" type="stmt"/>
        <line num="6" count="0" type="stmt"/>
        <line num="8" count="0" type="stmt"/>
        <line num="9" count="0" type="stmt"/>
        <line num="14" count="0" type="stmt"/>
        <line num="15" count="0" type="stmt"/>
        <line num="16" count="0" type="stmt"/>
        <line num="17" count="0" type="stmt"/>
        <line num="19" count="0" type="stmt"/>
        <line num="20" count="0" type="stmt"/>
        <line num="25" count="0" type="stmt"/>
        <line num="26" count="0" type="stmt"/>
        <line num="27" count="0" type="stmt"/>
        <line num="28" count="0" type="stmt"/>
        <line num="30" count="0" type="stmt"/>
        <line num="31" count="0" type="stmt"/>
        <line num="36" count="0" type="stmt"/>
        <line num="37" count="0" type="stmt"/>
        <line num="38" count="0" type="stmt"/>
        <line num="40" count="0" type="stmt"/>
        <line num="44" count="0" type="stmt"/>
        <line num="45" count="0" type="stmt"/>
        <line num="47" count="0" type="stmt"/>
        <line num="49" count="0" type="stmt"/>
        <line num="50" count="0" type="stmt"/>
        <line num="55" count="0" type="stmt"/>
        <line num="56" count="0" type="stmt"/>
        <line num="57" count="0" type="stmt"/>
        <line num="58" count="0" type="stmt"/>
        <line num="59" count="0" type="stmt"/>
        <line num="61" count="0" type="stmt"/>
        <line num="62" count="0" type="stmt"/>
        <line num="66" count="6" type="stmt"/>
      </file>
      <file name="studySessionController.js" path="C:\Users\justi\OneDrive\Desktop\Lafosse\RevisionApp\RevisionApp\server\controllers\studySessionController.js">
        <metrics statements="35" coveredstatements="25" conditionals="0" coveredconditionals="0" methods="5" coveredmethods="5"/>
        <line num="1" count="6" type="stmt"/>
        <line num="4" count="1" type="stmt"/>
        <line num="5" count="1" type="stmt"/>
        <line num="6" count="1" type="stmt"/>
        <line num="8" count="0" type="stmt"/>
        <line num="9" count="0" type="stmt"/>
        <line num="14" count="1" type="stmt"/>
        <line num="15" count="1" type="stmt"/>
        <line num="16" count="1" type="stmt"/>
        <line num="17" count="1" type="stmt"/>
        <line num="19" count="0" type="stmt"/>
        <line num="20" count="0" type="stmt"/>
        <line num="25" count="1" type="stmt"/>
        <line num="26" count="1" type="stmt"/>
        <line num="27" count="1" type="stmt"/>
        <line num="28" count="1" type="stmt"/>
        <line num="30" count="0" type="stmt"/>
        <line num="31" count="0" type="stmt"/>
        <line num="36" count="1" type="stmt"/>
        <line num="37" count="1" type="stmt"/>
        <line num="38" count="1" type="stmt"/>
        <line num="40" count="1" type="stmt"/>
        <line num="45" count="1" type="stmt"/>
        <line num="46" count="1" type="stmt"/>
        <line num="48" count="1" type="stmt"/>
        <line num="50" count="0" type="stmt"/>
        <line num="51" count="0" type="stmt"/>
        <line num="56" count="1" type="stmt"/>
        <line num="57" count="1" type="stmt"/>
        <line num="58" count="1" type="stmt"/>
        <line num="59" count="1" type="stmt"/>
        <line num="60" count="1" type="stmt"/>
        <line num="62" count="0" type="stmt"/>
        <line num="63" count="0" type="stmt"/>
        <line num="67" count="6" type="stmt"/>
      </file>
      <file name="tasksController.js" path="C:\Users\justi\OneDrive\Desktop\Lafosse\RevisionApp\RevisionApp\server\controllers\tasksController.js">
        <metrics statements="35" coveredstatements="25" conditionals="0" coveredconditionals="0" methods="5" coveredmethods="5"/>
        <line num="1" count="6" type="stmt"/>
        <line num="4" count="1" type="stmt"/>
        <line num="5" count="1" type="stmt"/>
        <line num="6" count="1" type="stmt"/>
        <line num="8" count="0" type="stmt"/>
        <line num="9" count="0" type="stmt"/>
        <line num="14" count="1" type="stmt"/>
        <line num="15" count="1" type="stmt"/>
        <line num="16" count="1" type="stmt"/>
        <line num="17" count="1" type="stmt"/>
        <line num="19" count="0" type="stmt"/>
        <line num="20" count="0" type="stmt"/>
        <line num="25" count="1" type="stmt"/>
        <line num="26" count="1" type="stmt"/>
        <line num="27" count="1" type="stmt"/>
        <line num="28" count="1" type="stmt"/>
        <line num="30" count="0" type="stmt"/>
        <line num="31" count="0" type="stmt"/>
        <line num="36" count="1" type="stmt"/>
        <line num="37" count="1" type="stmt"/>
        <line num="38" count="1" type="stmt"/>
        <line num="40" count="1" type="stmt"/>
        <line num="44" count="1" type="stmt"/>
        <line num="45" count="1" type="stmt"/>
        <line num="47" count="1" type="stmt"/>
        <line num="49" count="0" type="stmt"/>
        <line num="50" count="0" type="stmt"/>
        <line num="55" count="1" type="stmt"/>
        <line num="56" count="1" type="stmt"/>
        <line num="57" count="1" type="stmt"/>
        <line num="58" count="1" type="stmt"/>
        <line num="59" count="1" type="stmt"/>
        <line num="61" count="0" type="stmt"/>
        <line num="62" count="0" type="stmt"/>
        <line num="66" count="6" type="stmt"/>
      </file>
    </package>
    <package name="server.database">
      <metrics statements="5" coveredstatements="5" conditionals="0" coveredconditionals="0" methods="0" coveredmethods="0"/>
      <file name="connect.js" path="C:\Users\justi\OneDrive\Desktop\Lafosse\RevisionApp\RevisionApp\server\database\connect.js">
        <metrics statements="5" coveredstatements="5" conditionals="0" coveredconditionals="0" methods="0" coveredmethods="0"/>
        <line num="1" count="7" type="stmt"/>
        <line num="3" count="7" type="stmt"/>
        <line num="5" count="7" type="stmt"/>
        <line num="13" count="7" type="stmt"/>
        <line num="15" count="7" type="stmt"/>
      </file>
    </package>
    <package name="server.middleware">
      <metrics statements="3" coveredstatements="3" conditionals="0" coveredconditionals="0" methods="1" coveredmethods="1"/>
      <file name="logger.js" path="C:\Users\justi\OneDrive\Desktop\Lafosse\RevisionApp\RevisionApp\server\middleware\logger.js">
        <metrics statements="3" coveredstatements="3" conditionals="0" coveredconditionals="0" methods="1" coveredmethods="1"/>
        <line num="2" count="32" type="stmt"/>
        <line num="3" count="32" type="stmt"/>
        <line num="6" count="6" type="stmt"/>
      </file>
    </package>
    <package name="server.models">
      <metrics statements="158" coveredstatements="105" conditionals="29" coveredconditionals="10" methods="53" coveredmethods="39"/>
      <file name="Admin.js" path="C:\Users\justi\OneDrive\Desktop\Lafosse\RevisionApp\RevisionApp\server\models\Admin.js">
        <metrics statements="27" coveredstatements="23" conditionals="6" coveredconditionals="3" methods="9" coveredmethods="9"/>
        <line num="1" count="6" type="stmt"/>
        <line num="5" count="24" type="stmt"/>
        <line num="6" count="24" type="stmt"/>
        <line num="7" count="24" type="stmt"/>
        <line num="11" count="9" type="stmt"/>
        <line num="12" count="9" type="cond" truecount="1" falsecount="1"/>
        <line num="13" count="0" type="stmt"/>
        <line num="15" count="9" type="stmt"/>
        <line num="19" count="1" type="stmt"/>
        <line num="20" count="1" type="cond" truecount="1" falsecount="1"/>
        <line num="21" count="0" type="stmt"/>
        <line num="23" count="1" type="stmt"/>
        <line num="27" count="1" type="stmt"/>
        <line num="28" count="1" type="cond" truecount="1" falsecount="1"/>
        <line num="29" count="1" type="stmt"/>
        <line num="31" count="0" type="stmt"/>
        <line num="32" count="0" type="stmt"/>
        <line num="36" count="1" type="stmt"/>
        <line num="37" count="11" type="stmt"/>
        <line num="42" count="7" type="stmt"/>
        <line num="43" count="7" type="stmt"/>
        <line num="44" count="7" type="stmt"/>
        <line num="45" count="7" type="stmt"/>
        <line num="49" count="1" type="stmt"/>
        <line num="50" count="1" type="stmt"/>
        <line num="54" count="1" type="stmt"/>
        <line num="59" count="6" type="stmt"/>
      </file>
      <file name="Class.js" path="C:\Users\justi\OneDrive\Desktop\Lafosse\RevisionApp\RevisionApp\server\models\Class.js">
        <metrics statements="22" coveredstatements="20" conditionals="4" coveredconditionals="2" methods="8" coveredmethods="8"/>
        <line num="1" count="6" type="stmt"/>
        <line num="5" count="38" type="stmt"/>
        <line num="6" count="38" type="stmt"/>
        <line num="7" count="38" type="stmt"/>
        <line num="11" count="8" type="stmt"/>
        <line num="12" count="8" type="cond" truecount="1" falsecount="1"/>
        <line num="13" count="0" type="stmt"/>
        <line num="15" count="8" type="stmt"/>
        <line num="19" count="1" type="stmt"/>
        <line num="20" count="1" type="cond" truecount="1" falsecount="1"/>
        <line num="21" count="0" type="stmt"/>
        <line num="23" count="1" type="stmt"/>
        <line num="27" count="1" type="stmt"/>
        <line num="28" count="26" type="stmt"/>
        <line num="32" count="5" type="stmt"/>
        <line num="33" count="5" type="stmt"/>
        <line num="34" count="5" type="stmt"/>
        <line num="35" count="5" type="stmt"/>
        <line num="39" count="1" type="stmt"/>
        <line num="40" count="1" type="stmt"/>
        <line num="44" count="1" type="stmt"/>
        <line num="48" count="6" type="stmt"/>
      </file>
      <file name="Student.js" path="C:\Users\justi\OneDrive\Desktop\Lafosse\RevisionApp\RevisionApp\server\models\Student.js">
        <metrics statements="28" coveredstatements="17" conditionals="6" coveredconditionals="1" methods="10" coveredmethods="8"/>
        <line num="1" count="6" type="stmt"/>
        <line num="5" count="36" type="stmt"/>
        <line num="6" count="36" type="stmt"/>
        <line num="7" count="36" type="stmt"/>
        <line num="8" count="36" type="stmt"/>
        <line num="12" count="2" type="stmt"/>
        <line num="13" count="2" type="cond" truecount="1" falsecount="1"/>
        <line num="14" count="0" type="stmt"/>
        <line num="16" count="2" type="stmt"/>
        <line num="20" count="0" type="stmt"/>
        <line num="21" count="0" type="cond" truecount="0" falsecount="2"/>
        <line num="22" count="0" type="stmt"/>
        <line num="24" count="0" type="stmt"/>
        <line num="30" count="2" type="stmt"/>
        <line num="31" count="0" type="cond" truecount="0" falsecount="2"/>
        <line num="32" count="0" type="stmt"/>
        <line num="34" count="0" type="stmt"/>
        <line num="38" count="1" type="stmt"/>
        <line num="39" count="31" type="stmt"/>
        <line num="43" count="1" type="stmt"/>
        <line num="44" count="1" type="stmt"/>
        <line num="45" count="0" type="stmt"/>
        <line num="49" count="0" type="stmt"/>
        <line num="50" count="0" type="stmt"/>
        <line num="54" count="1" type="stmt"/>
        <line num="57" count="1" type="stmt"/>
        <line num="61" count="1" type="stmt"/>
        <line num="67" count="6" type="stmt"/>
      </file>
      <file name="Students.js" path="C:\Users\justi\OneDrive\Desktop\Lafosse\RevisionApp\RevisionApp\server\models\Students.js">
        <metrics statements="18" coveredstatements="2" conditionals="2" coveredconditionals="0" methods="7" coveredmethods="0"/>
        <line num="1" count="6" type="stmt"/>
        <line num="5" count="0" type="stmt"/>
        <line num="6" count="0" type="stmt"/>
        <line num="7" count="0" type="stmt"/>
        <line num="12" count="0" type="stmt"/>
        <line num="13" count="0" type="stmt"/>
        <line num="18" count="0" type="stmt"/>
        <line num="19" count="0" type="stmt"/>
        <line num="20" count="0" type="stmt"/>
        <line num="21" count="0" type="stmt"/>
        <line num="26" count="0" type="stmt"/>
        <line num="27" count="0" type="cond" truecount="0" falsecount="2"/>
        <line num="28" count="0" type="stmt"/>
        <line num="30" count="0" type="stmt"/>
        <line num="35" count="0" type="stmt"/>
        <line num="36" count="0" type="stmt"/>
        <line num="41" count="0" type="stmt"/>
        <line num="45" count="6" type="stmt"/>
      </file>
      <file name="StudySession.js" path="C:\Users\justi\OneDrive\Desktop\Lafosse\RevisionApp\RevisionApp\server\models\StudySession.js">
        <metrics statements="18" coveredstatements="17" conditionals="2" coveredconditionals="1" methods="7" coveredmethods="7"/>
        <line num="1" count="6" type="stmt"/>
        <line num="5" count="159" type="stmt"/>
        <line num="6" count="159" type="stmt"/>
        <line num="7" count="159" type="stmt"/>
        <line num="12" count="1" type="stmt"/>
        <line num="13" count="150" type="stmt"/>
        <line num="17" count="4" type="stmt"/>
        <line num="18" count="4" type="stmt"/>
        <line num="19" count="4" type="stmt"/>
        <line num="20" count="4" type="stmt"/>
        <line num="25" count="7" type="stmt"/>
        <line num="26" count="7" type="cond" truecount="1" falsecount="1"/>
        <line num="27" count="0" type="stmt"/>
        <line num="29" count="7" type="stmt"/>
        <line num="34" count="1" type="stmt"/>
        <line num="35" count="1" type="stmt"/>
        <line num="40" count="1" type="stmt"/>
        <line num="44" count="6" type="stmt"/>
      </file>
      <file name="Tasks.js" path="C:\Users\justi\OneDrive\Desktop\Lafosse\RevisionApp\RevisionApp\server\models\Tasks.js">
        <metrics statements="24" coveredstatements="23" conditionals="4" coveredconditionals="3" methods="7" coveredmethods="7"/>
        <line num="1" count="6" type="stmt"/>
        <line num="5" count="215" type="stmt"/>
        <line num="6" count="215" type="stmt"/>
        <line num="7" count="215" type="stmt"/>
        <line num="8" count="215" type="stmt"/>
        <line num="9" count="215" type="stmt"/>
        <line num="10" count="215" type="stmt"/>
        <line num="11" count="215" type="cond" truecount="2" falsecount="0"/>
        <line num="12" count="215" type="stmt"/>
        <line num="13" count="215" type="stmt"/>
        <line num="17" count="1" type="stmt"/>
        <line num="18" count="206" type="stmt"/>
        <line num="23" count="7" type="stmt"/>
        <line num="24" count="7" type="cond" truecount="1" falsecount="1"/>
        <line num="25" count="0" type="stmt"/>
        <line num="27" count="7" type="stmt"/>
        <line num="32" count="4" type="stmt"/>
        <line num="33" count="4" type="stmt"/>
        <line num="34" count="4" type="stmt"/>
        <line num="35" count="4" type="stmt"/>
        <line num="40" count="1" type="stmt"/>
        <line num="41" count="1" type="stmt"/>
        <line num="46" count="1" type="stmt"/>
        <line num="50" count="6" type="stmt"/>
      </file>
      <file name="Token.js" path="C:\Users\justi\OneDrive\Desktop\Lafosse\RevisionApp\RevisionApp\server\models\Token.js">
        <metrics statements="21" coveredstatements="3" conditionals="5" coveredconditionals="0" methods="5" coveredmethods="0"/>
        <line num="1" count="6" type="stmt"/>
        <line num="3" count="6" type="stmt"/>
        <line num="8" count="0" type="stmt"/>
        <line num="9" count="0" type="stmt"/>
        <line num="10" count="0" type="stmt"/>
        <line num="11" count="0" type="stmt"/>
        <line num="15" count="0" type="stmt"/>
        <line num="16" count="0" type="stmt"/>
        <line num="17" count="0" type="stmt"/>
        <line num="18" count="0" type="stmt"/>
        <line num="19" count="0" type="stmt"/>
        <line num="23" count="0" type="stmt"/>
        <line num="24" count="0" type="cond" truecount="0" falsecount="2"/>
        <line num="25" count="0" type="stmt"/>
        <line num="27" count="0" type="stmt"/>
        <line num="32" count="0" type="stmt"/>
        <line num="33" count="0" type="cond" truecount="0" falsecount="2"/>
        <line num="34" count="0" type="stmt"/>
        <line num="36" count="0" type="stmt"/>
        <line num="41" count="0" type="stmt"/>
        <line num="47" count="6" type="stmt"/>
      </file>
    </package>
    <package name="server.routes">
      <metrics statements="62" coveredstatements="62" conditionals="0" coveredconditionals="0" methods="0" coveredmethods="0"/>
      <file name="adminRoutes.js" path="C:\Users\justi\OneDrive\Desktop\Lafosse\RevisionApp\RevisionApp\server\routes\adminRoutes.js">
        <metrics statements="12" coveredstatements="12" conditionals="0" coveredconditionals="0" methods="0" coveredmethods="0"/>
        <line num="1" count="6" type="stmt"/>
        <line num="3" count="6" type="stmt"/>
        <line num="5" count="6" type="stmt"/>
        <line num="7" count="6" type="stmt"/>
        <line num="8" count="6" type="stmt"/>
        <line num="9" count="6" type="stmt"/>
        <line num="10" count="6" type="stmt"/>
        <line num="11" count="6" type="stmt"/>
        <line num="12" count="6" type="stmt"/>
        <line num="13" count="6" type="stmt"/>
        <line num="14" count="6" type="stmt"/>
        <line num="16" count="6" type="stmt"/>
      </file>
      <file name="classRoutes.js" path="C:\Users\justi\OneDrive\Desktop\Lafosse\RevisionApp\RevisionApp\server\routes\classRoutes.js">
        <metrics statements="10" coveredstatements="10" conditionals="0" coveredconditionals="0" methods="0" coveredmethods="0"/>
        <line num="1" count="6" type="stmt"/>
        <line num="3" count="6" type="stmt"/>
        <line num="5" count="6" type="stmt"/>
        <line num="7" count="6" type="stmt"/>
        <line num="8" count="6" type="stmt"/>
        <line num="9" count="6" type="stmt"/>
        <line num="10" count="6" type="stmt"/>
        <line num="11" count="6" type="stmt"/>
        <line num="12" count="6" type="stmt"/>
        <line num="14" count="6" type="stmt"/>
      </file>
      <file name="studentRoutes.js" path="C:\Users\justi\OneDrive\Desktop\Lafosse\RevisionApp\RevisionApp\server\routes\studentRoutes.js">
        <metrics statements="13" coveredstatements="13" conditionals="0" coveredconditionals="0" methods="0" coveredmethods="0"/>
        <line num="1" count="6" type="stmt"/>
        <line num="3" count="6" type="stmt"/>
        <line num="5" count="6" type="stmt"/>
        <line num="7" count="6" type="stmt"/>
        <line num="8" count="6" type="stmt"/>
        <line num="9" count="6" type="stmt"/>
        <line num="10" count="6" type="stmt"/>
        <line num="11" count="6" type="stmt"/>
        <line num="12" count="6" type="stmt"/>
        <line num="13" count="6" type="stmt"/>
        <line num="14" count="6" type="stmt"/>
        <line num="15" count="6" type="stmt"/>
        <line num="17" count="6" type="stmt"/>
      </file>
      <file name="studentsRoutes.js" path="C:\Users\justi\OneDrive\Desktop\Lafosse\RevisionApp\RevisionApp\server\routes\studentsRoutes.js">
        <metrics statements="9" coveredstatements="9" conditionals="0" coveredconditionals="0" methods="0" coveredmethods="0"/>
        <line num="1" count="6" type="stmt"/>
        <line num="3" count="6" type="stmt"/>
        <line num="5" count="6" type="stmt"/>
        <line num="7" count="6" type="stmt"/>
        <line num="8" count="6" type="stmt"/>
        <line num="9" count="6" type="stmt"/>
        <line num="10" count="6" type="stmt"/>
        <line num="11" count="6" type="stmt"/>
        <line num="13" count="6" type="stmt"/>
      </file>
      <file name="studySessionRoutes.js" path="C:\Users\justi\OneDrive\Desktop\Lafosse\RevisionApp\RevisionApp\server\routes\studySessionRoutes.js">
        <metrics statements="9" coveredstatements="9" conditionals="0" coveredconditionals="0" methods="0" coveredmethods="0"/>
        <line num="1" count="6" type="stmt"/>
        <line num="3" count="6" type="stmt"/>
        <line num="5" count="6" type="stmt"/>
        <line num="7" count="6" type="stmt"/>
        <line num="8" count="6" type="stmt"/>
        <line num="9" count="6" type="stmt"/>
        <line num="10" count="6" type="stmt"/>
        <line num="11" count="6" type="stmt"/>
        <line num="13" count="6" type="stmt"/>
      </file>
      <file name="tasksRoutes.js" path="C:\Users\justi\OneDrive\Desktop\Lafosse\RevisionApp\RevisionApp\server\routes\tasksRoutes.js">
        <metrics statements="9" coveredstatements="9" conditionals="0" coveredconditionals="0" methods="0" coveredmethods="0"/>
        <line num="1" count="6" type="stmt"/>
        <line num="3" count="6" type="stmt"/>
        <line num="5" count="6" type="stmt"/>
        <line num="7" count="6" type="stmt"/>
        <line num="8" count="6" type="stmt"/>
        <line num="9" count="6" type="stmt"/>
        <line num="10" count="6" type="stmt"/>
        <line num="11" count="6" type="stmt"/>
        <line num="13" count="6" type="stmt"/>
      </file>
    </package>
  </project>
</coverage>
