{"C:\\Users\\justi\\OneDrive\\Desktop\\Lafosse\\RevisionApp\\RevisionApp\\server\\app.js": {"path":"C:\\Users\\justi\\OneDrive\\Desktop\\Lafosse\\RevisionApp\\RevisionApp\\server\\app.js","statementMap":{"0":{"start":{"line":2,"column":16},"end":{"line":2,"column":34}},"1":{"start":{"line":3,"column":13},"end":{"line":3,"column":28}},"2":{"start":{"line":4,"column":18},"end":{"line":4,"column":48}},"3":{"start":{"line":7,"column":22},"end":{"line":7,"column":55}},"4":{"start":{"line":8,"column":20},"end":{"line":8,"column":51}},"5":{"start":{"line":9,"column":20},"end":{"line":9,"column":51}},"6":{"start":{"line":10,"column":20},"end":{"line":10,"column":51}},"7":{"start":{"line":11,"column":27},"end":{"line":11,"column":65}},"8":{"start":{"line":12,"column":23},"end":{"line":12,"column":57}},"9":{"start":{"line":15,"column":12},"end":{"line":15,"column":21}},"10":{"start":{"line":17,"column":0},"end":{"line":17,"column":16}},"11":{"start":{"line":18,"column":0},"end":{"line":18,"column":24}},"12":{"start":{"line":19,"column":0},"end":{"line":19,"column":19}},"13":{"start":{"line":23,"column":0},"end":{"line":25,"column":3}},"14":{"start":{"line":24,"column":1},"end":{"line":24,"column":38}},"15":{"start":{"line":27,"column":0},"end":{"line":27,"column":35}},"16":{"start":{"line":28,"column":0},"end":{"line":28,"column":31}},"17":{"start":{"line":29,"column":0},"end":{"line":29,"column":31}},"18":{"start":{"line":30,"column":0},"end":{"line":30,"column":31}},"19":{"start":{"line":31,"column":0},"end":{"line":31,"column":45}},"20":{"start":{"line":32,"column":0},"end":{"line":32,"column":37}},"21":{"start":{"line":34,"column":0},"end":{"line":34,"column":21}}},"fnMap":{"0":{"name":"(anonymous_0)","decl":{"start":{"line":23,"column":13},"end":{"line":23,"column":14}},"loc":{"start":{"line":23,"column":27},"end":{"line":25,"column":1}},"line":23}},"branchMap":{},"s":{"0":6,"1":6,"2":6,"3":6,"4":6,"5":6,"6":6,"7":6,"8":6,"9":6,"10":6,"11":6,"12":6,"13":6,"14":1,"15":6,"16":6,"17":6,"18":6,"19":6,"20":6,"21":6},"f":{"0":1},"b":{},"_coverageSchema":"1a1c01bbd47fc00a2c39e90264f33305004495a9","hash":"0ba87b481feb0655fa4f2952997b86a6d50b0d00"}
,"C:\\Users\\justi\\OneDrive\\Desktop\\Lafosse\\RevisionApp\\RevisionApp\\server\\controllers\\adminController.js": {"path":"C:\\Users\\justi\\OneDrive\\Desktop\\Lafosse\\RevisionApp\\RevisionApp\\server\\controllers\\adminController.js","statementMap":{"0":{"start":{"line":1,"column":15},"end":{"line":1,"column":32}},"1":{"start":{"line":3,"column":14},"end":{"line":3,"column":40}},"2":{"start":{"line":4,"column":14},"end":{"line":4,"column":40}},"3":{"start":{"line":7,"column":4},"end":{"line":20,"column":5}},"4":{"start":{"line":8,"column":21},"end":{"line":8,"column":29}},"5":{"start":{"line":10,"column":21},"end":{"line":10,"column":83}},"6":{"start":{"line":12,"column":8},"end":{"line":12,"column":69}},"7":{"start":{"line":14,"column":23},"end":{"line":14,"column":47}},"8":{"start":{"line":15,"column":8},"end":{"line":15,"column":37}},"9":{"start":{"line":18,"column":8},"end":{"line":18,"column":27}},"10":{"start":{"line":19,"column":8},"end":{"line":19,"column":53}},"11":{"start":{"line":24,"column":4},"end":{"line":42,"column":5}},"12":{"start":{"line":25,"column":21},"end":{"line":25,"column":29}},"13":{"start":{"line":27,"column":22},"end":{"line":27,"column":65}},"14":{"start":{"line":29,"column":30},"end":{"line":29,"column":84}},"15":{"start":{"line":31,"column":8},"end":{"line":37,"column":9}},"16":{"start":{"line":32,"column":12},"end":{"line":32,"column":48}},"17":{"start":{"line":35,"column":22},"end":{"line":35,"column":62}},"18":{"start":{"line":36,"column":8},"end":{"line":36,"column":72}},"19":{"start":{"line":40,"column":8},"end":{"line":40,"column":27}},"20":{"start":{"line":41,"column":8},"end":{"line":41,"column":53}},"21":{"start":{"line":46,"column":19},"end":{"line":46,"column":47}},"22":{"start":{"line":47,"column":4},"end":{"line":54,"column":5}},"23":{"start":{"line":48,"column":22},"end":{"line":48,"column":54}},"24":{"start":{"line":49,"column":37},"end":{"line":49,"column":42}},"25":{"start":{"line":50,"column":8},"end":{"line":50,"column":51}},"26":{"start":{"line":52,"column":8},"end":{"line":52,"column":27}},"27":{"start":{"line":53,"column":8},"end":{"line":53,"column":53}},"28":{"start":{"line":59,"column":4},"end":{"line":65,"column":5}},"29":{"start":{"line":60,"column":22},"end":{"line":60,"column":42}},"30":{"start":{"line":61,"column":8},"end":{"line":61,"column":36}},"31":{"start":{"line":63,"column":8},"end":{"line":63,"column":27}},"32":{"start":{"line":64,"column":8},"end":{"line":64,"column":53}},"33":{"start":{"line":69,"column":4},"end":{"line":76,"column":5}},"34":{"start":{"line":70,"column":19},"end":{"line":70,"column":48}},"35":{"start":{"line":71,"column":22},"end":{"line":71,"column":48}},"36":{"start":{"line":72,"column":8},"end":{"line":72,"column":36}},"37":{"start":{"line":74,"column":8},"end":{"line":74,"column":27}},"38":{"start":{"line":75,"column":8},"end":{"line":75,"column":53}},"39":{"start":{"line":80,"column":4},"end":{"line":87,"column":5}},"40":{"start":{"line":81,"column":21},"end":{"line":81,"column":29}},"41":{"start":{"line":82,"column":22},"end":{"line":82,"column":46}},"42":{"start":{"line":83,"column":8},"end":{"line":83,"column":36}},"43":{"start":{"line":85,"column":8},"end":{"line":85,"column":27}},"44":{"start":{"line":86,"column":8},"end":{"line":86,"column":53}},"45":{"start":{"line":91,"column":4},"end":{"line":107,"column":5}},"46":{"start":{"line":92,"column":17},"end":{"line":92,"column":46}},"47":{"start":{"line":93,"column":30},"end":{"line":93,"column":56}},"48":{"start":{"line":95,"column":29},"end":{"line":98,"column":9}},"49":{"start":{"line":99,"column":22},"end":{"line":99,"column":51}},"50":{"start":{"line":100,"column":29},"end":{"line":100,"column":49}},"51":{"start":{"line":102,"column":8},"end":{"line":102,"column":43}},"52":{"start":{"line":105,"column":8},"end":{"line":105,"column":27}},"53":{"start":{"line":106,"column":8},"end":{"line":106,"column":53}},"54":{"start":{"line":111,"column":4},"end":{"line":133,"column":5}},"55":{"start":{"line":112,"column":17},"end":{"line":112,"column":46}},"56":{"start":{"line":115,"column":8},"end":{"line":117,"column":9}},"57":{"start":{"line":116,"column":12},"end":{"line":116,"column":80}},"58":{"start":{"line":120,"column":22},"end":{"line":120,"column":49}},"59":{"start":{"line":123,"column":8},"end":{"line":123,"column":80}},"60":{"start":{"line":126,"column":8},"end":{"line":126,"column":30}},"61":{"start":{"line":129,"column":8},"end":{"line":129,"column":59}},"62":{"start":{"line":131,"column":8},"end":{"line":131,"column":27}},"63":{"start":{"line":132,"column":8},"end":{"line":132,"column":53}},"64":{"start":{"line":137,"column":0},"end":{"line":137,"column":84}}},"fnMap":{"0":{"name":"register","decl":{"start":{"line":6,"column":15},"end":{"line":6,"column":23}},"loc":{"start":{"line":6,"column":33},"end":{"line":21,"column":1}},"line":6},"1":{"name":"login","decl":{"start":{"line":23,"column":15},"end":{"line":23,"column":20}},"loc":{"start":{"line":23,"column":30},"end":{"line":43,"column":1}},"line":23},"2":{"name":"profile","decl":{"start":{"line":45,"column":15},"end":{"line":45,"column":22}},"loc":{"start":{"line":45,"column":33},"end":{"line":55,"column":1}},"line":45},"3":{"name":"index","decl":{"start":{"line":58,"column":15},"end":{"line":58,"column":20}},"loc":{"start":{"line":58,"column":31},"end":{"line":66,"column":1}},"line":58},"4":{"name":"show","decl":{"start":{"line":68,"column":15},"end":{"line":68,"column":19}},"loc":{"start":{"line":68,"column":30},"end":{"line":77,"column":1}},"line":68},"5":{"name":"create","decl":{"start":{"line":79,"column":15},"end":{"line":79,"column":21}},"loc":{"start":{"line":79,"column":32},"end":{"line":88,"column":1}},"line":79},"6":{"name":"update","decl":{"start":{"line":90,"column":15},"end":{"line":90,"column":21}},"loc":{"start":{"line":90,"column":32},"end":{"line":108,"column":1}},"line":90},"7":{"name":"destroy","decl":{"start":{"line":110,"column":15},"end":{"line":110,"column":22}},"loc":{"start":{"line":110,"column":33},"end":{"line":134,"column":1}},"line":110}},"branchMap":{"0":{"loc":{"start":{"line":31,"column":8},"end":{"line":37,"column":9}},"type":"if","locations":[{"start":{"line":31,"column":8},"end":{"line":37,"column":9}},{"start":{"line":33,"column":13},"end":{"line":37,"column":9}}],"line":31},"1":{"loc":{"start":{"line":115,"column":8},"end":{"line":117,"column":9}},"type":"if","locations":[{"start":{"line":115,"column":8},"end":{"line":117,"column":9}},{"start":{},"end":{}}],"line":115}},"s":{"0":6,"1":6,"2":6,"3":1,"4":1,"5":1,"6":1,"7":1,"8":1,"9":0,"10":0,"11":1,"12":1,"13":1,"14":1,"15":1,"16":1,"17":0,"18":0,"19":1,"20":1,"21":1,"22":1,"23":1,"24":0,"25":0,"26":1,"27":1,"28":1,"29":1,"30":1,"31":0,"32":0,"33":1,"34":1,"35":1,"36":1,"37":0,"38":0,"39":1,"40":1,"41":1,"42":1,"43":0,"44":0,"45":1,"46":1,"47":1,"48":1,"49":1,"50":1,"51":1,"52":0,"53":0,"54":1,"55":1,"56":1,"57":0,"58":1,"59":1,"60":1,"61":1,"62":0,"63":0,"64":6},"f":{"0":1,"1":1,"2":1,"3":1,"4":1,"5":1,"6":1,"7":1},"b":{"0":[1,0],"1":[0,1]},"_coverageSchema":"1a1c01bbd47fc00a2c39e90264f33305004495a9","hash":"cbc5d33e380443485c06bd55fa6b2e70c9bffe10"}
,"C:\\Users\\justi\\OneDrive\\Desktop\\Lafosse\\RevisionApp\\RevisionApp\\server\\controllers\\classController.js": {"path":"C:\\Users\\justi\\OneDrive\\Desktop\\Lafosse\\RevisionApp\\RevisionApp\\server\\controllers\\classController.js","statementMap":{"0":{"start":{"line":1,"column":14},"end":{"line":1,"column":40}},"1":{"start":{"line":4,"column":4},"end":{"line":10,"column":5}},"2":{"start":{"line":5,"column":24},"end":{"line":5,"column":44}},"3":{"start":{"line":6,"column":8},"end":{"line":6,"column":38}},"4":{"start":{"line":8,"column":8},"end":{"line":8,"column":27}},"5":{"start":{"line":9,"column":8},"end":{"line":9,"column":55}},"6":{"start":{"line":14,"column":4},"end":{"line":21,"column":5}},"7":{"start":{"line":15,"column":19},"end":{"line":15,"column":48}},"8":{"start":{"line":16,"column":24},"end":{"line":16,"column":47}},"9":{"start":{"line":17,"column":8},"end":{"line":17,"column":38}},"10":{"start":{"line":19,"column":8},"end":{"line":19,"column":27}},"11":{"start":{"line":20,"column":8},"end":{"line":20,"column":55}},"12":{"start":{"line":24,"column":4},"end":{"line":31,"column":5}},"13":{"start":{"line":25,"column":26},"end":{"line":25,"column":46}},"14":{"start":{"line":26,"column":24},"end":{"line":26,"column":56}},"15":{"start":{"line":27,"column":8},"end":{"line":27,"column":38}},"16":{"start":{"line":29,"column":8},"end":{"line":29,"column":27}},"17":{"start":{"line":30,"column":8},"end":{"line":30,"column":55}},"18":{"start":{"line":35,"column":4},"end":{"line":42,"column":5}},"19":{"start":{"line":36,"column":21},"end":{"line":36,"column":29}},"20":{"start":{"line":37,"column":24},"end":{"line":37,"column":48}},"21":{"start":{"line":38,"column":8},"end":{"line":38,"column":38}},"22":{"start":{"line":40,"column":8},"end":{"line":40,"column":27}},"23":{"start":{"line":41,"column":8},"end":{"line":41,"column":55}},"24":{"start":{"line":46,"column":4},"end":{"line":61,"column":5}},"25":{"start":{"line":47,"column":17},"end":{"line":47,"column":46}},"26":{"start":{"line":48,"column":30},"end":{"line":48,"column":53}},"27":{"start":{"line":50,"column":29},"end":{"line":53,"column":9}},"28":{"start":{"line":54,"column":24},"end":{"line":54,"column":53}},"29":{"start":{"line":55,"column":29},"end":{"line":55,"column":51}},"30":{"start":{"line":57,"column":8},"end":{"line":57,"column":43}},"31":{"start":{"line":59,"column":8},"end":{"line":59,"column":27}},"32":{"start":{"line":60,"column":8},"end":{"line":60,"column":55}},"33":{"start":{"line":65,"column":4},"end":{"line":76,"column":5}},"34":{"start":{"line":66,"column":17},"end":{"line":66,"column":46}},"35":{"start":{"line":67,"column":30},"end":{"line":67,"column":53}},"36":{"start":{"line":69,"column":24},"end":{"line":69,"column":54}},"37":{"start":{"line":70,"column":8},"end":{"line":70,"column":32}},"38":{"start":{"line":72,"column":8},"end":{"line":72,"column":59}},"39":{"start":{"line":74,"column":8},"end":{"line":74,"column":27}},"40":{"start":{"line":75,"column":8},"end":{"line":75,"column":55}},"41":{"start":{"line":79,"column":0},"end":{"line":79,"column":70}}},"fnMap":{"0":{"name":"index","decl":{"start":{"line":3,"column":15},"end":{"line":3,"column":20}},"loc":{"start":{"line":3,"column":31},"end":{"line":11,"column":1}},"line":3},"1":{"name":"show","decl":{"start":{"line":13,"column":15},"end":{"line":13,"column":19}},"loc":{"start":{"line":13,"column":30},"end":{"line":22,"column":1}},"line":13},"2":{"name":"showByName","decl":{"start":{"line":23,"column":15},"end":{"line":23,"column":25}},"loc":{"start":{"line":23,"column":36},"end":{"line":32,"column":1}},"line":23},"3":{"name":"create","decl":{"start":{"line":34,"column":15},"end":{"line":34,"column":21}},"loc":{"start":{"line":34,"column":32},"end":{"line":43,"column":1}},"line":34},"4":{"name":"update","decl":{"start":{"line":45,"column":15},"end":{"line":45,"column":21}},"loc":{"start":{"line":45,"column":32},"end":{"line":62,"column":1}},"line":45},"5":{"name":"destroy","decl":{"start":{"line":64,"column":15},"end":{"line":64,"column":22}},"loc":{"start":{"line":64,"column":33},"end":{"line":77,"column":1}},"line":64}},"branchMap":{},"s":{"0":6,"1":1,"2":1,"3":1,"4":0,"5":0,"6":1,"7":1,"8":1,"9":1,"10":0,"11":0,"12":1,"13":1,"14":1,"15":1,"16":0,"17":0,"18":1,"19":1,"20":1,"21":1,"22":0,"23":0,"24":1,"25":1,"26":1,"27":1,"28":1,"29":1,"30":1,"31":0,"32":0,"33":1,"34":1,"35":1,"36":1,"37":1,"38":1,"39":0,"40":0,"41":6},"f":{"0":1,"1":1,"2":1,"3":1,"4":1,"5":1},"b":{},"_coverageSchema":"1a1c01bbd47fc00a2c39e90264f33305004495a9","hash":"d3ef6d9b65f4f73866214e8afd6f6ce81fafe2b9"}
,"C:\\Users\\justi\\OneDrive\\Desktop\\Lafosse\\RevisionApp\\RevisionApp\\server\\controllers\\pokemonController.js": {"path":"C:\\Users\\justi\\OneDrive\\Desktop\\Lafosse\\RevisionApp\\RevisionApp\\server\\controllers\\pokemonController.js","statementMap":{"0":{"start":{"line":1,"column":16},"end":{"line":1,"column":44}},"1":{"start":{"line":2,"column":16},"end":{"line":2,"column":44}},"2":{"start":{"line":3,"column":19},"end":{"line":3,"column":50}},"3":{"start":{"line":6,"column":18},"end":{"line":6,"column":46}},"4":{"start":{"line":7,"column":4},"end":{"line":38,"column":5}},"5":{"start":{"line":8,"column":24},"end":{"line":8,"column":58}},"6":{"start":{"line":9,"column":28},"end":{"line":9,"column":35}},"7":{"start":{"line":10,"column":8},"end":{"line":10,"column":28}},"8":{"start":{"line":11,"column":8},"end":{"line":34,"column":9}},"9":{"start":{"line":12,"column":38},"end":{"line":12,"column":76}},"10":{"start":{"line":14,"column":12},"end":{"line":28,"column":13}},"11":{"start":{"line":15,"column":36},"end":{"line":18,"column":18}},"12":{"start":{"line":16,"column":36},"end":{"line":16,"column":75}},"13":{"start":{"line":17,"column":20},"end":{"line":17,"column":58}},"14":{"start":{"line":19,"column":32},"end":{"line":19,"column":36}},"15":{"start":{"line":20,"column":16},"end":{"line":25,"column":36}},"16":{"start":{"line":21,"column":20},"end":{"line":21,"column":56}},"17":{"start":{"line":22,"column":20},"end":{"line":24,"column":21}},"18":{"start":{"line":22,"column":55},"end":{"line":22,"column":92}},"19":{"start":{"line":23,"column":24},"end":{"line":23,"column":41}},"20":{"start":{"line":27,"column":16},"end":{"line":27,"column":52}},"21":{"start":{"line":29,"column":12},"end":{"line":29,"column":65}},"22":{"start":{"line":30,"column":12},"end":{"line":30,"column":32}},"23":{"start":{"line":31,"column":12},"end":{"line":31,"column":41}},"24":{"start":{"line":33,"column":12},"end":{"line":33,"column":77}},"25":{"start":{"line":36,"column":8},"end":{"line":36,"column":26}},"26":{"start":{"line":37,"column":8},"end":{"line":37,"column":46}},"27":{"start":{"line":42,"column":18},"end":{"line":42,"column":46}},"28":{"start":{"line":43,"column":22},"end":{"line":43,"column":43}},"29":{"start":{"line":44,"column":4},"end":{"line":65,"column":5}},"30":{"start":{"line":47,"column":24},"end":{"line":47,"column":58}},"31":{"start":{"line":48,"column":41},"end":{"line":48,"column":48}},"32":{"start":{"line":49,"column":8},"end":{"line":61,"column":9}},"33":{"start":{"line":50,"column":28},"end":{"line":50,"column":65}},"34":{"start":{"line":51,"column":35},"end":{"line":51,"column":77}},"35":{"start":{"line":52,"column":12},"end":{"line":52,"column":39}},"36":{"start":{"line":53,"column":12},"end":{"line":58,"column":13}},"37":{"start":{"line":54,"column":16},"end":{"line":54,"column":46}},"38":{"start":{"line":56,"column":16},"end":{"line":56,"column":76}},"39":{"start":{"line":57,"column":16},"end":{"line":57,"column":52}},"40":{"start":{"line":60,"column":12},"end":{"line":60,"column":67}},"41":{"start":{"line":63,"column":8},"end":{"line":63,"column":26}},"42":{"start":{"line":64,"column":8},"end":{"line":64,"column":35}},"43":{"start":{"line":69,"column":18},"end":{"line":69,"column":46}},"44":{"start":{"line":70,"column":4},"end":{"line":79,"column":5}},"45":{"start":{"line":71,"column":24},"end":{"line":71,"column":58}},"46":{"start":{"line":72,"column":43},"end":{"line":72,"column":50}},"47":{"start":{"line":73,"column":8},"end":{"line":73,"column":55}},"48":{"start":{"line":74,"column":8},"end":{"line":74,"column":47}},"49":{"start":{"line":75,"column":8},"end":{"line":75,"column":62}},"50":{"start":{"line":77,"column":8},"end":{"line":77,"column":26}},"51":{"start":{"line":78,"column":8},"end":{"line":78,"column":35}},"52":{"start":{"line":83,"column":18},"end":{"line":83,"column":46}},"53":{"start":{"line":84,"column":4},"end":{"line":92,"column":5}},"54":{"start":{"line":85,"column":24},"end":{"line":85,"column":58}},"55":{"start":{"line":86,"column":32},"end":{"line":86,"column":39}},"56":{"start":{"line":87,"column":24},"end":{"line":87,"column":61}},"57":{"start":{"line":88,"column":8},"end":{"line":88,"column":37}},"58":{"start":{"line":90,"column":8},"end":{"line":90,"column":26}},"59":{"start":{"line":91,"column":8},"end":{"line":91,"column":35}},"60":{"start":{"line":96,"column":18},"end":{"line":96,"column":46}},"61":{"start":{"line":97,"column":5},"end":{"line":105,"column":6}},"62":{"start":{"line":98,"column":24},"end":{"line":98,"column":58}},"63":{"start":{"line":99,"column":28},"end":{"line":99,"column":35}},"64":{"start":{"line":100,"column":34},"end":{"line":100,"column":72}},"65":{"start":{"line":101,"column":8},"end":{"line":101,"column":47}},"66":{"start":{"line":103,"column":8},"end":{"line":103,"column":26}},"67":{"start":{"line":104,"column":8},"end":{"line":104,"column":35}},"68":{"start":{"line":109,"column":20},"end":{"line":109,"column":49}},"69":{"start":{"line":110,"column":4},"end":{"line":110,"column":33}},"70":{"start":{"line":114,"column":19},"end":{"line":114,"column":52}},"71":{"start":{"line":115,"column":4},"end":{"line":115,"column":32}},"72":{"start":{"line":119,"column":15},"end":{"line":119,"column":38}},"73":{"start":{"line":120,"column":20},"end":{"line":120,"column":46}},"74":{"start":{"line":121,"column":4},"end":{"line":121,"column":33}},"75":{"start":{"line":124,"column":0},"end":{"line":124,"column":101}}},"fnMap":{"0":{"name":"newBaby","decl":{"start":{"line":5,"column":15},"end":{"line":5,"column":22}},"loc":{"start":{"line":5,"column":33},"end":{"line":39,"column":1}},"line":5},"1":{"name":"(anonymous_1)","decl":{"start":{"line":15,"column":58},"end":{"line":15,"column":59}},"loc":{"start":{"line":15,"column":73},"end":{"line":18,"column":17}},"line":15},"2":{"name":"(anonymous_2)","decl":{"start":{"line":22,"column":45},"end":{"line":22,"column":46}},"loc":{"start":{"line":22,"column":55},"end":{"line":22,"column":92}},"line":22},"3":{"name":"evolution","decl":{"start":{"line":41,"column":15},"end":{"line":41,"column":24}},"loc":{"start":{"line":41,"column":35},"end":{"line":66,"column":1}},"line":41},"4":{"name":"addToCollection","decl":{"start":{"line":68,"column":15},"end":{"line":68,"column":30}},"loc":{"start":{"line":68,"column":41},"end":{"line":80,"column":1}},"line":68},"5":{"name":"currentPokemon","decl":{"start":{"line":82,"column":15},"end":{"line":82,"column":29}},"loc":{"start":{"line":82,"column":40},"end":{"line":93,"column":1}},"line":82},"6":{"name":"currentCollection","decl":{"start":{"line":95,"column":15},"end":{"line":95,"column":32}},"loc":{"start":{"line":95,"column":44},"end":{"line":106,"column":1}},"line":95},"7":{"name":"getAll","decl":{"start":{"line":108,"column":15},"end":{"line":108,"column":21}},"loc":{"start":{"line":108,"column":32},"end":{"line":111,"column":1}},"line":108},"8":{"name":"getAllBaby","decl":{"start":{"line":113,"column":15},"end":{"line":113,"column":25}},"loc":{"start":{"line":113,"column":36},"end":{"line":116,"column":1}},"line":113},"9":{"name":"getById","decl":{"start":{"line":118,"column":15},"end":{"line":118,"column":22}},"loc":{"start":{"line":118,"column":33},"end":{"line":122,"column":1}},"line":118}},"branchMap":{"0":{"loc":{"start":{"line":11,"column":8},"end":{"line":34,"column":9}},"type":"if","locations":[{"start":{"line":11,"column":8},"end":{"line":34,"column":9}},{"start":{"line":32,"column":13},"end":{"line":34,"column":9}}],"line":11},"1":{"loc":{"start":{"line":14,"column":12},"end":{"line":28,"column":13}},"type":"if","locations":[{"start":{"line":14,"column":12},"end":{"line":28,"column":13}},{"start":{"line":26,"column":17},"end":{"line":28,"column":13}}],"line":14},"2":{"loc":{"start":{"line":22,"column":20},"end":{"line":24,"column":21}},"type":"if","locations":[{"start":{"line":22,"column":20},"end":{"line":24,"column":21}},{"start":{},"end":{}}],"line":22},"3":{"loc":{"start":{"line":49,"column":8},"end":{"line":61,"column":9}},"type":"if","locations":[{"start":{"line":49,"column":8},"end":{"line":61,"column":9}},{"start":{"line":59,"column":13},"end":{"line":61,"column":9}}],"line":49},"4":{"loc":{"start":{"line":53,"column":12},"end":{"line":58,"column":13}},"type":"if","locations":[{"start":{"line":53,"column":12},"end":{"line":58,"column":13}},{"start":{"line":55,"column":17},"end":{"line":58,"column":13}}],"line":53}},"s":{"0":6,"1":6,"2":6,"3":0,"4":0,"5":0,"6":0,"7":0,"8":0,"9":0,"10":0,"11":0,"12":0,"13":0,"14":0,"15":0,"16":0,"17":0,"18":0,"19":0,"20":0,"21":0,"22":0,"23":0,"24":0,"25":0,"26":0,"27":0,"28":0,"29":0,"30":0,"31":0,"32":0,"33":0,"34":0,"35":0,"36":0,"37":0,"38":0,"39":0,"40":0,"41":0,"42":0,"43":0,"44":0,"45":0,"46":0,"47":0,"48":0,"49":0,"50":0,"51":0,"52":0,"53":0,"54":0,"55":0,"56":0,"57":0,"58":0,"59":0,"60":0,"61":0,"62":0,"63":0,"64":0,"65":0,"66":0,"67":0,"68":0,"69":0,"70":0,"71":0,"72":0,"73":0,"74":0,"75":6},"f":{"0":0,"1":0,"2":0,"3":0,"4":0,"5":0,"6":0,"7":0,"8":0,"9":0},"b":{"0":[0,0],"1":[0,0],"2":[0,0],"3":[0,0],"4":[0,0]},"_coverageSchema":"1a1c01bbd47fc00a2c39e90264f33305004495a9","hash":"02d4899fba23a4637331f0e99b53f01182d93258"}
,"C:\\Users\\justi\\OneDrive\\Desktop\\Lafosse\\RevisionApp\\RevisionApp\\server\\controllers\\studentController.js": {"path":"C:\\Users\\justi\\OneDrive\\Desktop\\Lafosse\\RevisionApp\\RevisionApp\\server\\controllers\\studentController.js","statementMap":{"0":{"start":{"line":1,"column":15},"end":{"line":1,"column":32}},"1":{"start":{"line":3,"column":20},"end":{"line":3,"column":48}},"2":{"start":{"line":4,"column":14},"end":{"line":4,"column":40}},"3":{"start":{"line":7,"column":4},"end":{"line":21,"column":5}},"4":{"start":{"line":8,"column":21},"end":{"line":8,"column":29}},"5":{"start":{"line":10,"column":21},"end":{"line":10,"column":83}},"6":{"start":{"line":12,"column":8},"end":{"line":12,"column":63}},"7":{"start":{"line":13,"column":23},"end":{"line":13,"column":53}},"8":{"start":{"line":15,"column":22},"end":{"line":15,"column":56}},"9":{"start":{"line":16,"column":8},"end":{"line":16,"column":72}},"10":{"start":{"line":19,"column":8},"end":{"line":19,"column":27}},"11":{"start":{"line":20,"column":8},"end":{"line":20,"column":53}},"12":{"start":{"line":25,"column":4},"end":{"line":42,"column":5}},"13":{"start":{"line":26,"column":21},"end":{"line":26,"column":29}},"14":{"start":{"line":28,"column":24},"end":{"line":28,"column":72}},"15":{"start":{"line":30,"column":30},"end":{"line":30,"column":83}},"16":{"start":{"line":32,"column":8},"end":{"line":34,"column":9}},"17":{"start":{"line":33,"column":12},"end":{"line":33,"column":48}},"18":{"start":{"line":36,"column":22},"end":{"line":36,"column":57}},"19":{"start":{"line":37,"column":8},"end":{"line":37,"column":72}},"20":{"start":{"line":40,"column":8},"end":{"line":40,"column":27}},"21":{"start":{"line":41,"column":8},"end":{"line":41,"column":53}},"22":{"start":{"line":46,"column":18},"end":{"line":46,"column":46}},"23":{"start":{"line":47,"column":4},"end":{"line":53,"column":5}},"24":{"start":{"line":48,"column":24},"end":{"line":48,"column":62}},"25":{"start":{"line":49,"column":8},"end":{"line":49,"column":89}},"26":{"start":{"line":51,"column":8},"end":{"line":51,"column":27}},"27":{"start":{"line":52,"column":8},"end":{"line":52,"column":53}},"28":{"start":{"line":57,"column":18},"end":{"line":57,"column":46}},"29":{"start":{"line":58,"column":4},"end":{"line":66,"column":5}},"30":{"start":{"line":59,"column":24},"end":{"line":59,"column":62}},"31":{"start":{"line":60,"column":28},"end":{"line":60,"column":35}},"32":{"start":{"line":61,"column":8},"end":{"line":61,"column":46}},"33":{"start":{"line":62,"column":8},"end":{"line":62,"column":51}},"34":{"start":{"line":64,"column":8},"end":{"line":64,"column":27}},"35":{"start":{"line":65,"column":8},"end":{"line":65,"column":53}},"36":{"start":{"line":70,"column":4},"end":{"line":76,"column":5}},"37":{"start":{"line":71,"column":24},"end":{"line":71,"column":50}},"38":{"start":{"line":72,"column":8},"end":{"line":72,"column":38}},"39":{"start":{"line":74,"column":8},"end":{"line":74,"column":27}},"40":{"start":{"line":75,"column":8},"end":{"line":75,"column":53}},"41":{"start":{"line":80,"column":4},"end":{"line":89,"column":5}},"42":{"start":{"line":81,"column":19},"end":{"line":81,"column":47}},"43":{"start":{"line":82,"column":24},"end":{"line":82,"column":58}},"44":{"start":{"line":83,"column":25},"end":{"line":83,"column":57}},"45":{"start":{"line":84,"column":8},"end":{"line":84,"column":35}},"46":{"start":{"line":85,"column":8},"end":{"line":85,"column":38}},"47":{"start":{"line":87,"column":8},"end":{"line":87,"column":27}},"48":{"start":{"line":88,"column":8},"end":{"line":88,"column":53}},"49":{"start":{"line":93,"column":4},"end":{"line":100,"column":5}},"50":{"start":{"line":94,"column":21},"end":{"line":94,"column":29}},"51":{"start":{"line":95,"column":24},"end":{"line":95,"column":54}},"52":{"start":{"line":96,"column":8},"end":{"line":96,"column":38}},"53":{"start":{"line":98,"column":8},"end":{"line":98,"column":27}},"54":{"start":{"line":99,"column":8},"end":{"line":99,"column":53}},"55":{"start":{"line":104,"column":4},"end":{"line":120,"column":5}},"56":{"start":{"line":105,"column":17},"end":{"line":105,"column":45}},"57":{"start":{"line":106,"column":32},"end":{"line":106,"column":66}},"58":{"start":{"line":108,"column":29},"end":{"line":111,"column":9}},"59":{"start":{"line":112,"column":24},"end":{"line":112,"column":53}},"60":{"start":{"line":113,"column":31},"end":{"line":113,"column":53}},"61":{"start":{"line":115,"column":8},"end":{"line":115,"column":45}},"62":{"start":{"line":118,"column":8},"end":{"line":118,"column":27}},"63":{"start":{"line":119,"column":8},"end":{"line":119,"column":53}},"64":{"start":{"line":124,"column":4},"end":{"line":146,"column":5}},"65":{"start":{"line":125,"column":17},"end":{"line":125,"column":45}},"66":{"start":{"line":128,"column":8},"end":{"line":130,"column":9}},"67":{"start":{"line":129,"column":12},"end":{"line":129,"column":82}},"68":{"start":{"line":133,"column":24},"end":{"line":133,"column":56}},"69":{"start":{"line":136,"column":8},"end":{"line":136,"column":83}},"70":{"start":{"line":139,"column":8},"end":{"line":139,"column":32}},"71":{"start":{"line":142,"column":8},"end":{"line":142,"column":61}},"72":{"start":{"line":144,"column":8},"end":{"line":144,"column":27}},"73":{"start":{"line":145,"column":8},"end":{"line":145,"column":55}},"74":{"start":{"line":153,"column":0},"end":{"line":153,"column":90}}},"fnMap":{"0":{"name":"register","decl":{"start":{"line":6,"column":15},"end":{"line":6,"column":23}},"loc":{"start":{"line":6,"column":33},"end":{"line":22,"column":1}},"line":6},"1":{"name":"login","decl":{"start":{"line":24,"column":15},"end":{"line":24,"column":20}},"loc":{"start":{"line":24,"column":30},"end":{"line":43,"column":1}},"line":24},"2":{"name":"profile","decl":{"start":{"line":45,"column":15},"end":{"line":45,"column":22}},"loc":{"start":{"line":45,"column":32},"end":{"line":54,"column":1}},"line":45},"3":{"name":"poke","decl":{"start":{"line":56,"column":15},"end":{"line":56,"column":19}},"loc":{"start":{"line":56,"column":30},"end":{"line":67,"column":1}},"line":56},"4":{"name":"index","decl":{"start":{"line":69,"column":15},"end":{"line":69,"column":20}},"loc":{"start":{"line":69,"column":31},"end":{"line":77,"column":1}},"line":69},"5":{"name":"show","decl":{"start":{"line":79,"column":15},"end":{"line":79,"column":19}},"loc":{"start":{"line":79,"column":30},"end":{"line":90,"column":1}},"line":79},"6":{"name":"create","decl":{"start":{"line":92,"column":15},"end":{"line":92,"column":21}},"loc":{"start":{"line":92,"column":32},"end":{"line":101,"column":1}},"line":92},"7":{"name":"update","decl":{"start":{"line":103,"column":15},"end":{"line":103,"column":21}},"loc":{"start":{"line":103,"column":32},"end":{"line":121,"column":1}},"line":103},"8":{"name":"destroy","decl":{"start":{"line":123,"column":15},"end":{"line":123,"column":22}},"loc":{"start":{"line":123,"column":33},"end":{"line":147,"column":1}},"line":123}},"branchMap":{"0":{"loc":{"start":{"line":32,"column":8},"end":{"line":34,"column":9}},"type":"if","locations":[{"start":{"line":32,"column":8},"end":{"line":34,"column":9}},{"start":{},"end":{}}],"line":32},"1":{"loc":{"start":{"line":128,"column":8},"end":{"line":130,"column":9}},"type":"if","locations":[{"start":{"line":128,"column":8},"end":{"line":130,"column":9}},{"start":{},"end":{}}],"line":128}},"s":{"0":6,"1":6,"2":6,"3":0,"4":0,"5":0,"6":0,"7":0,"8":0,"9":0,"10":0,"11":0,"12":1,"13":1,"14":1,"15":0,"16":0,"17":0,"18":0,"19":0,"20":1,"21":1,"22":1,"23":1,"24":1,"25":0,"26":1,"27":1,"28":0,"29":0,"30":0,"31":0,"32":0,"33":0,"34":0,"35":0,"36":1,"37":1,"38":1,"39":0,"40":0,"41":1,"42":1,"43":1,"44":1,"45":0,"46":0,"47":1,"48":1,"49":0,"50":0,"51":0,"52":0,"53":0,"54":0,"55":1,"56":1,"57":1,"58":1,"59":1,"60":1,"61":0,"62":1,"63":1,"64":1,"65":1,"66":1,"67":0,"68":1,"69":1,"70":1,"71":1,"72":0,"73":0,"74":6},"f":{"0":0,"1":1,"2":1,"3":0,"4":1,"5":1,"6":0,"7":1,"8":1},"b":{"0":[0,0],"1":[0,1]},"_coverageSchema":"1a1c01bbd47fc00a2c39e90264f33305004495a9","hash":"f462ce8ff9561deba37f27c21eeaedab5355ef5d"}
,"C:\\Users\\justi\\OneDrive\\Desktop\\Lafosse\\RevisionApp\\RevisionApp\\server\\controllers\\studentsController.js": {"path":"C:\\Users\\justi\\OneDrive\\Desktop\\Lafosse\\RevisionApp\\RevisionApp\\server\\controllers\\studentsController.js","statementMap":{"0":{"start":{"line":1,"column":17},"end":{"line":1,"column":46}},"1":{"start":{"line":4,"column":1},"end":{"line":10,"column":2}},"2":{"start":{"line":5,"column":19},"end":{"line":5,"column":42}},"3":{"start":{"line":6,"column":2},"end":{"line":6,"column":33}},"4":{"start":{"line":8,"column":2},"end":{"line":8,"column":21}},"5":{"start":{"line":9,"column":2},"end":{"line":9,"column":49}},"6":{"start":{"line":14,"column":1},"end":{"line":21,"column":2}},"7":{"start":{"line":15,"column":13},"end":{"line":15,"column":44}},"8":{"start":{"line":16,"column":18},"end":{"line":16,"column":45}},"9":{"start":{"line":17,"column":2},"end":{"line":17,"column":32}},"10":{"start":{"line":19,"column":2},"end":{"line":19,"column":21}},"11":{"start":{"line":20,"column":2},"end":{"line":20,"column":49}},"12":{"start":{"line":25,"column":1},"end":{"line":32,"column":2}},"13":{"start":{"line":26,"column":15},"end":{"line":26,"column":23}},"14":{"start":{"line":27,"column":21},"end":{"line":27,"column":48}},"15":{"start":{"line":28,"column":2},"end":{"line":28,"column":35}},"16":{"start":{"line":30,"column":2},"end":{"line":30,"column":21}},"17":{"start":{"line":31,"column":2},"end":{"line":31,"column":49}},"18":{"start":{"line":36,"column":1},"end":{"line":51,"column":2}},"19":{"start":{"line":37,"column":11},"end":{"line":37,"column":42}},"20":{"start":{"line":38,"column":26},"end":{"line":38,"column":53}},"21":{"start":{"line":40,"column":23},"end":{"line":43,"column":3}},"22":{"start":{"line":44,"column":18},"end":{"line":44,"column":50}},"23":{"start":{"line":45,"column":25},"end":{"line":45,"column":47}},"24":{"start":{"line":47,"column":2},"end":{"line":47,"column":39}},"25":{"start":{"line":49,"column":2},"end":{"line":49,"column":21}},"26":{"start":{"line":50,"column":2},"end":{"line":50,"column":49}},"27":{"start":{"line":55,"column":1},"end":{"line":63,"column":2}},"28":{"start":{"line":56,"column":11},"end":{"line":56,"column":42}},"29":{"start":{"line":57,"column":18},"end":{"line":57,"column":45}},"30":{"start":{"line":58,"column":2},"end":{"line":58,"column":26}},"31":{"start":{"line":59,"column":2},"end":{"line":59,"column":55}},"32":{"start":{"line":61,"column":2},"end":{"line":61,"column":21}},"33":{"start":{"line":62,"column":2},"end":{"line":62,"column":49}},"34":{"start":{"line":66,"column":0},"end":{"line":66,"column":58}}},"fnMap":{"0":{"name":"index","decl":{"start":{"line":3,"column":15},"end":{"line":3,"column":20}},"loc":{"start":{"line":3,"column":31},"end":{"line":11,"column":1}},"line":3},"1":{"name":"show","decl":{"start":{"line":13,"column":15},"end":{"line":13,"column":19}},"loc":{"start":{"line":13,"column":30},"end":{"line":22,"column":1}},"line":13},"2":{"name":"create","decl":{"start":{"line":24,"column":15},"end":{"line":24,"column":21}},"loc":{"start":{"line":24,"column":32},"end":{"line":33,"column":1}},"line":24},"3":{"name":"update","decl":{"start":{"line":35,"column":15},"end":{"line":35,"column":21}},"loc":{"start":{"line":35,"column":32},"end":{"line":52,"column":1}},"line":35},"4":{"name":"destroy","decl":{"start":{"line":54,"column":15},"end":{"line":54,"column":22}},"loc":{"start":{"line":54,"column":33},"end":{"line":64,"column":1}},"line":54}},"branchMap":{},"s":{"0":6,"1":0,"2":0,"3":0,"4":0,"5":0,"6":0,"7":0,"8":0,"9":0,"10":0,"11":0,"12":0,"13":0,"14":0,"15":0,"16":0,"17":0,"18":0,"19":0,"20":0,"21":0,"22":0,"23":0,"24":0,"25":0,"26":0,"27":0,"28":0,"29":0,"30":0,"31":0,"32":0,"33":0,"34":6},"f":{"0":0,"1":0,"2":0,"3":0,"4":0},"b":{},"_coverageSchema":"1a1c01bbd47fc00a2c39e90264f33305004495a9","hash":"25ba93dfb6fdd33c63d6b49e86235ba268f63ca9"}
,"C:\\Users\\justi\\OneDrive\\Desktop\\Lafosse\\RevisionApp\\RevisionApp\\server\\controllers\\studySessionController.js": {"path":"C:\\Users\\justi\\OneDrive\\Desktop\\Lafosse\\RevisionApp\\RevisionApp\\server\\controllers\\studySessionController.js","statementMap":{"0":{"start":{"line":1,"column":21},"end":{"line":1,"column":54}},"1":{"start":{"line":4,"column":1},"end":{"line":10,"column":2}},"2":{"start":{"line":5,"column":24},"end":{"line":5,"column":51}},"3":{"start":{"line":6,"column":2},"end":{"line":6,"column":38}},"4":{"start":{"line":8,"column":2},"end":{"line":8,"column":21}},"5":{"start":{"line":9,"column":2},"end":{"line":9,"column":49}},"6":{"start":{"line":14,"column":1},"end":{"line":21,"column":2}},"7":{"start":{"line":15,"column":13},"end":{"line":15,"column":44}},"8":{"start":{"line":16,"column":23},"end":{"line":16,"column":54}},"9":{"start":{"line":17,"column":2},"end":{"line":17,"column":37}},"10":{"start":{"line":19,"column":2},"end":{"line":19,"column":21}},"11":{"start":{"line":20,"column":2},"end":{"line":20,"column":49}},"12":{"start":{"line":25,"column":1},"end":{"line":32,"column":2}},"13":{"start":{"line":26,"column":15},"end":{"line":26,"column":23}},"14":{"start":{"line":27,"column":26},"end":{"line":27,"column":57}},"15":{"start":{"line":28,"column":2},"end":{"line":28,"column":40}},"16":{"start":{"line":30,"column":2},"end":{"line":30,"column":21}},"17":{"start":{"line":31,"column":2},"end":{"line":31,"column":49}},"18":{"start":{"line":36,"column":1},"end":{"line":52,"column":2}},"19":{"start":{"line":37,"column":11},"end":{"line":37,"column":42}},"20":{"start":{"line":38,"column":31},"end":{"line":38,"column":62}},"21":{"start":{"line":40,"column":23},"end":{"line":43,"column":3}},"22":{"start":{"line":45,"column":23},"end":{"line":45,"column":59}},"23":{"start":{"line":46,"column":30},"end":{"line":46,"column":57}},"24":{"start":{"line":48,"column":2},"end":{"line":48,"column":44}},"25":{"start":{"line":50,"column":2},"end":{"line":50,"column":21}},"26":{"start":{"line":51,"column":2},"end":{"line":51,"column":49}},"27":{"start":{"line":56,"column":1},"end":{"line":64,"column":2}},"28":{"start":{"line":57,"column":11},"end":{"line":57,"column":42}},"29":{"start":{"line":58,"column":23},"end":{"line":58,"column":54}},"30":{"start":{"line":59,"column":2},"end":{"line":59,"column":31}},"31":{"start":{"line":60,"column":2},"end":{"line":60,"column":61}},"32":{"start":{"line":62,"column":2},"end":{"line":62,"column":21}},"33":{"start":{"line":63,"column":2},"end":{"line":63,"column":49}},"34":{"start":{"line":67,"column":0},"end":{"line":67,"column":58}}},"fnMap":{"0":{"name":"index","decl":{"start":{"line":3,"column":15},"end":{"line":3,"column":20}},"loc":{"start":{"line":3,"column":31},"end":{"line":11,"column":1}},"line":3},"1":{"name":"show","decl":{"start":{"line":13,"column":15},"end":{"line":13,"column":19}},"loc":{"start":{"line":13,"column":30},"end":{"line":22,"column":1}},"line":13},"2":{"name":"create","decl":{"start":{"line":24,"column":15},"end":{"line":24,"column":21}},"loc":{"start":{"line":24,"column":32},"end":{"line":33,"column":1}},"line":24},"3":{"name":"update","decl":{"start":{"line":35,"column":15},"end":{"line":35,"column":21}},"loc":{"start":{"line":35,"column":32},"end":{"line":53,"column":1}},"line":35},"4":{"name":"destroy","decl":{"start":{"line":55,"column":15},"end":{"line":55,"column":22}},"loc":{"start":{"line":55,"column":33},"end":{"line":65,"column":1}},"line":55}},"branchMap":{},"s":{"0":6,"1":1,"2":1,"3":1,"4":0,"5":0,"6":0,"7":0,"8":0,"9":0,"10":0,"11":0,"12":1,"13":1,"14":1,"15":0,"16":1,"17":1,"18":0,"19":0,"20":0,"21":0,"22":0,"23":0,"24":0,"25":0,"26":0,"27":0,"28":0,"29":0,"30":0,"31":0,"32":0,"33":0,"34":6},"f":{"0":1,"1":0,"2":1,"3":0,"4":0},"b":{},"_coverageSchema":"1a1c01bbd47fc00a2c39e90264f33305004495a9","hash":"90722ee7d8bf338fb4ad0ba72999236c78b5cd0b"}
,"C:\\Users\\justi\\OneDrive\\Desktop\\Lafosse\\RevisionApp\\RevisionApp\\server\\controllers\\tasksController.js": {"path":"C:\\Users\\justi\\OneDrive\\Desktop\\Lafosse\\RevisionApp\\RevisionApp\\server\\controllers\\tasksController.js","statementMap":{"0":{"start":{"line":1,"column":13},"end":{"line":1,"column":39}},"1":{"start":{"line":4,"column":4},"end":{"line":10,"column":5}},"2":{"start":{"line":5,"column":22},"end":{"line":5,"column":41}},"3":{"start":{"line":6,"column":8},"end":{"line":6,"column":36}},"4":{"start":{"line":8,"column":8},"end":{"line":8,"column":27}},"5":{"start":{"line":9,"column":8},"end":{"line":9,"column":53}},"6":{"start":{"line":14,"column":4},"end":{"line":21,"column":5}},"7":{"start":{"line":15,"column":19},"end":{"line":15,"column":47}},"8":{"start":{"line":16,"column":21},"end":{"line":16,"column":43}},"9":{"start":{"line":17,"column":8},"end":{"line":17,"column":35}},"10":{"start":{"line":19,"column":8},"end":{"line":19,"column":27}},"11":{"start":{"line":20,"column":8},"end":{"line":20,"column":53}},"12":{"start":{"line":25,"column":4},"end":{"line":32,"column":5}},"13":{"start":{"line":26,"column":21},"end":{"line":26,"column":29}},"14":{"start":{"line":27,"column":24},"end":{"line":27,"column":47}},"15":{"start":{"line":28,"column":8},"end":{"line":28,"column":38}},"16":{"start":{"line":30,"column":8},"end":{"line":30,"column":27}},"17":{"start":{"line":31,"column":8},"end":{"line":31,"column":55}},"18":{"start":{"line":36,"column":4},"end":{"line":51,"column":5}},"19":{"start":{"line":37,"column":17},"end":{"line":37,"column":45}},"20":{"start":{"line":38,"column":29},"end":{"line":38,"column":51}},"21":{"start":{"line":40,"column":29},"end":{"line":43,"column":9}},"22":{"start":{"line":44,"column":21},"end":{"line":44,"column":49}},"23":{"start":{"line":45,"column":28},"end":{"line":45,"column":47}},"24":{"start":{"line":47,"column":8},"end":{"line":47,"column":42}},"25":{"start":{"line":49,"column":8},"end":{"line":49,"column":27}},"26":{"start":{"line":50,"column":8},"end":{"line":50,"column":53}},"27":{"start":{"line":55,"column":4},"end":{"line":63,"column":5}},"28":{"start":{"line":56,"column":17},"end":{"line":56,"column":45}},"29":{"start":{"line":57,"column":21},"end":{"line":57,"column":43}},"30":{"start":{"line":58,"column":8},"end":{"line":58,"column":29}},"31":{"start":{"line":59,"column":8},"end":{"line":59,"column":56}},"32":{"start":{"line":61,"column":8},"end":{"line":61,"column":27}},"33":{"start":{"line":62,"column":8},"end":{"line":62,"column":53}},"34":{"start":{"line":66,"column":0},"end":{"line":66,"column":58}}},"fnMap":{"0":{"name":"index","decl":{"start":{"line":3,"column":15},"end":{"line":3,"column":20}},"loc":{"start":{"line":3,"column":31},"end":{"line":11,"column":1}},"line":3},"1":{"name":"show","decl":{"start":{"line":13,"column":15},"end":{"line":13,"column":19}},"loc":{"start":{"line":13,"column":30},"end":{"line":22,"column":1}},"line":13},"2":{"name":"create","decl":{"start":{"line":24,"column":15},"end":{"line":24,"column":21}},"loc":{"start":{"line":24,"column":32},"end":{"line":33,"column":1}},"line":24},"3":{"name":"update","decl":{"start":{"line":35,"column":15},"end":{"line":35,"column":21}},"loc":{"start":{"line":35,"column":32},"end":{"line":52,"column":1}},"line":35},"4":{"name":"destroy","decl":{"start":{"line":54,"column":15},"end":{"line":54,"column":22}},"loc":{"start":{"line":54,"column":33},"end":{"line":64,"column":1}},"line":54}},"branchMap":{},"s":{"0":6,"1":1,"2":1,"3":1,"4":0,"5":0,"6":1,"7":1,"8":1,"9":1,"10":0,"11":0,"12":1,"13":1,"14":1,"15":1,"16":0,"17":0,"18":1,"19":1,"20":1,"21":1,"22":1,"23":1,"24":1,"25":0,"26":0,"27":1,"28":1,"29":1,"30":1,"31":1,"32":0,"33":0,"34":6},"f":{"0":1,"1":1,"2":1,"3":1,"4":1},"b":{},"_coverageSchema":"1a1c01bbd47fc00a2c39e90264f33305004495a9","hash":"e156059d9170f65adaabbec4eaa917c9476ea849"}
,"C:\\Users\\justi\\OneDrive\\Desktop\\Lafosse\\RevisionApp\\RevisionApp\\server\\database\\connect.js": {"path":"C:\\Users\\justi\\OneDrive\\Desktop\\Lafosse\\RevisionApp\\RevisionApp\\server\\database\\connect.js","statementMap":{"0":{"start":{"line":1,"column":0},"end":{"line":1,"column":27}},"1":{"start":{"line":3,"column":17},"end":{"line":3,"column":30}},"2":{"start":{"line":5,"column":11},"end":{"line":11,"column":2}},"3":{"start":{"line":13,"column":0},"end":{"line":13,"column":42}},"4":{"start":{"line":15,"column":0},"end":{"line":15,"column":20}}},"fnMap":{},"branchMap":{},"s":{"0":7,"1":7,"2":7,"3":7,"4":7},"f":{},"b":{},"_coverageSchema":"1a1c01bbd47fc00a2c39e90264f33305004495a9","hash":"1f18d4d4c4f4e4c94b59c27dc55a50475e8481a3"}
,"C:\\Users\\justi\\OneDrive\\Desktop\\Lafosse\\RevisionApp\\RevisionApp\\server\\middleware\\logger.js": {"path":"C:\\Users\\justi\\OneDrive\\Desktop\\Lafosse\\RevisionApp\\RevisionApp\\server\\middleware\\logger.js","statementMap":{"0":{"start":{"line":2,"column":4},"end":{"line":2,"column":45}},"1":{"start":{"line":3,"column":4},"end":{"line":3,"column":11}},"2":{"start":{"line":6,"column":0},"end":{"line":6,"column":27}}},"fnMap":{"0":{"name":"logRoutes","decl":{"start":{"line":1,"column":9},"end":{"line":1,"column":18}},"loc":{"start":{"line":1,"column":35},"end":{"line":4,"column":1}},"line":1}},"branchMap":{},"s":{"0":29,"1":29,"2":6},"f":{"0":29},"b":{},"_coverageSchema":"1a1c01bbd47fc00a2c39e90264f33305004495a9","hash":"9b7141debbfa9d84eed9fbe9b1f94baff4a6f9b0"}
,"C:\\Users\\justi\\OneDrive\\Desktop\\Lafosse\\RevisionApp\\RevisionApp\\server\\models\\Admin.js": {"path":"C:\\Users\\justi\\OneDrive\\Desktop\\Lafosse\\RevisionApp\\RevisionApp\\server\\models\\Admin.js","statementMap":{"0":{"start":{"line":1,"column":11},"end":{"line":1,"column":41}},"1":{"start":{"line":5,"column":8},"end":{"line":5,"column":38}},"2":{"start":{"line":6,"column":8},"end":{"line":6,"column":38}},"3":{"start":{"line":7,"column":8},"end":{"line":7,"column":38}},"4":{"start":{"line":11,"column":25},"end":{"line":11,"column":88}},"5":{"start":{"line":12,"column":8},"end":{"line":14,"column":9}},"6":{"start":{"line":13,"column":12},"end":{"line":13,"column":47}},"7":{"start":{"line":15,"column":8},"end":{"line":15,"column":42}},"8":{"start":{"line":19,"column":25},"end":{"line":19,"column":94}},"9":{"start":{"line":20,"column":8},"end":{"line":22,"column":9}},"10":{"start":{"line":21,"column":12},"end":{"line":21,"column":47}},"11":{"start":{"line":23,"column":8},"end":{"line":23,"column":42}},"12":{"start":{"line":27,"column":25},"end":{"line":27,"column":95}},"13":{"start":{"line":28,"column":8},"end":{"line":30,"column":9}},"14":{"start":{"line":29,"column":12},"end":{"line":29,"column":47}},"15":{"start":{"line":31,"column":22},"end":{"line":31,"column":71}},"16":{"start":{"line":32,"column":8},"end":{"line":32,"column":21}},"17":{"start":{"line":36,"column":25},"end":{"line":36,"column":62}},"18":{"start":{"line":37,"column":8},"end":{"line":37,"column":56}},"19":{"start":{"line":37,"column":40},"end":{"line":37,"column":54}},"20":{"start":{"line":42,"column":39},"end":{"line":42,"column":43}},"21":{"start":{"line":43,"column":25},"end":{"line":43,"column":131}},"22":{"start":{"line":44,"column":22},"end":{"line":44,"column":47}},"23":{"start":{"line":45,"column":8},"end":{"line":45,"column":39}},"24":{"start":{"line":49,"column":25},"end":{"line":49,"column":167}},"25":{"start":{"line":50,"column":8},"end":{"line":50,"column":43}},"26":{"start":{"line":54,"column":8},"end":{"line":54,"column":81}},"27":{"start":{"line":59,"column":0},"end":{"line":59,"column":23}}},"fnMap":{"0":{"name":"(anonymous_0)","decl":{"start":{"line":4,"column":4},"end":{"line":4,"column":5}},"loc":{"start":{"line":4,"column":22},"end":{"line":8,"column":5}},"line":4},"1":{"name":"(anonymous_1)","decl":{"start":{"line":10,"column":4},"end":{"line":10,"column":5}},"loc":{"start":{"line":10,"column":31},"end":{"line":16,"column":5}},"line":10},"2":{"name":"(anonymous_2)","decl":{"start":{"line":18,"column":4},"end":{"line":18,"column":5}},"loc":{"start":{"line":18,"column":43},"end":{"line":24,"column":5}},"line":18},"3":{"name":"(anonymous_3)","decl":{"start":{"line":26,"column":4},"end":{"line":26,"column":5}},"loc":{"start":{"line":26,"column":38},"end":{"line":33,"column":5}},"line":26},"4":{"name":"(anonymous_4)","decl":{"start":{"line":35,"column":4},"end":{"line":35,"column":5}},"loc":{"start":{"line":35,"column":26},"end":{"line":38,"column":5}},"line":35},"5":{"name":"(anonymous_5)","decl":{"start":{"line":37,"column":33},"end":{"line":37,"column":34}},"loc":{"start":{"line":37,"column":40},"end":{"line":37,"column":54}},"line":37},"6":{"name":"(anonymous_6)","decl":{"start":{"line":41,"column":4},"end":{"line":41,"column":5}},"loc":{"start":{"line":41,"column":30},"end":{"line":46,"column":5}},"line":41},"7":{"name":"(anonymous_7)","decl":{"start":{"line":48,"column":4},"end":{"line":48,"column":5}},"loc":{"start":{"line":48,"column":19},"end":{"line":51,"column":5}},"line":48},"8":{"name":"(anonymous_8)","decl":{"start":{"line":53,"column":4},"end":{"line":53,"column":5}},"loc":{"start":{"line":53,"column":20},"end":{"line":55,"column":5}},"line":53}},"branchMap":{"0":{"loc":{"start":{"line":12,"column":8},"end":{"line":14,"column":9}},"type":"if","locations":[{"start":{"line":12,"column":8},"end":{"line":14,"column":9}},{"start":{},"end":{}}],"line":12},"1":{"loc":{"start":{"line":20,"column":8},"end":{"line":22,"column":9}},"type":"if","locations":[{"start":{"line":20,"column":8},"end":{"line":22,"column":9}},{"start":{},"end":{}}],"line":20},"2":{"loc":{"start":{"line":28,"column":8},"end":{"line":30,"column":9}},"type":"if","locations":[{"start":{"line":28,"column":8},"end":{"line":30,"column":9}},{"start":{},"end":{}}],"line":28}},"s":{"0":6,"1":24,"2":24,"3":24,"4":9,"5":9,"6":0,"7":9,"8":1,"9":1,"10":0,"11":1,"12":1,"13":1,"14":1,"15":0,"16":0,"17":1,"18":1,"19":11,"20":7,"21":7,"22":7,"23":7,"24":1,"25":1,"26":1,"27":6},"f":{"0":24,"1":9,"2":1,"3":1,"4":1,"5":11,"6":7,"7":1,"8":1},"b":{"0":[0,9],"1":[0,1],"2":[1,0]},"_coverageSchema":"1a1c01bbd47fc00a2c39e90264f33305004495a9","hash":"830300b51270e03b8df85dee3ed3293d68ccec91"}
,"C:\\Users\\justi\\OneDrive\\Desktop\\Lafosse\\RevisionApp\\RevisionApp\\server\\models\\Class.js": {"path":"C:\\Users\\justi\\OneDrive\\Desktop\\Lafosse\\RevisionApp\\RevisionApp\\server\\models\\Class.js","statementMap":{"0":{"start":{"line":1,"column":11},"end":{"line":1,"column":41}},"1":{"start":{"line":5,"column":8},"end":{"line":5,"column":38}},"2":{"start":{"line":6,"column":8},"end":{"line":6,"column":38}},"3":{"start":{"line":7,"column":8},"end":{"line":7,"column":40}},"4":{"start":{"line":11,"column":25},"end":{"line":11,"column":88}},"5":{"start":{"line":12,"column":8},"end":{"line":14,"column":9}},"6":{"start":{"line":13,"column":12},"end":{"line":13,"column":47}},"7":{"start":{"line":15,"column":8},"end":{"line":15,"column":43}},"8":{"start":{"line":19,"column":25},"end":{"line":19,"column":103}},"9":{"start":{"line":20,"column":8},"end":{"line":22,"column":9}},"10":{"start":{"line":21,"column":12},"end":{"line":21,"column":47}},"11":{"start":{"line":23,"column":8},"end":{"line":23,"column":43}},"12":{"start":{"line":27,"column":25},"end":{"line":27,"column":62}},"13":{"start":{"line":28,"column":8},"end":{"line":28,"column":56}},"14":{"start":{"line":28,"column":40},"end":{"line":28,"column":54}},"15":{"start":{"line":32,"column":40},"end":{"line":32,"column":44}},"16":{"start":{"line":33,"column":25},"end":{"line":33,"column":133}},"17":{"start":{"line":34,"column":22},"end":{"line":34,"column":47}},"18":{"start":{"line":35,"column":8},"end":{"line":35,"column":36}},"19":{"start":{"line":39,"column":25},"end":{"line":39,"column":169}},"20":{"start":{"line":40,"column":8},"end":{"line":40,"column":43}},"21":{"start":{"line":44,"column":8},"end":{"line":44,"column":81}},"22":{"start":{"line":48,"column":0},"end":{"line":48,"column":23}}},"fnMap":{"0":{"name":"(anonymous_0)","decl":{"start":{"line":4,"column":4},"end":{"line":4,"column":5}},"loc":{"start":{"line":4,"column":22},"end":{"line":8,"column":5}},"line":4},"1":{"name":"(anonymous_1)","decl":{"start":{"line":10,"column":4},"end":{"line":10,"column":5}},"loc":{"start":{"line":10,"column":29},"end":{"line":16,"column":5}},"line":10},"2":{"name":"(anonymous_2)","decl":{"start":{"line":18,"column":4},"end":{"line":18,"column":5}},"loc":{"start":{"line":18,"column":38},"end":{"line":24,"column":5}},"line":18},"3":{"name":"(anonymous_3)","decl":{"start":{"line":26,"column":4},"end":{"line":26,"column":5}},"loc":{"start":{"line":26,"column":26},"end":{"line":29,"column":5}},"line":26},"4":{"name":"(anonymous_4)","decl":{"start":{"line":28,"column":33},"end":{"line":28,"column":34}},"loc":{"start":{"line":28,"column":40},"end":{"line":28,"column":54}},"line":28},"5":{"name":"(anonymous_5)","decl":{"start":{"line":31,"column":4},"end":{"line":31,"column":5}},"loc":{"start":{"line":31,"column":30},"end":{"line":36,"column":5}},"line":31},"6":{"name":"(anonymous_6)","decl":{"start":{"line":38,"column":4},"end":{"line":38,"column":5}},"loc":{"start":{"line":38,"column":19},"end":{"line":41,"column":5}},"line":38},"7":{"name":"(anonymous_7)","decl":{"start":{"line":43,"column":4},"end":{"line":43,"column":5}},"loc":{"start":{"line":43,"column":20},"end":{"line":45,"column":5}},"line":43}},"branchMap":{"0":{"loc":{"start":{"line":12,"column":8},"end":{"line":14,"column":9}},"type":"if","locations":[{"start":{"line":12,"column":8},"end":{"line":14,"column":9}},{"start":{},"end":{}}],"line":12},"1":{"loc":{"start":{"line":20,"column":8},"end":{"line":22,"column":9}},"type":"if","locations":[{"start":{"line":20,"column":8},"end":{"line":22,"column":9}},{"start":{},"end":{}}],"line":20}},"s":{"0":6,"1":22,"2":22,"3":22,"4":8,"5":8,"6":0,"7":8,"8":1,"9":1,"10":0,"11":1,"12":1,"13":1,"14":10,"15":5,"16":5,"17":5,"18":5,"19":1,"20":1,"21":1,"22":6},"f":{"0":22,"1":8,"2":1,"3":1,"4":10,"5":5,"6":1,"7":1},"b":{"0":[0,8],"1":[0,1]},"_coverageSchema":"1a1c01bbd47fc00a2c39e90264f33305004495a9","hash":"de72b7f88e5053edcc73b39c6d3951e88c35958a"}
,"C:\\Users\\justi\\OneDrive\\Desktop\\Lafosse\\RevisionApp\\RevisionApp\\server\\models\\Collection.js": {"path":"C:\\Users\\justi\\OneDrive\\Desktop\\Lafosse\\RevisionApp\\RevisionApp\\server\\models\\Collection.js","statementMap":{"0":{"start":{"line":1,"column":11},"end":{"line":1,"column":41}},"1":{"start":{"line":5,"column":8},"end":{"line":5,"column":43}},"2":{"start":{"line":6,"column":8},"end":{"line":6,"column":37}},"3":{"start":{"line":7,"column":8},"end":{"line":7,"column":31}},"4":{"start":{"line":12,"column":8},"end":{"line":22,"column":9}},"5":{"start":{"line":13,"column":27},"end":{"line":16,"column":13}},"6":{"start":{"line":17,"column":35},"end":{"line":17,"column":49}},"7":{"start":{"line":18,"column":12},"end":{"line":18,"column":50}},"8":{"start":{"line":20,"column":12},"end":{"line":20,"column":69}},"9":{"start":{"line":21,"column":12},"end":{"line":21,"column":24}},"10":{"start":{"line":27,"column":8},"end":{"line":38,"column":9}},"11":{"start":{"line":28,"column":27},"end":{"line":31,"column":13}},"12":{"start":{"line":32,"column":12},"end":{"line":32,"column":54}},"13":{"start":{"line":32,"column":42},"end":{"line":32,"column":54}},"14":{"start":{"line":33,"column":35},"end":{"line":33,"column":49}},"15":{"start":{"line":34,"column":12},"end":{"line":34,"column":50}},"16":{"start":{"line":36,"column":12},"end":{"line":36,"column":74}},"17":{"start":{"line":37,"column":12},"end":{"line":37,"column":24}},"18":{"start":{"line":43,"column":8},"end":{"line":51,"column":9}},"19":{"start":{"line":44,"column":12},"end":{"line":47,"column":14}},"20":{"start":{"line":49,"column":12},"end":{"line":49,"column":69}},"21":{"start":{"line":50,"column":12},"end":{"line":50,"column":24}},"22":{"start":{"line":56,"column":8},"end":{"line":64,"column":9}},"23":{"start":{"line":57,"column":12},"end":{"line":60,"column":14}},"24":{"start":{"line":62,"column":12},"end":{"line":62,"column":69}},"25":{"start":{"line":63,"column":12},"end":{"line":63,"column":24}},"26":{"start":{"line":69,"column":8},"end":{"line":79,"column":9}},"27":{"start":{"line":70,"column":27},"end":{"line":73,"column":13}},"28":{"start":{"line":74,"column":12},"end":{"line":74,"column":54}},"29":{"start":{"line":74,"column":42},"end":{"line":74,"column":54}},"30":{"start":{"line":75,"column":12},"end":{"line":75,"column":31}},"31":{"start":{"line":77,"column":12},"end":{"line":77,"column":72}},"32":{"start":{"line":78,"column":12},"end":{"line":78,"column":24}},"33":{"start":{"line":83,"column":0},"end":{"line":83,"column":28}}},"fnMap":{"0":{"name":"(anonymous_0)","decl":{"start":{"line":4,"column":4},"end":{"line":4,"column":5}},"loc":{"start":{"line":4,"column":54},"end":{"line":8,"column":5}},"line":4},"1":{"name":"(anonymous_1)","decl":{"start":{"line":11,"column":4},"end":{"line":11,"column":5}},"loc":{"start":{"line":11,"column":44},"end":{"line":23,"column":5}},"line":11},"2":{"name":"(anonymous_2)","decl":{"start":{"line":26,"column":4},"end":{"line":26,"column":5}},"loc":{"start":{"line":26,"column":41},"end":{"line":39,"column":5}},"line":26},"3":{"name":"(anonymous_3)","decl":{"start":{"line":42,"column":4},"end":{"line":42,"column":5}},"loc":{"start":{"line":42,"column":19},"end":{"line":52,"column":5}},"line":42},"4":{"name":"(anonymous_4)","decl":{"start":{"line":55,"column":4},"end":{"line":55,"column":5}},"loc":{"start":{"line":55,"column":20},"end":{"line":65,"column":5}},"line":55},"5":{"name":"(anonymous_5)","decl":{"start":{"line":68,"column":4},"end":{"line":68,"column":5}},"loc":{"start":{"line":68,"column":39},"end":{"line":80,"column":5}},"line":68}},"branchMap":{"0":{"loc":{"start":{"line":32,"column":12},"end":{"line":32,"column":54}},"type":"if","locations":[{"start":{"line":32,"column":12},"end":{"line":32,"column":54}},{"start":{},"end":{}}],"line":32},"1":{"loc":{"start":{"line":74,"column":12},"end":{"line":74,"column":54}},"type":"if","locations":[{"start":{"line":74,"column":12},"end":{"line":74,"column":54}},{"start":{},"end":{}}],"line":74}},"s":{"0":6,"1":0,"2":0,"3":0,"4":0,"5":0,"6":0,"7":0,"8":0,"9":0,"10":0,"11":0,"12":0,"13":0,"14":0,"15":0,"16":0,"17":0,"18":0,"19":0,"20":0,"21":0,"22":0,"23":0,"24":0,"25":0,"26":0,"27":0,"28":0,"29":0,"30":0,"31":0,"32":0,"33":6},"f":{"0":0,"1":0,"2":0,"3":0,"4":0,"5":0},"b":{"0":[0,0],"1":[0,0]},"_coverageSchema":"1a1c01bbd47fc00a2c39e90264f33305004495a9","hash":"c48fc71fae7ee452198798dabb10f6f08e4a13e9"}
,"C:\\Users\\justi\\OneDrive\\Desktop\\Lafosse\\RevisionApp\\RevisionApp\\server\\models\\Pokemon.js": {"path":"C:\\Users\\justi\\OneDrive\\Desktop\\Lafosse\\RevisionApp\\RevisionApp\\server\\models\\Pokemon.js","statementMap":{"0":{"start":{"line":1,"column":11},"end":{"line":1,"column":41}},"1":{"start":{"line":7,"column":8},"end":{"line":7,"column":37}},"2":{"start":{"line":8,"column":8},"end":{"line":8,"column":25}},"3":{"start":{"line":9,"column":8},"end":{"line":9,"column":47}},"4":{"start":{"line":10,"column":8},"end":{"line":10,"column":37}},"5":{"start":{"line":11,"column":8},"end":{"line":11,"column":37}},"6":{"start":{"line":12,"column":8},"end":{"line":12,"column":37}},"7":{"start":{"line":13,"column":8},"end":{"line":13,"column":37}},"8":{"start":{"line":50,"column":8},"end":{"line":58,"column":9}},"9":{"start":{"line":51,"column":27},"end":{"line":51,"column":97}},"10":{"start":{"line":52,"column":27},"end":{"line":52,"column":70}},"11":{"start":{"line":53,"column":32},"end":{"line":53,"column":51}},"12":{"start":{"line":54,"column":12},"end":{"line":54,"column":43}},"13":{"start":{"line":56,"column":12},"end":{"line":56,"column":59}},"14":{"start":{"line":57,"column":12},"end":{"line":57,"column":24}},"15":{"start":{"line":62,"column":23},"end":{"line":62,"column":62}},"16":{"start":{"line":63,"column":8},"end":{"line":63,"column":26}},"17":{"start":{"line":66,"column":23},"end":{"line":66,"column":93}},"18":{"start":{"line":67,"column":8},"end":{"line":67,"column":26}},"19":{"start":{"line":71,"column":8},"end":{"line":84,"column":9}},"20":{"start":{"line":72,"column":33},"end":{"line":72,"column":112}},"21":{"start":{"line":73,"column":31},"end":{"line":73,"column":127}},"22":{"start":{"line":75,"column":12},"end":{"line":79,"column":13}},"23":{"start":{"line":76,"column":16},"end":{"line":76,"column":48}},"24":{"start":{"line":78,"column":16},"end":{"line":78,"column":50}},"25":{"start":{"line":80,"column":12},"end":{"line":80,"column":43}},"26":{"start":{"line":82,"column":12},"end":{"line":82,"column":63}},"27":{"start":{"line":83,"column":12},"end":{"line":83,"column":24}},"28":{"start":{"line":88,"column":8},"end":{"line":97,"column":9}},"29":{"start":{"line":89,"column":27},"end":{"line":89,"column":101}},"30":{"start":{"line":90,"column":12},"end":{"line":90,"column":51}},"31":{"start":{"line":90,"column":39},"end":{"line":90,"column":51}},"32":{"start":{"line":91,"column":32},"end":{"line":91,"column":46}},"33":{"start":{"line":92,"column":12},"end":{"line":92,"column":36}},"34":{"start":{"line":93,"column":12},"end":{"line":93,"column":44}},"35":{"start":{"line":95,"column":12},"end":{"line":95,"column":65}},"36":{"start":{"line":96,"column":12},"end":{"line":96,"column":24}},"37":{"start":{"line":101,"column":8},"end":{"line":103,"column":9}},"38":{"start":{"line":102,"column":12},"end":{"line":102,"column":39}},"39":{"start":{"line":104,"column":8},"end":{"line":106,"column":9}},"40":{"start":{"line":105,"column":12},"end":{"line":105,"column":38}},"41":{"start":{"line":110,"column":8},"end":{"line":124,"column":9}},"42":{"start":{"line":111,"column":35},"end":{"line":111,"column":74}},"43":{"start":{"line":120,"column":12},"end":{"line":120,"column":33}},"44":{"start":{"line":122,"column":12},"end":{"line":122,"column":68}},"45":{"start":{"line":123,"column":12},"end":{"line":123,"column":24}},"46":{"start":{"line":128,"column":8},"end":{"line":136,"column":9}},"47":{"start":{"line":129,"column":12},"end":{"line":132,"column":14}},"48":{"start":{"line":134,"column":12},"end":{"line":134,"column":60}},"49":{"start":{"line":135,"column":12},"end":{"line":135,"column":24}},"50":{"start":{"line":140,"column":8},"end":{"line":148,"column":9}},"51":{"start":{"line":141,"column":12},"end":{"line":144,"column":14}},"52":{"start":{"line":146,"column":12},"end":{"line":146,"column":60}},"53":{"start":{"line":147,"column":12},"end":{"line":147,"column":24}},"54":{"start":{"line":152,"column":0},"end":{"line":152,"column":25}}},"fnMap":{"0":{"name":"(anonymous_0)","decl":{"start":{"line":6,"column":4},"end":{"line":6,"column":5}},"loc":{"start":{"line":6,"column":101},"end":{"line":14,"column":5}},"line":6},"1":{"name":"(anonymous_1)","decl":{"start":{"line":49,"column":4},"end":{"line":49,"column":5}},"loc":{"start":{"line":49,"column":30},"end":{"line":59,"column":5}},"line":49},"2":{"name":"(anonymous_2)","decl":{"start":{"line":61,"column":4},"end":{"line":61,"column":5}},"loc":{"start":{"line":61,"column":33},"end":{"line":64,"column":5}},"line":61},"3":{"name":"(anonymous_3)","decl":{"start":{"line":65,"column":4},"end":{"line":65,"column":5}},"loc":{"start":{"line":65,"column":37},"end":{"line":68,"column":5}},"line":65},"4":{"name":"(anonymous_4)","decl":{"start":{"line":70,"column":4},"end":{"line":70,"column":5}},"loc":{"start":{"line":70,"column":28},"end":{"line":85,"column":5}},"line":70},"5":{"name":"(anonymous_5)","decl":{"start":{"line":87,"column":4},"end":{"line":87,"column":5}},"loc":{"start":{"line":87,"column":38},"end":{"line":98,"column":5}},"line":87},"6":{"name":"(anonymous_6)","decl":{"start":{"line":100,"column":4},"end":{"line":100,"column":5}},"loc":{"start":{"line":100,"column":39},"end":{"line":107,"column":5}},"line":100},"7":{"name":"(anonymous_7)","decl":{"start":{"line":109,"column":4},"end":{"line":109,"column":5}},"loc":{"start":{"line":109,"column":19},"end":{"line":125,"column":5}},"line":109},"8":{"name":"(anonymous_8)","decl":{"start":{"line":127,"column":4},"end":{"line":127,"column":5}},"loc":{"start":{"line":127,"column":19},"end":{"line":137,"column":5}},"line":127},"9":{"name":"(anonymous_9)","decl":{"start":{"line":139,"column":4},"end":{"line":139,"column":5}},"loc":{"start":{"line":139,"column":20},"end":{"line":149,"column":5}},"line":139}},"branchMap":{"0":{"loc":{"start":{"line":75,"column":12},"end":{"line":79,"column":13}},"type":"if","locations":[{"start":{"line":75,"column":12},"end":{"line":79,"column":13}},{"start":{"line":77,"column":17},"end":{"line":79,"column":13}}],"line":75},"1":{"loc":{"start":{"line":90,"column":12},"end":{"line":90,"column":51}},"type":"if","locations":[{"start":{"line":90,"column":12},"end":{"line":90,"column":51}},{"start":{},"end":{}}],"line":90},"2":{"loc":{"start":{"line":101,"column":8},"end":{"line":103,"column":9}},"type":"if","locations":[{"start":{"line":101,"column":8},"end":{"line":103,"column":9}},{"start":{},"end":{}}],"line":101},"3":{"loc":{"start":{"line":101,"column":12},"end":{"line":101,"column":59}},"type":"binary-expr","locations":[{"start":{"line":101,"column":12},"end":{"line":101,"column":40}},{"start":{"line":101,"column":44},"end":{"line":101,"column":59}}],"line":101},"4":{"loc":{"start":{"line":104,"column":8},"end":{"line":106,"column":9}},"type":"if","locations":[{"start":{"line":104,"column":8},"end":{"line":106,"column":9}},{"start":{},"end":{}}],"line":104}},"s":{"0":6,"1":0,"2":0,"3":0,"4":0,"5":0,"6":0,"7":0,"8":0,"9":0,"10":0,"11":0,"12":0,"13":0,"14":0,"15":0,"16":0,"17":0,"18":0,"19":0,"20":0,"21":0,"22":0,"23":0,"24":0,"25":0,"26":0,"27":0,"28":0,"29":0,"30":0,"31":0,"32":0,"33":0,"34":0,"35":0,"36":0,"37":0,"38":0,"39":0,"40":0,"41":0,"42":0,"43":0,"44":0,"45":0,"46":0,"47":0,"48":0,"49":0,"50":0,"51":0,"52":0,"53":0,"54":6},"f":{"0":0,"1":0,"2":0,"3":0,"4":0,"5":0,"6":0,"7":0,"8":0,"9":0},"b":{"0":[0,0],"1":[0,0],"2":[0,0],"3":[0,0],"4":[0,0]},"_coverageSchema":"1a1c01bbd47fc00a2c39e90264f33305004495a9","hash":"31b7a08e5398a494f6e9108b7204a80a61cefd1c"}
,"C:\\Users\\justi\\OneDrive\\Desktop\\Lafosse\\RevisionApp\\RevisionApp\\server\\models\\Student.js": {"path":"C:\\Users\\justi\\OneDrive\\Desktop\\Lafosse\\RevisionApp\\RevisionApp\\server\\models\\Student.js","statementMap":{"0":{"start":{"line":1,"column":11},"end":{"line":1,"column":41}},"1":{"start":{"line":5,"column":8},"end":{"line":5,"column":36}},"2":{"start":{"line":6,"column":8},"end":{"line":6,"column":38}},"3":{"start":{"line":7,"column":8},"end":{"line":7,"column":38}},"4":{"start":{"line":8,"column":8},"end":{"line":8,"column":40}},"5":{"start":{"line":9,"column":8},"end":{"line":9,"column":48}},"6":{"start":{"line":13,"column":25},"end":{"line":13,"column":94}},"7":{"start":{"line":14,"column":8},"end":{"line":16,"column":9}},"8":{"start":{"line":15,"column":12},"end":{"line":15,"column":49}},"9":{"start":{"line":17,"column":8},"end":{"line":17,"column":49}},"10":{"start":{"line":21,"column":25},"end":{"line":21,"column":101}},"11":{"start":{"line":22,"column":8},"end":{"line":24,"column":9}},"12":{"start":{"line":23,"column":12},"end":{"line":23,"column":49}},"13":{"start":{"line":25,"column":8},"end":{"line":25,"column":49}},"14":{"start":{"line":31,"column":25},"end":{"line":31,"column":144}},"15":{"start":{"line":32,"column":8},"end":{"line":34,"column":9}},"16":{"start":{"line":33,"column":12},"end":{"line":33,"column":49}},"17":{"start":{"line":35,"column":8},"end":{"line":35,"column":49}},"18":{"start":{"line":47,"column":25},"end":{"line":47,"column":69}},"19":{"start":{"line":48,"column":8},"end":{"line":48,"column":62}},"20":{"start":{"line":48,"column":40},"end":{"line":48,"column":60}},"21":{"start":{"line":52,"column":50},"end":{"line":52,"column":54}},"22":{"start":{"line":53,"column":25},"end":{"line":53,"column":164}},"23":{"start":{"line":54,"column":8},"end":{"line":54,"column":49}},"24":{"start":{"line":58,"column":25},"end":{"line":58,"column":139}},"25":{"start":{"line":59,"column":8},"end":{"line":59,"column":49}},"26":{"start":{"line":63,"column":25},"end":{"line":65,"column":9}},"27":{"start":{"line":66,"column":8},"end":{"line":66,"column":49}},"28":{"start":{"line":70,"column":8},"end":{"line":70,"column":82}},"29":{"start":{"line":76,"column":0},"end":{"line":76,"column":29}}},"fnMap":{"0":{"name":"(anonymous_0)","decl":{"start":{"line":4,"column":4},"end":{"line":4,"column":5}},"loc":{"start":{"line":4,"column":22},"end":{"line":10,"column":5}},"line":4},"1":{"name":"(anonymous_1)","decl":{"start":{"line":12,"column":4},"end":{"line":12,"column":5}},"loc":{"start":{"line":12,"column":33},"end":{"line":18,"column":5}},"line":12},"2":{"name":"(anonymous_2)","decl":{"start":{"line":20,"column":4},"end":{"line":20,"column":5}},"loc":{"start":{"line":20,"column":42},"end":{"line":26,"column":5}},"line":20},"3":{"name":"(anonymous_3)","decl":{"start":{"line":30,"column":4},"end":{"line":30,"column":5}},"loc":{"start":{"line":30,"column":38},"end":{"line":36,"column":5}},"line":30},"4":{"name":"(anonymous_4)","decl":{"start":{"line":46,"column":4},"end":{"line":46,"column":5}},"loc":{"start":{"line":46,"column":26},"end":{"line":49,"column":5}},"line":46},"5":{"name":"(anonymous_5)","decl":{"start":{"line":48,"column":33},"end":{"line":48,"column":34}},"loc":{"start":{"line":48,"column":40},"end":{"line":48,"column":60}},"line":48},"6":{"name":"(anonymous_6)","decl":{"start":{"line":51,"column":4},"end":{"line":51,"column":5}},"loc":{"start":{"line":51,"column":30},"end":{"line":55,"column":5}},"line":51},"7":{"name":"(anonymous_7)","decl":{"start":{"line":57,"column":4},"end":{"line":57,"column":5}},"loc":{"start":{"line":57,"column":49},"end":{"line":60,"column":5}},"line":57},"8":{"name":"(anonymous_8)","decl":{"start":{"line":62,"column":4},"end":{"line":62,"column":5}},"loc":{"start":{"line":62,"column":19},"end":{"line":67,"column":5}},"line":62},"9":{"name":"(anonymous_9)","decl":{"start":{"line":69,"column":4},"end":{"line":69,"column":5}},"loc":{"start":{"line":69,"column":20},"end":{"line":72,"column":5}},"line":69}},"branchMap":{"0":{"loc":{"start":{"line":14,"column":8},"end":{"line":16,"column":9}},"type":"if","locations":[{"start":{"line":14,"column":8},"end":{"line":16,"column":9}},{"start":{},"end":{}}],"line":14},"1":{"loc":{"start":{"line":22,"column":8},"end":{"line":24,"column":9}},"type":"if","locations":[{"start":{"line":22,"column":8},"end":{"line":24,"column":9}},{"start":{},"end":{}}],"line":22},"2":{"loc":{"start":{"line":32,"column":8},"end":{"line":34,"column":9}},"type":"if","locations":[{"start":{"line":32,"column":8},"end":{"line":34,"column":9}},{"start":{},"end":{}}],"line":32}},"s":{"0":6,"1":36,"2":36,"3":36,"4":36,"5":36,"6":2,"7":2,"8":0,"9":2,"10":1,"11":1,"12":1,"13":0,"14":1,"15":1,"16":1,"17":0,"18":1,"19":1,"20":32,"21":1,"22":1,"23":0,"24":0,"25":0,"26":1,"27":0,"28":1,"29":6},"f":{"0":36,"1":2,"2":1,"3":1,"4":1,"5":32,"6":1,"7":0,"8":1,"9":1},"b":{"0":[0,2],"1":[1,0],"2":[1,0]},"_coverageSchema":"1a1c01bbd47fc00a2c39e90264f33305004495a9","hash":"2c4c31c7805d8f5b67de09d65f7a2f2f814662bd"}
,"C:\\Users\\justi\\OneDrive\\Desktop\\Lafosse\\RevisionApp\\RevisionApp\\server\\models\\Students.js": {"path":"C:\\Users\\justi\\OneDrive\\Desktop\\Lafosse\\RevisionApp\\RevisionApp\\server\\models\\Students.js","statementMap":{"0":{"start":{"line":1,"column":11},"end":{"line":1,"column":41}},"1":{"start":{"line":5,"column":8},"end":{"line":5,"column":42}},"2":{"start":{"line":6,"column":8},"end":{"line":6,"column":36}},"3":{"start":{"line":7,"column":8},"end":{"line":7,"column":38}},"4":{"start":{"line":12,"column":25},"end":{"line":12,"column":65}},"5":{"start":{"line":13,"column":8},"end":{"line":13,"column":59}},"6":{"start":{"line":13,"column":40},"end":{"line":13,"column":57}},"7":{"start":{"line":18,"column":38},"end":{"line":18,"column":42}},"8":{"start":{"line":19,"column":25},"end":{"line":19,"column":132}},"9":{"start":{"line":20,"column":22},"end":{"line":20,"column":49}},"10":{"start":{"line":21,"column":8},"end":{"line":21,"column":40}},"11":{"start":{"line":26,"column":25},"end":{"line":26,"column":93}},"12":{"start":{"line":27,"column":8},"end":{"line":29,"column":9}},"13":{"start":{"line":28,"column":12},"end":{"line":28,"column":49}},"14":{"start":{"line":30,"column":8},"end":{"line":30,"column":46}},"15":{"start":{"line":35,"column":25},"end":{"line":35,"column":172}},"16":{"start":{"line":36,"column":8},"end":{"line":36,"column":46}},"17":{"start":{"line":41,"column":8},"end":{"line":41,"column":88}},"18":{"start":{"line":45,"column":0},"end":{"line":45,"column":26}}},"fnMap":{"0":{"name":"(anonymous_0)","decl":{"start":{"line":4,"column":4},"end":{"line":4,"column":5}},"loc":{"start":{"line":4,"column":22},"end":{"line":8,"column":5}},"line":4},"1":{"name":"(anonymous_1)","decl":{"start":{"line":11,"column":4},"end":{"line":11,"column":5}},"loc":{"start":{"line":11,"column":26},"end":{"line":14,"column":5}},"line":11},"2":{"name":"(anonymous_2)","decl":{"start":{"line":13,"column":33},"end":{"line":13,"column":34}},"loc":{"start":{"line":13,"column":40},"end":{"line":13,"column":57}},"line":13},"3":{"name":"(anonymous_3)","decl":{"start":{"line":17,"column":4},"end":{"line":17,"column":5}},"loc":{"start":{"line":17,"column":30},"end":{"line":22,"column":5}},"line":17},"4":{"name":"(anonymous_4)","decl":{"start":{"line":25,"column":4},"end":{"line":25,"column":5}},"loc":{"start":{"line":25,"column":30},"end":{"line":31,"column":5}},"line":25},"5":{"name":"(anonymous_5)","decl":{"start":{"line":34,"column":4},"end":{"line":34,"column":5}},"loc":{"start":{"line":34,"column":23},"end":{"line":37,"column":5}},"line":34},"6":{"name":"(anonymous_6)","decl":{"start":{"line":40,"column":4},"end":{"line":40,"column":5}},"loc":{"start":{"line":40,"column":20},"end":{"line":42,"column":5}},"line":40}},"branchMap":{"0":{"loc":{"start":{"line":27,"column":8},"end":{"line":29,"column":9}},"type":"if","locations":[{"start":{"line":27,"column":8},"end":{"line":29,"column":9}},{"start":{},"end":{}}],"line":27}},"s":{"0":6,"1":0,"2":0,"3":0,"4":0,"5":0,"6":0,"7":0,"8":0,"9":0,"10":0,"11":0,"12":0,"13":0,"14":0,"15":0,"16":0,"17":0,"18":6},"f":{"0":0,"1":0,"2":0,"3":0,"4":0,"5":0,"6":0},"b":{"0":[0,0]},"_coverageSchema":"1a1c01bbd47fc00a2c39e90264f33305004495a9","hash":"edc92ad13fc014747b9aab6dffdcd0e13c729fc3"}
,"C:\\Users\\justi\\OneDrive\\Desktop\\Lafosse\\RevisionApp\\RevisionApp\\server\\models\\StudySession.js": {"path":"C:\\Users\\justi\\OneDrive\\Desktop\\Lafosse\\RevisionApp\\RevisionApp\\server\\models\\StudySession.js","statementMap":{"0":{"start":{"line":1,"column":11},"end":{"line":1,"column":41}},"1":{"start":{"line":5,"column":8},"end":{"line":5,"column":42}},"2":{"start":{"line":6,"column":8},"end":{"line":6,"column":36}},"3":{"start":{"line":7,"column":8},"end":{"line":7,"column":38}},"4":{"start":{"line":12,"column":25},"end":{"line":12,"column":71}},"5":{"start":{"line":13,"column":8},"end":{"line":13,"column":63}},"6":{"start":{"line":13,"column":40},"end":{"line":13,"column":61}},"7":{"start":{"line":17,"column":38},"end":{"line":17,"column":42}},"8":{"start":{"line":18,"column":25},"end":{"line":18,"column":138}},"9":{"start":{"line":19,"column":22},"end":{"line":19,"column":49}},"10":{"start":{"line":20,"column":8},"end":{"line":20,"column":44}},"11":{"start":{"line":25,"column":25},"end":{"line":25,"column":99}},"12":{"start":{"line":26,"column":8},"end":{"line":28,"column":9}},"13":{"start":{"line":27,"column":12},"end":{"line":27,"column":55}},"14":{"start":{"line":29,"column":8},"end":{"line":29,"column":50}},"15":{"start":{"line":34,"column":25},"end":{"line":34,"column":178}},"16":{"start":{"line":35,"column":8},"end":{"line":35,"column":50}},"17":{"start":{"line":40,"column":8},"end":{"line":40,"column":94}},"18":{"start":{"line":44,"column":0},"end":{"line":44,"column":30}}},"fnMap":{"0":{"name":"(anonymous_0)","decl":{"start":{"line":4,"column":4},"end":{"line":4,"column":5}},"loc":{"start":{"line":4,"column":22},"end":{"line":8,"column":5}},"line":4},"1":{"name":"(anonymous_1)","decl":{"start":{"line":11,"column":4},"end":{"line":11,"column":5}},"loc":{"start":{"line":11,"column":26},"end":{"line":14,"column":5}},"line":11},"2":{"name":"(anonymous_2)","decl":{"start":{"line":13,"column":33},"end":{"line":13,"column":34}},"loc":{"start":{"line":13,"column":40},"end":{"line":13,"column":61}},"line":13},"3":{"name":"(anonymous_3)","decl":{"start":{"line":16,"column":4},"end":{"line":16,"column":5}},"loc":{"start":{"line":16,"column":30},"end":{"line":21,"column":5}},"line":16},"4":{"name":"(anonymous_4)","decl":{"start":{"line":24,"column":4},"end":{"line":24,"column":5}},"loc":{"start":{"line":24,"column":30},"end":{"line":30,"column":5}},"line":24},"5":{"name":"(anonymous_5)","decl":{"start":{"line":33,"column":4},"end":{"line":33,"column":5}},"loc":{"start":{"line":33,"column":19},"end":{"line":36,"column":5}},"line":33},"6":{"name":"(anonymous_6)","decl":{"start":{"line":39,"column":4},"end":{"line":39,"column":5}},"loc":{"start":{"line":39,"column":20},"end":{"line":41,"column":5}},"line":39}},"branchMap":{"0":{"loc":{"start":{"line":26,"column":8},"end":{"line":28,"column":9}},"type":"if","locations":[{"start":{"line":26,"column":8},"end":{"line":28,"column":9}},{"start":{},"end":{}}],"line":26}},"s":{"0":6,"1":2,"2":2,"3":2,"4":1,"5":1,"6":2,"7":4,"8":4,"9":0,"10":0,"11":0,"12":0,"13":0,"14":0,"15":0,"16":0,"17":0,"18":6},"f":{"0":2,"1":1,"2":2,"3":4,"4":0,"5":0,"6":0},"b":{"0":[0,0]},"_coverageSchema":"1a1c01bbd47fc00a2c39e90264f33305004495a9","hash":"25796d56f8e011f4e072c8aa81a34c1326e63617"}
,"C:\\Users\\justi\\OneDrive\\Desktop\\Lafosse\\RevisionApp\\RevisionApp\\server\\models\\Tasks.js": {"path":"C:\\Users\\justi\\OneDrive\\Desktop\\Lafosse\\RevisionApp\\RevisionApp\\server\\models\\Tasks.js","statementMap":{"0":{"start":{"line":1,"column":11},"end":{"line":1,"column":41}},"1":{"start":{"line":5,"column":8},"end":{"line":5,"column":36}},"2":{"start":{"line":6,"column":8},"end":{"line":6,"column":32}},"3":{"start":{"line":7,"column":8},"end":{"line":7,"column":44}},"4":{"start":{"line":8,"column":8},"end":{"line":8,"column":38}},"5":{"start":{"line":9,"column":8},"end":{"line":9,"column":36}},"6":{"start":{"line":10,"column":8},"end":{"line":10,"column":38}},"7":{"start":{"line":11,"column":8},"end":{"line":11,"column":49}},"8":{"start":{"line":12,"column":8},"end":{"line":12,"column":50}},"9":{"start":{"line":13,"column":8},"end":{"line":13,"column":50}},"10":{"start":{"line":17,"column":25},"end":{"line":17,"column":62}},"11":{"start":{"line":18,"column":8},"end":{"line":18,"column":55}},"12":{"start":{"line":18,"column":40},"end":{"line":18,"column":53}},"13":{"start":{"line":23,"column":25},"end":{"line":23,"column":87}},"14":{"start":{"line":24,"column":8},"end":{"line":26,"column":9}},"15":{"start":{"line":25,"column":12},"end":{"line":25,"column":46}},"16":{"start":{"line":27,"column":8},"end":{"line":27,"column":42}},"17":{"start":{"line":32,"column":111},"end":{"line":32,"column":115}},"18":{"start":{"line":33,"column":25},"end":{"line":33,"column":299}},"19":{"start":{"line":34,"column":22},"end":{"line":34,"column":46}},"20":{"start":{"line":35,"column":8},"end":{"line":35,"column":35}},"21":{"start":{"line":40,"column":25},"end":{"line":40,"column":369}},"22":{"start":{"line":41,"column":8},"end":{"line":41,"column":42}},"23":{"start":{"line":46,"column":8},"end":{"line":46,"column":79}},"24":{"start":{"line":50,"column":0},"end":{"line":50,"column":22}}},"fnMap":{"0":{"name":"(anonymous_0)","decl":{"start":{"line":4,"column":4},"end":{"line":4,"column":5}},"loc":{"start":{"line":4,"column":22},"end":{"line":14,"column":5}},"line":4},"1":{"name":"(anonymous_1)","decl":{"start":{"line":16,"column":4},"end":{"line":16,"column":5}},"loc":{"start":{"line":16,"column":26},"end":{"line":19,"column":5}},"line":16},"2":{"name":"(anonymous_2)","decl":{"start":{"line":18,"column":33},"end":{"line":18,"column":34}},"loc":{"start":{"line":18,"column":40},"end":{"line":18,"column":53}},"line":18},"3":{"name":"(anonymous_3)","decl":{"start":{"line":22,"column":4},"end":{"line":22,"column":5}},"loc":{"start":{"line":22,"column":29},"end":{"line":28,"column":5}},"line":22},"4":{"name":"(anonymous_4)","decl":{"start":{"line":31,"column":4},"end":{"line":31,"column":5}},"loc":{"start":{"line":31,"column":30},"end":{"line":36,"column":5}},"line":31},"5":{"name":"(anonymous_5)","decl":{"start":{"line":39,"column":4},"end":{"line":39,"column":5}},"loc":{"start":{"line":39,"column":19},"end":{"line":42,"column":5}},"line":39},"6":{"name":"(anonymous_6)","decl":{"start":{"line":45,"column":4},"end":{"line":45,"column":5}},"loc":{"start":{"line":45,"column":20},"end":{"line":47,"column":5}},"line":45}},"branchMap":{"0":{"loc":{"start":{"line":11,"column":25},"end":{"line":11,"column":48}},"type":"binary-expr","locations":[{"start":{"line":11,"column":25},"end":{"line":11,"column":39}},{"start":{"line":11,"column":43},"end":{"line":11,"column":48}}],"line":11},"1":{"loc":{"start":{"line":24,"column":8},"end":{"line":26,"column":9}},"type":"if","locations":[{"start":{"line":24,"column":8},"end":{"line":26,"column":9}},{"start":{},"end":{}}],"line":24}},"s":{"0":6,"1":22,"2":22,"3":22,"4":22,"5":22,"6":22,"7":22,"8":22,"9":22,"10":1,"11":1,"12":13,"13":7,"14":7,"15":0,"16":7,"17":4,"18":4,"19":4,"20":4,"21":1,"22":1,"23":1,"24":6},"f":{"0":22,"1":1,"2":13,"3":7,"4":4,"5":1,"6":1},"b":{"0":[22,16],"1":[0,7]},"_coverageSchema":"1a1c01bbd47fc00a2c39e90264f33305004495a9","hash":"75113342208d818e7ef0c0467e7e8c4d23c0d09c"}
,"C:\\Users\\justi\\OneDrive\\Desktop\\Lafosse\\RevisionApp\\RevisionApp\\server\\models\\Token.js": {"path":"C:\\Users\\justi\\OneDrive\\Desktop\\Lafosse\\RevisionApp\\RevisionApp\\server\\models\\Token.js","statementMap":{"0":{"start":{"line":1,"column":23},"end":{"line":1,"column":38}},"1":{"start":{"line":3,"column":11},"end":{"line":3,"column":41}},"2":{"start":{"line":8,"column":8},"end":{"line":8,"column":33}},"3":{"start":{"line":9,"column":8},"end":{"line":9,"column":31}},"4":{"start":{"line":10,"column":8},"end":{"line":10,"column":33}},"5":{"start":{"line":11,"column":8},"end":{"line":11,"column":27}},"6":{"start":{"line":15,"column":22},"end":{"line":15,"column":30}},"7":{"start":{"line":16,"column":25},"end":{"line":16,"column":147}},"8":{"start":{"line":17,"column":22},"end":{"line":17,"column":47}},"9":{"start":{"line":18,"column":25},"end":{"line":18,"column":54}},"10":{"start":{"line":19,"column":8},"end":{"line":19,"column":23}},"11":{"start":{"line":23,"column":25},"end":{"line":23,"column":88}},"12":{"start":{"line":24,"column":8},"end":{"line":28,"column":9}},"13":{"start":{"line":25,"column":12},"end":{"line":25,"column":55}},"14":{"start":{"line":27,"column":12},"end":{"line":27,"column":47}},"15":{"start":{"line":32,"column":25},"end":{"line":32,"column":88}},"16":{"start":{"line":33,"column":8},"end":{"line":37,"column":9}},"17":{"start":{"line":34,"column":12},"end":{"line":34,"column":55}},"18":{"start":{"line":36,"column":12},"end":{"line":36,"column":47}},"19":{"start":{"line":41,"column":8},"end":{"line":41,"column":100}},"20":{"start":{"line":47,"column":0},"end":{"line":47,"column":23}}},"fnMap":{"0":{"name":"(anonymous_0)","decl":{"start":{"line":7,"column":4},"end":{"line":7,"column":5}},"loc":{"start":{"line":7,"column":55},"end":{"line":12,"column":5}},"line":7},"1":{"name":"(anonymous_1)","decl":{"start":{"line":14,"column":4},"end":{"line":14,"column":5}},"loc":{"start":{"line":14,"column":43},"end":{"line":20,"column":5}},"line":14},"2":{"name":"(anonymous_2)","decl":{"start":{"line":22,"column":4},"end":{"line":22,"column":5}},"loc":{"start":{"line":22,"column":32},"end":{"line":29,"column":5}},"line":22},"3":{"name":"(anonymous_3)","decl":{"start":{"line":31,"column":4},"end":{"line":31,"column":5}},"loc":{"start":{"line":31,"column":38},"end":{"line":38,"column":5}},"line":31},"4":{"name":"(anonymous_4)","decl":{"start":{"line":40,"column":4},"end":{"line":40,"column":5}},"loc":{"start":{"line":40,"column":46},"end":{"line":42,"column":5}},"line":40}},"branchMap":{"0":{"loc":{"start":{"line":24,"column":8},"end":{"line":28,"column":9}},"type":"if","locations":[{"start":{"line":24,"column":8},"end":{"line":28,"column":9}},{"start":{"line":26,"column":15},"end":{"line":28,"column":9}}],"line":24},"1":{"loc":{"start":{"line":33,"column":8},"end":{"line":37,"column":9}},"type":"if","locations":[{"start":{"line":33,"column":8},"end":{"line":37,"column":9}},{"start":{"line":35,"column":15},"end":{"line":37,"column":9}}],"line":33},"2":{"loc":{"start":{"line":40,"column":34},"end":{"line":40,"column":44}},"type":"default-arg","locations":[{"start":{"line":40,"column":42},"end":{"line":40,"column":44}}],"line":40}},"s":{"0":6,"1":6,"2":0,"3":0,"4":0,"5":0,"6":0,"7":0,"8":0,"9":0,"10":0,"11":0,"12":0,"13":0,"14":0,"15":0,"16":0,"17":0,"18":0,"19":0,"20":6},"f":{"0":0,"1":0,"2":0,"3":0,"4":0},"b":{"0":[0,0],"1":[0,0],"2":[0]},"_coverageSchema":"1a1c01bbd47fc00a2c39e90264f33305004495a9","hash":"4f8ee6df86fd945cae45918eb4d39849d4718dbe"}
,"C:\\Users\\justi\\OneDrive\\Desktop\\Lafosse\\RevisionApp\\RevisionApp\\server\\routes\\adminRoutes.js": {"path":"C:\\Users\\justi\\OneDrive\\Desktop\\Lafosse\\RevisionApp\\RevisionApp\\server\\routes\\adminRoutes.js","statementMap":{"0":{"start":{"line":1,"column":19},"end":{"line":1,"column":37}},"1":{"start":{"line":3,"column":24},"end":{"line":3,"column":65}},"2":{"start":{"line":5,"column":20},"end":{"line":5,"column":28}},"3":{"start":{"line":7,"column":0},"end":{"line":7,"column":56}},"4":{"start":{"line":8,"column":0},"end":{"line":8,"column":50}},"5":{"start":{"line":9,"column":0},"end":{"line":9,"column":53}},"6":{"start":{"line":10,"column":0},"end":{"line":10,"column":44}},"7":{"start":{"line":11,"column":0},"end":{"line":11,"column":52}},"8":{"start":{"line":12,"column":0},"end":{"line":12,"column":46}},"9":{"start":{"line":13,"column":0},"end":{"line":13,"column":56}},"10":{"start":{"line":14,"column":0},"end":{"line":14,"column":58}},"11":{"start":{"line":16,"column":0},"end":{"line":16,"column":29}}},"fnMap":{},"branchMap":{},"s":{"0":6,"1":6,"2":6,"3":6,"4":6,"5":6,"6":6,"7":6,"8":6,"9":6,"10":6,"11":6},"f":{},"b":{},"_coverageSchema":"1a1c01bbd47fc00a2c39e90264f33305004495a9","hash":"134c0a0be69fadea1106c7c1f7c8ff010dfb027c"}
,"C:\\Users\\justi\\OneDrive\\Desktop\\Lafosse\\RevisionApp\\RevisionApp\\server\\routes\\classRoutes.js": {"path":"C:\\Users\\justi\\OneDrive\\Desktop\\Lafosse\\RevisionApp\\RevisionApp\\server\\routes\\classRoutes.js","statementMap":{"0":{"start":{"line":1,"column":19},"end":{"line":1,"column":37}},"1":{"start":{"line":3,"column":24},"end":{"line":3,"column":65}},"2":{"start":{"line":5,"column":20},"end":{"line":5,"column":28}},"3":{"start":{"line":7,"column":0},"end":{"line":7,"column":44}},"4":{"start":{"line":8,"column":0},"end":{"line":8,"column":52}},"5":{"start":{"line":9,"column":0},"end":{"line":9,"column":46}},"6":{"start":{"line":10,"column":0},"end":{"line":10,"column":56}},"7":{"start":{"line":11,"column":0},"end":{"line":11,"column":58}},"8":{"start":{"line":12,"column":0},"end":{"line":12,"column":69}},"9":{"start":{"line":14,"column":0},"end":{"line":14,"column":29}}},"fnMap":{},"branchMap":{},"s":{"0":6,"1":6,"2":6,"3":6,"4":6,"5":6,"6":6,"7":6,"8":6,"9":6},"f":{},"b":{},"_coverageSchema":"1a1c01bbd47fc00a2c39e90264f33305004495a9","hash":"e97295b8fae1939356648b10c927a15abdcb07d1"}
,"C:\\Users\\justi\\OneDrive\\Desktop\\Lafosse\\RevisionApp\\RevisionApp\\server\\routes\\pokemonRoutes.js": {"path":"C:\\Users\\justi\\OneDrive\\Desktop\\Lafosse\\RevisionApp\\RevisionApp\\server\\routes\\pokemonRoutes.js","statementMap":{"0":{"start":{"line":1,"column":19},"end":{"line":1,"column":37}},"1":{"start":{"line":3,"column":26},"end":{"line":3,"column":69}},"2":{"start":{"line":5,"column":22},"end":{"line":5,"column":30}},"3":{"start":{"line":7,"column":0},"end":{"line":7,"column":58}},"4":{"start":{"line":8,"column":0},"end":{"line":8,"column":53}},"5":{"start":{"line":9,"column":0},"end":{"line":9,"column":63}},"6":{"start":{"line":10,"column":0},"end":{"line":10,"column":69}},"7":{"start":{"line":11,"column":0},"end":{"line":11,"column":48}},"8":{"start":{"line":12,"column":0},"end":{"line":12,"column":56}},"9":{"start":{"line":13,"column":0},"end":{"line":13,"column":52}},"10":{"start":{"line":15,"column":0},"end":{"line":15,"column":30}}},"fnMap":{},"branchMap":{},"s":{"0":6,"1":6,"2":6,"3":6,"4":6,"5":6,"6":6,"7":6,"8":6,"9":6,"10":6},"f":{},"b":{},"_coverageSchema":"1a1c01bbd47fc00a2c39e90264f33305004495a9","hash":"b2f5499db59cd7068382d4bf7c6766f18e190bfe"}
,"C:\\Users\\justi\\OneDrive\\Desktop\\Lafosse\\RevisionApp\\RevisionApp\\server\\routes\\studentRoutes.js": {"path":"C:\\Users\\justi\\OneDrive\\Desktop\\Lafosse\\RevisionApp\\RevisionApp\\server\\routes\\studentRoutes.js","statementMap":{"0":{"start":{"line":1,"column":19},"end":{"line":1,"column":37}},"1":{"start":{"line":3,"column":26},"end":{"line":3,"column":69}},"2":{"start":{"line":5,"column":22},"end":{"line":5,"column":48}},"3":{"start":{"line":6,"column":22},"end":{"line":6,"column":30}},"4":{"start":{"line":8,"column":0},"end":{"line":8,"column":44}},"5":{"start":{"line":10,"column":0},"end":{"line":10,"column":60}},"6":{"start":{"line":11,"column":0},"end":{"line":11,"column":54}},"7":{"start":{"line":12,"column":0},"end":{"line":12,"column":57}},"8":{"start":{"line":13,"column":0},"end":{"line":13,"column":48}},"9":{"start":{"line":14,"column":0},"end":{"line":14,"column":55}},"10":{"start":{"line":15,"column":0},"end":{"line":15,"column":59}},"11":{"start":{"line":16,"column":0},"end":{"line":16,"column":61}},"12":{"start":{"line":18,"column":0},"end":{"line":18,"column":31}}},"fnMap":{},"branchMap":{},"s":{"0":6,"1":6,"2":6,"3":6,"4":6,"5":6,"6":6,"7":6,"8":6,"9":6,"10":6,"11":6,"12":6},"f":{},"b":{},"_coverageSchema":"1a1c01bbd47fc00a2c39e90264f33305004495a9","hash":"c357728e5715a61e109320594be62b859d3bd8da"}
,"C:\\Users\\justi\\OneDrive\\Desktop\\Lafosse\\RevisionApp\\RevisionApp\\server\\routes\\studentsRoutes.js": {"path":"C:\\Users\\justi\\OneDrive\\Desktop\\Lafosse\\RevisionApp\\RevisionApp\\server\\routes\\studentsRoutes.js","statementMap":{"0":{"start":{"line":1,"column":19},"end":{"line":1,"column":37}},"1":{"start":{"line":3,"column":27},"end":{"line":3,"column":71}},"2":{"start":{"line":5,"column":23},"end":{"line":5,"column":31}},"3":{"start":{"line":7,"column":0},"end":{"line":7,"column":50}},"4":{"start":{"line":8,"column":0},"end":{"line":8,"column":60}},"5":{"start":{"line":9,"column":0},"end":{"line":9,"column":52}},"6":{"start":{"line":10,"column":0},"end":{"line":10,"column":64}},"7":{"start":{"line":11,"column":0},"end":{"line":11,"column":66}},"8":{"start":{"line":13,"column":0},"end":{"line":13,"column":32}}},"fnMap":{},"branchMap":{},"s":{"0":6,"1":6,"2":6,"3":6,"4":6,"5":6,"6":6,"7":6,"8":6},"f":{},"b":{},"_coverageSchema":"1a1c01bbd47fc00a2c39e90264f33305004495a9","hash":"041b39c04a2475936d344c0eb6705021314a3e0d"}
,"C:\\Users\\justi\\OneDrive\\Desktop\\Lafosse\\RevisionApp\\RevisionApp\\server\\routes\\studySessionRoutes.js": {"path":"C:\\Users\\justi\\OneDrive\\Desktop\\Lafosse\\RevisionApp\\RevisionApp\\server\\routes\\studySessionRoutes.js","statementMap":{"0":{"start":{"line":1,"column":19},"end":{"line":1,"column":37}},"1":{"start":{"line":3,"column":31},"end":{"line":3,"column":79}},"2":{"start":{"line":5,"column":27},"end":{"line":5,"column":35}},"3":{"start":{"line":7,"column":0},"end":{"line":7,"column":58}},"4":{"start":{"line":8,"column":0},"end":{"line":8,"column":68}},"5":{"start":{"line":9,"column":0},"end":{"line":9,"column":60}},"6":{"start":{"line":10,"column":0},"end":{"line":10,"column":72}},"7":{"start":{"line":11,"column":0},"end":{"line":11,"column":74}},"8":{"start":{"line":13,"column":0},"end":{"line":13,"column":36}}},"fnMap":{},"branchMap":{},"s":{"0":6,"1":6,"2":6,"3":6,"4":6,"5":6,"6":6,"7":6,"8":6},"f":{},"b":{},"_coverageSchema":"1a1c01bbd47fc00a2c39e90264f33305004495a9","hash":"eb54b7a3c13af831ea7b3d9d3665c4c698b5118e"}
,"C:\\Users\\justi\\OneDrive\\Desktop\\Lafosse\\RevisionApp\\RevisionApp\\server\\routes\\tasksRoutes.js": {"path":"C:\\Users\\justi\\OneDrive\\Desktop\\Lafosse\\RevisionApp\\RevisionApp\\server\\routes\\tasksRoutes.js","statementMap":{"0":{"start":{"line":1,"column":19},"end":{"line":1,"column":37}},"1":{"start":{"line":3,"column":24},"end":{"line":3,"column":65}},"2":{"start":{"line":5,"column":20},"end":{"line":5,"column":28}},"3":{"start":{"line":7,"column":0},"end":{"line":7,"column":44}},"4":{"start":{"line":8,"column":0},"end":{"line":8,"column":51}},"5":{"start":{"line":9,"column":0},"end":{"line":9,"column":46}},"6":{"start":{"line":10,"column":0},"end":{"line":10,"column":55}},"7":{"start":{"line":11,"column":0},"end":{"line":11,"column":57}},"8":{"start":{"line":13,"column":0},"end":{"line":13,"column":29}}},"fnMap":{},"branchMap":{},"s":{"0":6,"1":6,"2":6,"3":6,"4":6,"5":6,"6":6,"7":6,"8":6},"f":{},"b":{},"_coverageSchema":"1a1c01bbd47fc00a2c39e90264f33305004495a9","hash":"bd2e679b0f81417a55f285e57ca5b4531682fdf4"}
}
