TN:
SF:app.js
FN:23,(anonymous_0)
FNF:1
FNH:1
FNDA:1,(anonymous_0)
DA:2,6
DA:3,6
DA:4,6
DA:7,6
DA:8,6
DA:9,6
DA:10,6
DA:11,6
DA:12,6
DA:15,6
DA:17,6
DA:18,6
DA:19,6
DA:23,6
DA:24,1
DA:27,6
DA:28,6
DA:29,6
DA:30,6
DA:31,6
DA:32,6
DA:34,6
LF:22
LH:22
BRF:0
BRH:0
end_of_record
TN:
SF:controllers\adminController.js
FN:6,register
FN:23,login
FN:45,profile
FN:58,index
FN:68,show
FN:79,create
FN:90,update
FN:110,destroy
FNF:8
FNH:8
FNDA:1,register
FNDA:1,login
FNDA:1,profile
FNDA:1,index
FNDA:1,show
FNDA:1,create
FNDA:1,update
FNDA:1,destroy
DA:1,6
DA:3,6
DA:4,6
DA:7,1
DA:8,1
DA:10,1
DA:12,1
DA:14,1
DA:15,1
DA:18,0
DA:19,0
DA:24,1
DA:25,1
DA:27,1
DA:29,1
DA:31,1
DA:32,1
DA:35,0
DA:36,0
DA:40,1
DA:41,1
DA:46,1
DA:47,1
DA:48,1
DA:49,0
DA:50,0
DA:52,1
DA:53,1
DA:59,1
DA:60,1
DA:61,1
DA:63,0
DA:64,0
DA:69,1
DA:70,1
DA:71,1
DA:72,1
DA:74,0
DA:75,0
DA:80,1
DA:81,1
DA:82,1
DA:83,1
DA:85,0
DA:86,0
DA:91,1
DA:92,1
DA:93,1
DA:95,1
DA:99,1
DA:100,1
DA:102,1
DA:105,0
DA:106,0
DA:111,1
DA:112,1
DA:115,1
DA:116,0
DA:120,1
DA:123,1
DA:126,1
DA:129,1
DA:131,0
DA:132,0
DA:137,6
LF:65
LH:48
BRDA:31,0,0,1
BRDA:31,0,1,0
BRDA:115,1,0,0
BRDA:115,1,1,1
BRF:4
BRH:2
end_of_record
TN:
SF:controllers\classController.js
FN:3,index
FN:13,show
FN:23,showByName
FN:34,create
FN:45,update
FN:64,destroy
FNF:6
FNH:6
FNDA:1,index
FNDA:1,show
FNDA:1,showByName
FNDA:1,create
FNDA:1,update
FNDA:1,destroy
DA:1,6
DA:4,1
DA:5,1
DA:6,1
DA:8,0
DA:9,0
DA:14,1
DA:15,1
DA:16,1
DA:17,1
DA:19,0
DA:20,0
DA:24,1
DA:25,1
DA:26,1
DA:27,1
DA:29,0
DA:30,0
DA:35,1
DA:36,1
DA:37,1
DA:38,1
DA:40,0
DA:41,0
DA:46,1
DA:47,1
DA:48,1
DA:50,1
DA:54,1
DA:55,1
DA:57,1
DA:59,0
DA:60,0
DA:65,1
DA:66,1
DA:67,1
DA:69,1
DA:70,1
DA:72,1
DA:74,0
DA:75,0
DA:79,6
LF:42
LH:30
BRF:0
BRH:0
end_of_record
TN:
SF:controllers\pokemonController.js
FN:5,newBaby
FN:15,(anonymous_1)
FN:22,(anonymous_2)
FN:41,evolution
FN:68,addToCollection
FN:82,currentPokemon
FN:95,currentCollection
FN:108,getAll
FN:113,getAllBaby
FN:118,getById
FNF:10
FNH:0
FNDA:0,newBaby
FNDA:0,(anonymous_1)
FNDA:0,(anonymous_2)
FNDA:0,evolution
FNDA:0,addToCollection
FNDA:0,currentPokemon
FNDA:0,currentCollection
FNDA:0,getAll
FNDA:0,getAllBaby
FNDA:0,getById
DA:1,6
DA:2,6
DA:3,6
DA:6,0
DA:7,0
DA:8,0
DA:9,0
DA:10,0
DA:11,0
DA:12,0
DA:14,0
DA:15,0
DA:16,0
DA:17,0
DA:19,0
DA:20,0
DA:21,0
DA:22,0
DA:23,0
DA:27,0
DA:29,0
DA:30,0
DA:31,0
DA:33,0
DA:36,0
DA:37,0
DA:42,0
DA:43,0
DA:44,0
DA:47,0
DA:48,0
DA:49,0
DA:50,0
DA:51,0
DA:52,0
DA:53,0
DA:54,0
DA:56,0
DA:57,0
DA:60,0
DA:63,0
DA:64,0
DA:69,0
DA:70,0
DA:71,0
DA:72,0
DA:73,0
DA:74,0
DA:75,0
DA:77,0
DA:78,0
DA:83,0
DA:84,0
DA:85,0
DA:86,0
DA:87,0
DA:88,0
DA:90,0
DA:91,0
DA:96,0
DA:97,0
DA:98,0
DA:99,0
DA:100,0
DA:101,0
DA:103,0
DA:104,0
DA:109,0
DA:110,0
DA:114,0
DA:115,0
DA:119,0
DA:120,0
DA:121,0
DA:124,6
LF:75
LH:4
BRDA:11,0,0,0
BRDA:11,0,1,0
BRDA:14,1,0,0
BRDA:14,1,1,0
BRDA:22,2,0,0
BRDA:22,2,1,0
BRDA:49,3,0,0
BRDA:49,3,1,0
BRDA:53,4,0,0
BRDA:53,4,1,0
BRF:10
BRH:0
end_of_record
TN:
SF:controllers\studentController.js
FN:6,register
FN:24,login
FN:45,profile
FN:56,poke
FN:69,index
FN:79,show
FN:92,create
FN:103,update
FN:123,destroy
FNF:9
FNH:6
FNDA:0,register
FNDA:1,login
FNDA:1,profile
FNDA:0,poke
FNDA:1,index
FNDA:1,show
FNDA:0,create
FNDA:1,update
FNDA:1,destroy
DA:1,6
DA:3,6
DA:4,6
DA:7,0
DA:8,0
DA:10,0
DA:12,0
DA:13,0
DA:15,0
DA:16,0
DA:19,0
DA:20,0
DA:25,1
DA:26,1
DA:28,1
DA:30,0
DA:32,0
DA:33,0
DA:36,0
DA:37,0
DA:40,1
DA:41,1
DA:46,1
DA:47,1
DA:48,1
DA:49,0
DA:51,1
DA:52,1
DA:57,0
DA:58,0
DA:59,0
DA:60,0
DA:61,0
DA:62,0
DA:64,0
DA:65,0
DA:70,1
DA:71,1
DA:72,1
DA:74,0
DA:75,0
DA:80,1
DA:81,1
DA:82,1
DA:83,1
DA:84,0
DA:85,0
DA:87,1
DA:88,1
DA:93,0
DA:94,0
DA:95,0
DA:96,0
DA:98,0
DA:99,0
DA:104,1
DA:105,1
DA:106,1
DA:108,1
DA:112,1
DA:113,1
DA:115,0
DA:118,1
DA:119,1
DA:124,1
DA:125,1
DA:128,1
DA:129,0
DA:133,1
DA:136,1
DA:139,1
DA:142,1
DA:144,0
DA:145,0
DA:153,6
LF:75
LH:38
BRDA:32,0,0,0
BRDA:32,0,1,0
BRDA:128,1,0,0
BRDA:128,1,1,1
BRF:4
BRH:1
end_of_record
TN:
SF:controllers\studentsController.js
FN:3,index
FN:13,show
FN:24,create
FN:35,update
FN:54,destroy
FNF:5
FNH:0
FNDA:0,index
FNDA:0,show
FNDA:0,create
FNDA:0,update
FNDA:0,destroy
DA:1,6
DA:4,0
DA:5,0
DA:6,0
DA:8,0
DA:9,0
DA:14,0
DA:15,0
DA:16,0
DA:17,0
DA:19,0
DA:20,0
DA:25,0
DA:26,0
DA:27,0
DA:28,0
DA:30,0
DA:31,0
DA:36,0
DA:37,0
DA:38,0
DA:40,0
DA:44,0
DA:45,0
DA:47,0
DA:49,0
DA:50,0
DA:55,0
DA:56,0
DA:57,0
DA:58,0
DA:59,0
DA:61,0
DA:62,0
DA:66,6
LF:35
LH:2
BRF:0
BRH:0
end_of_record
TN:
SF:controllers\studySessionController.js
FN:3,index
FN:13,show
FN:24,create
FN:35,update
FN:55,destroy
FNF:5
FNH:2
FNDA:1,index
FNDA:0,show
FNDA:1,create
FNDA:0,update
FNDA:0,destroy
DA:1,6
DA:4,1
DA:5,1
DA:6,1
DA:8,0
DA:9,0
DA:14,0
DA:15,0
DA:16,0
DA:17,0
DA:19,0
DA:20,0
DA:25,1
DA:26,1
DA:27,1
DA:28,0
DA:30,1
DA:31,1
DA:36,0
DA:37,0
DA:38,0
DA:40,0
DA:45,0
DA:46,0
DA:48,0
DA:50,0
DA:51,0
DA:56,0
DA:57,0
DA:58,0
DA:59,0
DA:60,0
DA:62,0
DA:63,0
DA:67,6
LF:35
LH:10
BRF:0
BRH:0
end_of_record
TN:
SF:controllers\tasksController.js
FN:3,index
FN:13,show
FN:24,create
FN:35,update
FN:54,destroy
FNF:5
FNH:5
FNDA:1,index
FNDA:1,show
FNDA:1,create
FNDA:1,update
FNDA:1,destroy
DA:1,6
DA:4,1
DA:5,1
DA:6,1
DA:8,0
DA:9,0
DA:14,1
DA:15,1
DA:16,1
DA:17,1
DA:19,0
DA:20,0
DA:25,1
DA:26,1
DA:27,1
DA:28,1
DA:30,0
DA:31,0
DA:36,1
DA:37,1
DA:38,1
DA:40,1
DA:44,1
DA:45,1
DA:47,1
DA:49,0
DA:50,0
DA:55,1
DA:56,1
DA:57,1
DA:58,1
DA:59,1
DA:61,0
DA:62,0
DA:66,6
LF:35
LH:25
BRF:0
BRH:0
end_of_record
TN:
SF:database\connect.js
FNF:0
FNH:0
DA:1,7
DA:3,7
DA:5,7
DA:13,7
DA:15,7
LF:5
LH:5
BRF:0
BRH:0
end_of_record
TN:
SF:middleware\logger.js
FN:1,logRoutes
FNF:1
FNH:1
FNDA:29,logRoutes
DA:2,29
DA:3,29
DA:6,6
LF:3
LH:3
BRF:0
BRH:0
end_of_record
TN:
SF:models\Admin.js
FN:4,(anonymous_0)
FN:10,(anonymous_1)
FN:18,(anonymous_2)
FN:26,(anonymous_3)
FN:35,(anonymous_4)
FN:37,(anonymous_5)
FN:41,(anonymous_6)
FN:48,(anonymous_7)
FN:53,(anonymous_8)
FNF:9
FNH:9
FNDA:24,(anonymous_0)
FNDA:9,(anonymous_1)
FNDA:1,(anonymous_2)
FNDA:1,(anonymous_3)
FNDA:1,(anonymous_4)
FNDA:11,(anonymous_5)
FNDA:7,(anonymous_6)
FNDA:1,(anonymous_7)
FNDA:1,(anonymous_8)
DA:1,6
DA:5,24
DA:6,24
DA:7,24
DA:11,9
DA:12,9
DA:13,0
DA:15,9
DA:19,1
DA:20,1
DA:21,0
DA:23,1
DA:27,1
DA:28,1
DA:29,1
DA:31,0
DA:32,0
DA:36,1
DA:37,11
DA:42,7
DA:43,7
DA:44,7
DA:45,7
DA:49,1
DA:50,1
DA:54,1
DA:59,6
LF:27
LH:23
BRDA:12,0,0,0
BRDA:12,0,1,9
BRDA:20,1,0,0
BRDA:20,1,1,1
BRDA:28,2,0,1
BRDA:28,2,1,0
BRF:6
BRH:3
end_of_record
TN:
SF:models\Class.js
FN:4,(anonymous_0)
FN:10,(anonymous_1)
FN:18,(anonymous_2)
FN:26,(anonymous_3)
FN:28,(anonymous_4)
FN:31,(anonymous_5)
FN:38,(anonymous_6)
FN:43,(anonymous_7)
FNF:8
FNH:8
FNDA:22,(anonymous_0)
FNDA:8,(anonymous_1)
FNDA:1,(anonymous_2)
FNDA:1,(anonymous_3)
FNDA:10,(anonymous_4)
FNDA:5,(anonymous_5)
FNDA:1,(anonymous_6)
FNDA:1,(anonymous_7)
DA:1,6
DA:5,22
DA:6,22
DA:7,22
DA:11,8
DA:12,8
DA:13,0
DA:15,8
DA:19,1
DA:20,1
DA:21,0
DA:23,1
DA:27,1
DA:28,10
DA:32,5
DA:33,5
DA:34,5
DA:35,5
DA:39,1
DA:40,1
DA:44,1
DA:48,6
LF:22
LH:20
BRDA:12,0,0,0
BRDA:12,0,1,8
BRDA:20,1,0,0
BRDA:20,1,1,1
BRF:4
BRH:2
end_of_record
TN:
SF:models\Collection.js
FN:4,(anonymous_0)
FN:11,(anonymous_1)
FN:26,(anonymous_2)
FN:42,(anonymous_3)
FN:55,(anonymous_4)
FN:68,(anonymous_5)
FNF:6
FNH:0
FNDA:0,(anonymous_0)
FNDA:0,(anonymous_1)
FNDA:0,(anonymous_2)
FNDA:0,(anonymous_3)
FNDA:0,(anonymous_4)
FNDA:0,(anonymous_5)
DA:1,6
DA:5,0
DA:6,0
DA:7,0
DA:12,0
DA:13,0
DA:17,0
DA:18,0
DA:20,0
DA:21,0
DA:27,0
DA:28,0
DA:32,0
DA:33,0
DA:34,0
DA:36,0
DA:37,0
DA:43,0
DA:44,0
DA:49,0
DA:50,0
DA:56,0
DA:57,0
DA:62,0
DA:63,0
DA:69,0
DA:70,0
DA:74,0
DA:75,0
DA:77,0
DA:78,0
DA:83,6
LF:32
LH:2
BRDA:32,0,0,0
BRDA:32,0,1,0
BRDA:74,1,0,0
BRDA:74,1,1,0
BRF:4
BRH:0
end_of_record
TN:
SF:models\Pokemon.js
FN:6,(anonymous_0)
FN:49,(anonymous_1)
FN:61,(anonymous_2)
FN:65,(anonymous_3)
FN:70,(anonymous_4)
FN:87,(anonymous_5)
FN:100,(anonymous_6)
FN:109,(anonymous_7)
FN:127,(anonymous_8)
FN:139,(anonymous_9)
FNF:10
FNH:0
FNDA:0,(anonymous_0)
FNDA:0,(anonymous_1)
FNDA:0,(anonymous_2)
FNDA:0,(anonymous_3)
FNDA:0,(anonymous_4)
FNDA:0,(anonymous_5)
FNDA:0,(anonymous_6)
FNDA:0,(anonymous_7)
FNDA:0,(anonymous_8)
FNDA:0,(anonymous_9)
DA:1,6
DA:7,0
DA:8,0
DA:9,0
DA:10,0
DA:11,0
DA:12,0
DA:13,0
DA:50,0
DA:51,0
DA:52,0
DA:53,0
DA:54,0
DA:56,0
DA:57,0
DA:62,0
DA:63,0
DA:66,0
DA:67,0
DA:71,0
DA:72,0
DA:73,0
DA:75,0
DA:76,0
DA:78,0
DA:80,0
DA:82,0
DA:83,0
DA:88,0
DA:89,0
DA:90,0
DA:91,0
DA:92,0
DA:93,0
DA:95,0
DA:96,0
DA:101,0
DA:102,0
DA:104,0
DA:105,0
DA:110,0
DA:111,0
DA:120,0
DA:122,0
DA:123,0
DA:128,0
DA:129,0
DA:134,0
DA:135,0
DA:140,0
DA:141,0
DA:146,0
DA:147,0
DA:152,6
LF:54
LH:2
BRDA:75,0,0,0
BRDA:75,0,1,0
BRDA:90,1,0,0
BRDA:90,1,1,0
BRDA:101,2,0,0
BRDA:101,2,1,0
BRDA:101,3,0,0
BRDA:101,3,1,0
BRDA:104,4,0,0
BRDA:104,4,1,0
BRF:10
BRH:0
end_of_record
TN:
SF:models\Student.js
FN:4,(anonymous_0)
FN:12,(anonymous_1)
FN:20,(anonymous_2)
FN:30,(anonymous_3)
FN:46,(anonymous_4)
FN:48,(anonymous_5)
FN:51,(anonymous_6)
FN:57,(anonymous_7)
FN:62,(anonymous_8)
FN:69,(anonymous_9)
FNF:10
FNH:9
FNDA:36,(anonymous_0)
FNDA:2,(anonymous_1)
FNDA:1,(anonymous_2)
FNDA:1,(anonymous_3)
FNDA:1,(anonymous_4)
FNDA:32,(anonymous_5)
FNDA:1,(anonymous_6)
FNDA:0,(anonymous_7)
FNDA:1,(anonymous_8)
FNDA:1,(anonymous_9)
DA:1,6
DA:5,36
DA:6,36
DA:7,36
DA:8,36
DA:9,36
DA:13,2
DA:14,2
DA:15,0
DA:17,2
DA:21,1
DA:22,1
DA:23,1
DA:25,0
DA:31,1
DA:32,1
DA:33,1
DA:35,0
DA:47,1
DA:48,32
DA:52,1
DA:53,1
DA:54,0
DA:58,0
DA:59,0
DA:63,1
DA:66,0
DA:70,1
DA:76,6
LF:29
LH:22
BRDA:14,0,0,0
BRDA:14,0,1,2
BRDA:22,1,0,1
BRDA:22,1,1,0
BRDA:32,2,0,1
BRDA:32,2,1,0
BRF:6
BRH:3
end_of_record
TN:
SF:models\Students.js
FN:4,(anonymous_0)
FN:11,(anonymous_1)
FN:13,(anonymous_2)
FN:17,(anonymous_3)
FN:25,(anonymous_4)
FN:34,(anonymous_5)
FN:40,(anonymous_6)
FNF:7
FNH:0
FNDA:0,(anonymous_0)
FNDA:0,(anonymous_1)
FNDA:0,(anonymous_2)
FNDA:0,(anonymous_3)
FNDA:0,(anonymous_4)
FNDA:0,(anonymous_5)
FNDA:0,(anonymous_6)
DA:1,6
DA:5,0
DA:6,0
DA:7,0
DA:12,0
DA:13,0
DA:18,0
DA:19,0
DA:20,0
DA:21,0
DA:26,0
DA:27,0
DA:28,0
DA:30,0
DA:35,0
DA:36,0
DA:41,0
DA:45,6
LF:18
LH:2
BRDA:27,0,0,0
BRDA:27,0,1,0
BRF:2
BRH:0
end_of_record
TN:
SF:models\StudySession.js
FN:4,(anonymous_0)
FN:11,(anonymous_1)
FN:13,(anonymous_2)
FN:16,(anonymous_3)
FN:24,(anonymous_4)
FN:33,(anonymous_5)
FN:39,(anonymous_6)
FNF:7
FNH:4
FNDA:2,(anonymous_0)
FNDA:1,(anonymous_1)
FNDA:2,(anonymous_2)
FNDA:4,(anonymous_3)
FNDA:0,(anonymous_4)
FNDA:0,(anonymous_5)
FNDA:0,(anonymous_6)
DA:1,6
DA:5,2
DA:6,2
DA:7,2
DA:12,1
DA:13,2
DA:17,4
DA:18,4
DA:19,0
DA:20,0
DA:25,0
DA:26,0
DA:27,0
DA:29,0
DA:34,0
DA:35,0
DA:40,0
DA:44,6
LF:18
LH:9
BRDA:26,0,0,0
BRDA:26,0,1,0
BRF:2
BRH:0
end_of_record
TN:
SF:models\Tasks.js
FN:4,(anonymous_0)
FN:16,(anonymous_1)
FN:18,(anonymous_2)
FN:22,(anonymous_3)
FN:31,(anonymous_4)
FN:39,(anonymous_5)
FN:45,(anonymous_6)
FNF:7
FNH:7
FNDA:22,(anonymous_0)
FNDA:1,(anonymous_1)
FNDA:13,(anonymous_2)
FNDA:7,(anonymous_3)
FNDA:4,(anonymous_4)
FNDA:1,(anonymous_5)
FNDA:1,(anonymous_6)
DA:1,6
DA:5,22
DA:6,22
DA:7,22
DA:8,22
DA:9,22
DA:10,22
DA:11,22
DA:12,22
DA:13,22
DA:17,1
DA:18,13
DA:23,7
DA:24,7
DA:25,0
DA:27,7
DA:32,4
DA:33,4
DA:34,4
DA:35,4
DA:40,1
DA:41,1
DA:46,1
DA:50,6
LF:24
LH:23
BRDA:11,0,0,22
BRDA:11,0,1,16
BRDA:24,1,0,0
BRDA:24,1,1,7
BRF:4
BRH:3
end_of_record
TN:
SF:models\Token.js
FN:7,(anonymous_0)
FN:14,(anonymous_1)
FN:22,(anonymous_2)
FN:31,(anonymous_3)
FN:40,(anonymous_4)
FNF:5
FNH:0
FNDA:0,(anonymous_0)
FNDA:0,(anonymous_1)
FNDA:0,(anonymous_2)
FNDA:0,(anonymous_3)
FNDA:0,(anonymous_4)
DA:1,6
DA:3,6
DA:8,0
DA:9,0
DA:10,0
DA:11,0
DA:15,0
DA:16,0
DA:17,0
DA:18,0
DA:19,0
DA:23,0
DA:24,0
DA:25,0
DA:27,0
DA:32,0
DA:33,0
DA:34,0
DA:36,0
DA:41,0
DA:47,6
LF:21
LH:3
BRDA:24,0,0,0
BRDA:24,0,1,0
BRDA:33,1,0,0
BRDA:33,1,1,0
BRDA:40,2,0,0
BRF:5
BRH:0
end_of_record
TN:
SF:routes\adminRoutes.js
FNF:0
FNH:0
DA:1,6
DA:3,6
DA:5,6
DA:7,6
DA:8,6
DA:9,6
DA:10,6
DA:11,6
DA:12,6
DA:13,6
DA:14,6
DA:16,6
LF:12
LH:12
BRF:0
BRH:0
end_of_record
TN:
SF:routes\classRoutes.js
FNF:0
FNH:0
DA:1,6
DA:3,6
DA:5,6
DA:7,6
DA:8,6
DA:9,6
DA:10,6
DA:11,6
DA:12,6
DA:14,6
LF:10
LH:10
BRF:0
BRH:0
end_of_record
TN:
SF:routes\pokemonRoutes.js
FNF:0
FNH:0
DA:1,6
DA:3,6
DA:5,6
DA:7,6
DA:8,6
DA:9,6
DA:10,6
DA:11,6
DA:12,6
DA:13,6
DA:15,6
LF:11
LH:11
BRF:0
BRH:0
end_of_record
TN:
SF:routes\studentRoutes.js
FNF:0
FNH:0
DA:1,6
DA:3,6
DA:5,6
DA:6,6
DA:8,6
DA:10,6
DA:11,6
DA:12,6
DA:13,6
DA:14,6
DA:15,6
DA:16,6
DA:18,6
LF:13
LH:13
BRF:0
BRH:0
end_of_record
TN:
SF:routes\studentsRoutes.js
FNF:0
FNH:0
DA:1,6
DA:3,6
DA:5,6
DA:7,6
DA:8,6
DA:9,6
DA:10,6
DA:11,6
DA:13,6
LF:9
LH:9
BRF:0
BRH:0
end_of_record
TN:
SF:routes\studySessionRoutes.js
FNF:0
FNH:0
DA:1,6
DA:3,6
DA:5,6
DA:7,6
DA:8,6
DA:9,6
DA:10,6
DA:11,6
DA:13,6
LF:9
LH:9
BRF:0
BRH:0
end_of_record
TN:
SF:routes\tasksRoutes.js
FNF:0
FNH:0
DA:1,6
DA:3,6
DA:5,6
DA:7,6
DA:8,6
DA:9,6
DA:10,6
DA:11,6
DA:13,6
LF:9
LH:9
BRF:0
BRH:0
end_of_record
