{"C:\\Users\\justi\\OneDrive\\Desktop\\Lafosse\\RevisionApp\\RevisionApp\\client\\components\\index.jsx": {"path":"C:\\Users\\justi\\OneDrive\\Desktop\\Lafosse\\RevisionApp\\RevisionApp\\client\\components\\index.jsx","all":false,"statementMap":{"0":{"start":{"line":1,"column":0},"end":{"line":1,"column":52}},"1":{"start":{"line":2,"column":0},"end":{"line":2,"column":52}},"2":{"start":{"line":3,"column":0},"end":{"line":3,"column":70}},"3":{"start":{"line":4,"column":0},"end":{"line":4,"column":61}},"4":{"start":{"line":5,"column":0},"end":{"line":5,"column":64}},"5":{"start":{"line":6,"column":0},"end":{"line":6,"column":58}},"6":{"start":{"line":7,"column":0},"end":{"line":7,"column":79}},"7":{"start":{"line":8,"column":0},"end":{"line":8,"column":85}},"8":{"start":{"line":9,"column":0},"end":{"line":9,"column":61}},"9":{"start":{"line":10,"column":0},"end":{"line":10,"column":64}},"10":{"start":{"line":11,"column":0},"end":{"line":11,"column":55}},"11":{"start":{"line":12,"column":0},"end":{"line":12,"column":50}},"12":{"start":{"line":13,"column":0},"end":{"line":13,"column":51}},"13":{"start":{"line":14,"column":0},"end":{"line":14,"column":61}}},"s":{"0":1,"1":1,"2":1,"3":1,"4":1,"5":1,"6":1,"7":1,"8":1,"9":1,"10":1,"11":1,"12":1,"13":1},"branchMap":{},"b":{},"fnMap":{},"f":{}}
,"C:\\Users\\justi\\OneDrive\\Desktop\\Lafosse\\RevisionApp\\RevisionApp\\client\\components\\AddTaskForm\\index.jsx": {"path":"C:\\Users\\justi\\OneDrive\\Desktop\\Lafosse\\RevisionApp\\RevisionApp\\client\\components\\AddTaskForm\\index.jsx","all":false,"statementMap":{"0":{"start":{"line":1,"column":0},"end":{"line":1,"column":51}},"1":{"start":{"line":2,"column":0},"end":{"line":2,"column":46}},"2":{"start":{"line":3,"column":0},"end":{"line":3,"column":33}},"3":{"start":{"line":4,"column":0},"end":{"line":4,"column":41}},"4":{"start":{"line":5,"column":0},"end":{"line":5,"column":58}},"5":{"start":{"line":6,"column":0},"end":{"line":6,"column":53}},"6":{"start":{"line":7,"column":0},"end":{"line":7,"column":47}},"7":{"start":{"line":8,"column":0},"end":{"line":8,"column":51}},"8":{"start":{"line":9,"column":0},"end":{"line":9,"column":0}},"9":{"start":{"line":10,"column":0},"end":{"line":10,"column":19}},"10":{"start":{"line":11,"column":0},"end":{"line":11,"column":42}},"11":{"start":{"line":12,"column":0},"end":{"line":12,"column":70}},"12":{"start":{"line":13,"column":0},"end":{"line":13,"column":39}},"13":{"start":{"line":14,"column":0},"end":{"line":14,"column":28}},"14":{"start":{"line":15,"column":0},"end":{"line":15,"column":6}},"15":{"start":{"line":16,"column":0},"end":{"line":16,"column":23}},"16":{"start":{"line":17,"column":0},"end":{"line":17,"column":9}},"17":{"start":{"line":18,"column":0},"end":{"line":18,"column":0}},"18":{"start":{"line":19,"column":0},"end":{"line":19,"column":31}},"19":{"start":{"line":20,"column":0},"end":{"line":20,"column":23}},"20":{"start":{"line":21,"column":0},"end":{"line":21,"column":60}},"21":{"start":{"line":22,"column":0},"end":{"line":22,"column":17}},"22":{"start":{"line":23,"column":0},"end":{"line":23,"column":24}},"23":{"start":{"line":24,"column":0},"end":{"line":24,"column":23}},"24":{"start":{"line":25,"column":0},"end":{"line":25,"column":20}},"25":{"start":{"line":26,"column":0},"end":{"line":26,"column":4}},"26":{"start":{"line":27,"column":0},"end":{"line":27,"column":56}},"27":{"start":{"line":28,"column":0},"end":{"line":28,"column":10}},"28":{"start":{"line":29,"column":0},"end":{"line":29,"column":22}},"29":{"start":{"line":30,"column":0},"end":{"line":30,"column":27}},"30":{"start":{"line":31,"column":0},"end":{"line":31,"column":78}},"31":{"start":{"line":32,"column":0},"end":{"line":32,"column":44}},"32":{"start":{"line":33,"column":0},"end":{"line":33,"column":16}},"33":{"start":{"line":34,"column":0},"end":{"line":34,"column":41}},"34":{"start":{"line":35,"column":0},"end":{"line":35,"column":23}},"35":{"start":{"line":36,"column":0},"end":{"line":36,"column":36}},"36":{"start":{"line":37,"column":0},"end":{"line":37,"column":25}},"37":{"start":{"line":38,"column":0},"end":{"line":38,"column":54}},"38":{"start":{"line":39,"column":0},"end":{"line":39,"column":12}},"39":{"start":{"line":40,"column":0},"end":{"line":40,"column":14}},"40":{"start":{"line":41,"column":0},"end":{"line":41,"column":21}},"41":{"start":{"line":42,"column":0},"end":{"line":42,"column":12}},"42":{"start":{"line":43,"column":0},"end":{"line":43,"column":48}},"43":{"start":{"line":44,"column":0},"end":{"line":44,"column":20}},"44":{"start":{"line":45,"column":0},"end":{"line":45,"column":45}},"45":{"start":{"line":46,"column":0},"end":{"line":46,"column":29}},"46":{"start":{"line":47,"column":0},"end":{"line":47,"column":44}},"47":{"start":{"line":48,"column":0},"end":{"line":48,"column":38}},"48":{"start":{"line":49,"column":0},"end":{"line":49,"column":66}},"49":{"start":{"line":50,"column":0},"end":{"line":50,"column":16}},"50":{"start":{"line":51,"column":0},"end":{"line":51,"column":18}},"51":{"start":{"line":52,"column":0},"end":{"line":52,"column":48}},"52":{"start":{"line":53,"column":0},"end":{"line":53,"column":21}},"53":{"start":{"line":54,"column":0},"end":{"line":54,"column":39}},"54":{"start":{"line":55,"column":0},"end":{"line":55,"column":32}},"55":{"start":{"line":56,"column":0},"end":{"line":56,"column":61}},"56":{"start":{"line":57,"column":0},"end":{"line":57,"column":15}},"57":{"start":{"line":58,"column":0},"end":{"line":58,"column":41}},"58":{"start":{"line":59,"column":0},"end":{"line":59,"column":66}},"59":{"start":{"line":60,"column":0},"end":{"line":60,"column":34}},"60":{"start":{"line":61,"column":0},"end":{"line":61,"column":27}},"61":{"start":{"line":62,"column":0},"end":{"line":62,"column":19}},"62":{"start":{"line":63,"column":0},"end":{"line":63,"column":23}},"63":{"start":{"line":64,"column":0},"end":{"line":64,"column":18}},"64":{"start":{"line":65,"column":0},"end":{"line":65,"column":13}},"65":{"start":{"line":66,"column":0},"end":{"line":66,"column":10}},"66":{"start":{"line":67,"column":0},"end":{"line":67,"column":35}},"67":{"start":{"line":68,"column":0},"end":{"line":68,"column":19}},"68":{"start":{"line":69,"column":0},"end":{"line":69,"column":54}},"69":{"start":{"line":70,"column":0},"end":{"line":70,"column":42}},"70":{"start":{"line":71,"column":0},"end":{"line":71,"column":31}},"71":{"start":{"line":72,"column":0},"end":{"line":72,"column":60}},"72":{"start":{"line":73,"column":0},"end":{"line":73,"column":22}},"73":{"start":{"line":74,"column":0},"end":{"line":74,"column":14}},"74":{"start":{"line":75,"column":0},"end":{"line":75,"column":56}},"75":{"start":{"line":76,"column":0},"end":{"line":76,"column":74}},"76":{"start":{"line":77,"column":0},"end":{"line":77,"column":20}},"77":{"start":{"line":78,"column":0},"end":{"line":78,"column":19}},"78":{"start":{"line":79,"column":0},"end":{"line":79,"column":14}},"79":{"start":{"line":80,"column":0},"end":{"line":80,"column":13}},"80":{"start":{"line":81,"column":0},"end":{"line":81,"column":10}},"81":{"start":{"line":82,"column":0},"end":{"line":82,"column":4}},"82":{"start":{"line":83,"column":0},"end":{"line":83,"column":1}},"83":{"start":{"line":84,"column":0},"end":{"line":84,"column":27}}},"s":{"0":1,"1":3,"2":3,"3":3,"4":3,"5":3,"6":3,"7":3,"8":3,"9":3,"10":3,"11":3,"12":0,"13":0,"14":3,"15":3,"16":3,"17":3,"18":3,"19":0,"20":0,"21":0,"22":0,"23":0,"24":0,"25":0,"26":3,"27":3,"28":3,"29":3,"30":3,"31":3,"32":3,"33":3,"34":3,"35":3,"36":3,"37":3,"38":3,"39":3,"40":3,"41":0,"42":0,"43":0,"44":0,"45":0,"46":0,"47":0,"48":0,"49":0,"50":0,"51":0,"52":0,"53":0,"54":0,"55":0,"56":0,"57":0,"58":0,"59":0,"60":0,"61":0,"62":0,"63":0,"64":0,"65":3,"66":3,"67":3,"68":3,"69":3,"70":3,"71":3,"72":3,"73":3,"74":3,"75":3,"76":3,"77":3,"78":3,"79":3,"80":3,"81":3,"82":3,"83":1},"branchMap":{"0":{"type":"branch","line":2,"loc":{"start":{"line":2,"column":0},"end":{"line":83,"column":1}},"locations":[{"start":{"line":2,"column":0},"end":{"line":83,"column":1}}]},"1":{"type":"branch","line":41,"loc":{"start":{"line":41,"column":9},"end":{"line":65,"column":13}},"locations":[{"start":{"line":41,"column":9},"end":{"line":65,"column":13}}]},"2":{"type":"branch","line":10,"loc":{"start":{"line":10,"column":12},"end":{"line":17,"column":5}},"locations":[{"start":{"line":10,"column":12},"end":{"line":17,"column":5}}]},"3":{"type":"branch","line":11,"loc":{"start":{"line":11,"column":29},"end":{"line":15,"column":6}},"locations":[{"start":{"line":11,"column":29},"end":{"line":15,"column":6}}]},"4":{"type":"branch","line":12,"loc":{"start":{"line":12,"column":68},"end":{"line":14,"column":28}},"locations":[{"start":{"line":12,"column":68},"end":{"line":14,"column":28}}]}},"b":{"0":[3],"1":[0],"2":[3],"3":[3],"4":[0]},"fnMap":{"0":{"name":"AddTaskForm","decl":{"start":{"line":2,"column":0},"end":{"line":83,"column":1}},"loc":{"start":{"line":2,"column":0},"end":{"line":83,"column":1}},"line":2},"1":{"name":"getAllCategories","decl":{"start":{"line":11,"column":29},"end":{"line":15,"column":6}},"loc":{"start":{"line":11,"column":29},"end":{"line":15,"column":6}},"line":11},"2":{"name":"handleSubmit","decl":{"start":{"line":19,"column":23},"end":{"line":26,"column":4}},"loc":{"start":{"line":19,"column":23},"end":{"line":26,"column":4}},"line":19},"3":{"name":"onChange","decl":{"start":{"line":38,"column":22},"end":{"line":38,"column":54}},"loc":{"start":{"line":38,"column":22},"end":{"line":38,"column":54}},"line":38},"4":{"name":"onChange","decl":{"start":{"line":49,"column":26},"end":{"line":49,"column":66}},"loc":{"start":{"line":49,"column":26},"end":{"line":49,"column":66}},"line":49},"5":{"name":"onChange","decl":{"start":{"line":56,"column":26},"end":{"line":56,"column":61}},"loc":{"start":{"line":56,"column":26},"end":{"line":56,"column":61}},"line":56},"6":{"name":"onChange","decl":{"start":{"line":72,"column":22},"end":{"line":72,"column":60}},"loc":{"start":{"line":72,"column":22},"end":{"line":72,"column":60}},"line":72}},"f":{"0":3,"1":3,"2":0,"3":0,"4":0,"5":0,"6":0}}
,"C:\\Users\\justi\\OneDrive\\Desktop\\Lafosse\\RevisionApp\\RevisionApp\\client\\components\\Footer\\Footer.jsx": {"path":"C:\\Users\\justi\\OneDrive\\Desktop\\Lafosse\\RevisionApp\\RevisionApp\\client\\components\\Footer\\Footer.jsx","all":false,"statementMap":{"0":{"start":{"line":1,"column":0},"end":{"line":1,"column":25}},"1":{"start":{"line":2,"column":0},"end":{"line":2,"column":0}},"2":{"start":{"line":3,"column":0},"end":{"line":3,"column":39}},"3":{"start":{"line":4,"column":0},"end":{"line":4,"column":10}},"4":{"start":{"line":5,"column":0},"end":{"line":5,"column":150}},"5":{"start":{"line":6,"column":0},"end":{"line":6,"column":3}},"6":{"start":{"line":7,"column":0},"end":{"line":7,"column":1}},"7":{"start":{"line":8,"column":0},"end":{"line":8,"column":0}},"8":{"start":{"line":9,"column":0},"end":{"line":9,"column":21}}},"s":{"0":1,"1":1,"2":2,"3":2,"4":2,"5":2,"6":2,"7":1,"8":1},"branchMap":{"0":{"type":"branch","line":3,"loc":{"start":{"line":3,"column":0},"end":{"line":7,"column":1}},"locations":[{"start":{"line":3,"column":0},"end":{"line":7,"column":1}}]}},"b":{"0":[2]},"fnMap":{"0":{"name":"Footer","decl":{"start":{"line":3,"column":0},"end":{"line":7,"column":1}},"loc":{"start":{"line":3,"column":0},"end":{"line":7,"column":1}},"line":3}},"f":{"0":2}}
,"C:\\Users\\justi\\OneDrive\\Desktop\\Lafosse\\RevisionApp\\RevisionApp\\client\\components\\Header\\Header.jsx": {"path":"C:\\Users\\justi\\OneDrive\\Desktop\\Lafosse\\RevisionApp\\RevisionApp\\client\\components\\Header\\Header.jsx","all":false,"statementMap":{"0":{"start":{"line":1,"column":0},"end":{"line":1,"column":25}},"1":{"start":{"line":2,"column":0},"end":{"line":2,"column":42}},"2":{"start":{"line":3,"column":0},"end":{"line":3,"column":49}},"3":{"start":{"line":4,"column":0},"end":{"line":4,"column":49}},"4":{"start":{"line":5,"column":0},"end":{"line":5,"column":0}},"5":{"start":{"line":6,"column":0},"end":{"line":6,"column":34}},"6":{"start":{"line":7,"column":0},"end":{"line":7,"column":10}},"7":{"start":{"line":8,"column":0},"end":{"line":8,"column":55}},"8":{"start":{"line":9,"column":0},"end":{"line":9,"column":31}},"9":{"start":{"line":10,"column":0},"end":{"line":10,"column":47}},"10":{"start":{"line":11,"column":0},"end":{"line":11,"column":41}},"11":{"start":{"line":12,"column":0},"end":{"line":12,"column":55}},"12":{"start":{"line":13,"column":0},"end":{"line":13,"column":110}},"13":{"start":{"line":14,"column":0},"end":{"line":14,"column":103}},"14":{"start":{"line":15,"column":0},"end":{"line":15,"column":14}},"15":{"start":{"line":16,"column":0},"end":{"line":16,"column":188}},"16":{"start":{"line":17,"column":0},"end":{"line":17,"column":55}},"17":{"start":{"line":18,"column":0},"end":{"line":18,"column":19}},"18":{"start":{"line":19,"column":0},"end":{"line":19,"column":65}},"19":{"start":{"line":20,"column":0},"end":{"line":20,"column":45}},"20":{"start":{"line":21,"column":0},"end":{"line":21,"column":70}},"21":{"start":{"line":22,"column":0},"end":{"line":22,"column":80}},"22":{"start":{"line":23,"column":0},"end":{"line":23,"column":76}},"23":{"start":{"line":24,"column":0},"end":{"line":24,"column":82}},"24":{"start":{"line":25,"column":0},"end":{"line":25,"column":18}},"25":{"start":{"line":26,"column":0},"end":{"line":26,"column":16}},"26":{"start":{"line":27,"column":0},"end":{"line":27,"column":12}},"27":{"start":{"line":28,"column":0},"end":{"line":28,"column":12}},"28":{"start":{"line":29,"column":0},"end":{"line":29,"column":10}},"29":{"start":{"line":30,"column":0},"end":{"line":30,"column":13}},"30":{"start":{"line":31,"column":0},"end":{"line":31,"column":3}},"31":{"start":{"line":32,"column":0},"end":{"line":32,"column":1}}},"s":{"0":1,"1":1,"2":1,"3":1,"4":1,"5":4,"6":4,"7":4,"8":4,"9":4,"10":4,"11":4,"12":4,"13":4,"14":4,"15":4,"16":4,"17":4,"18":4,"19":4,"20":4,"21":4,"22":4,"23":4,"24":4,"25":4,"26":4,"27":4,"28":4,"29":4,"30":4,"31":4},"branchMap":{"0":{"type":"branch","line":6,"loc":{"start":{"line":6,"column":0},"end":{"line":32,"column":1}},"locations":[{"start":{"line":6,"column":0},"end":{"line":32,"column":1}}]}},"b":{"0":[4]},"fnMap":{"0":{"name":"Header","decl":{"start":{"line":6,"column":0},"end":{"line":32,"column":1}},"loc":{"start":{"line":6,"column":0},"end":{"line":32,"column":1}},"line":6}},"f":{"0":4}}
,"C:\\Users\\justi\\OneDrive\\Desktop\\Lafosse\\RevisionApp\\RevisionApp\\client\\components\\LeftColumn\\LeftColumn.jsx": {"path":"C:\\Users\\justi\\OneDrive\\Desktop\\Lafosse\\RevisionApp\\RevisionApp\\client\\components\\LeftColumn\\LeftColumn.jsx","all":false,"statementMap":{"0":{"start":{"line":1,"column":0},"end":{"line":1,"column":26}},"1":{"start":{"line":2,"column":0},"end":{"line":2,"column":0}},"2":{"start":{"line":3,"column":0},"end":{"line":3,"column":23}},"3":{"start":{"line":4,"column":0},"end":{"line":4,"column":10}},"4":{"start":{"line":5,"column":0},"end":{"line":5,"column":69}},"5":{"start":{"line":6,"column":0},"end":{"line":6,"column":23}},"6":{"start":{"line":7,"column":0},"end":{"line":7,"column":39}},"7":{"start":{"line":8,"column":0},"end":{"line":8,"column":14}},"8":{"start":{"line":9,"column":0},"end":{"line":9,"column":38}},"9":{"start":{"line":10,"column":0},"end":{"line":10,"column":25}},"10":{"start":{"line":11,"column":0},"end":{"line":11,"column":18}},"11":{"start":{"line":12,"column":0},"end":{"line":12,"column":31}},"12":{"start":{"line":13,"column":0},"end":{"line":13,"column":10}},"13":{"start":{"line":14,"column":0},"end":{"line":14,"column":71}},"14":{"start":{"line":15,"column":0},"end":{"line":15,"column":17}},"15":{"start":{"line":16,"column":0},"end":{"line":16,"column":16}},"16":{"start":{"line":17,"column":0},"end":{"line":17,"column":12}},"17":{"start":{"line":18,"column":0},"end":{"line":18,"column":39}},"18":{"start":{"line":19,"column":0},"end":{"line":19,"column":14}},"19":{"start":{"line":20,"column":0},"end":{"line":20,"column":38}},"20":{"start":{"line":21,"column":0},"end":{"line":21,"column":25}},"21":{"start":{"line":22,"column":0},"end":{"line":22,"column":18}},"22":{"start":{"line":23,"column":0},"end":{"line":23,"column":31}},"23":{"start":{"line":24,"column":0},"end":{"line":24,"column":10}},"24":{"start":{"line":25,"column":0},"end":{"line":25,"column":71}},"25":{"start":{"line":26,"column":0},"end":{"line":26,"column":17}},"26":{"start":{"line":27,"column":0},"end":{"line":27,"column":16}},"27":{"start":{"line":28,"column":0},"end":{"line":28,"column":12}},"28":{"start":{"line":29,"column":0},"end":{"line":29,"column":34}},"29":{"start":{"line":30,"column":0},"end":{"line":30,"column":14}},"30":{"start":{"line":31,"column":0},"end":{"line":31,"column":38}},"31":{"start":{"line":32,"column":0},"end":{"line":32,"column":25}},"32":{"start":{"line":33,"column":0},"end":{"line":33,"column":18}},"33":{"start":{"line":34,"column":0},"end":{"line":34,"column":32}},"34":{"start":{"line":35,"column":0},"end":{"line":35,"column":10}},"35":{"start":{"line":36,"column":0},"end":{"line":36,"column":72}},"36":{"start":{"line":37,"column":0},"end":{"line":37,"column":19}},"37":{"start":{"line":38,"column":0},"end":{"line":38,"column":16}},"38":{"start":{"line":39,"column":0},"end":{"line":39,"column":12}},"39":{"start":{"line":40,"column":0},"end":{"line":40,"column":10}},"40":{"start":{"line":41,"column":0},"end":{"line":41,"column":4}},"41":{"start":{"line":42,"column":0},"end":{"line":42,"column":1}},"42":{"start":{"line":43,"column":0},"end":{"line":43,"column":0}},"43":{"start":{"line":44,"column":0},"end":{"line":44,"column":26}}},"s":{"0":1,"1":1,"2":3,"3":3,"4":3,"5":3,"6":3,"7":3,"8":3,"9":3,"10":3,"11":3,"12":3,"13":3,"14":3,"15":3,"16":3,"17":3,"18":3,"19":3,"20":3,"21":3,"22":3,"23":3,"24":3,"25":3,"26":3,"27":3,"28":3,"29":3,"30":3,"31":3,"32":3,"33":3,"34":3,"35":3,"36":3,"37":3,"38":3,"39":3,"40":3,"41":3,"42":1,"43":1},"branchMap":{"0":{"type":"branch","line":3,"loc":{"start":{"line":3,"column":0},"end":{"line":42,"column":1}},"locations":[{"start":{"line":3,"column":0},"end":{"line":42,"column":1}}]}},"b":{"0":[3]},"fnMap":{"0":{"name":"LeftColumn","decl":{"start":{"line":3,"column":0},"end":{"line":42,"column":1}},"loc":{"start":{"line":3,"column":0},"end":{"line":42,"column":1}},"line":3}},"f":{"0":3}}
,"C:\\Users\\justi\\OneDrive\\Desktop\\Lafosse\\RevisionApp\\RevisionApp\\client\\components\\LoginForm\\LoginForm.jsx": {"path":"C:\\Users\\justi\\OneDrive\\Desktop\\Lafosse\\RevisionApp\\RevisionApp\\client\\components\\LoginForm\\LoginForm.jsx","all":false,"statementMap":{"0":{"start":{"line":1,"column":0},"end":{"line":1,"column":25}},"1":{"start":{"line":2,"column":0},"end":{"line":2,"column":0}},"2":{"start":{"line":3,"column":0},"end":{"line":3,"column":22}},"3":{"start":{"line":4,"column":0},"end":{"line":4,"column":10}},"4":{"start":{"line":5,"column":0},"end":{"line":5,"column":6}},"5":{"start":{"line":6,"column":0},"end":{"line":6,"column":64}},"6":{"start":{"line":7,"column":0},"end":{"line":7,"column":49}},"7":{"start":{"line":8,"column":0},"end":{"line":8,"column":34}},"8":{"start":{"line":9,"column":0},"end":{"line":9,"column":30}},"9":{"start":{"line":10,"column":0},"end":{"line":10,"column":81}},"10":{"start":{"line":11,"column":0},"end":{"line":11,"column":107}},"11":{"start":{"line":12,"column":0},"end":{"line":12,"column":35}},"12":{"start":{"line":13,"column":0},"end":{"line":13,"column":14}},"13":{"start":{"line":14,"column":0},"end":{"line":14,"column":30}},"14":{"start":{"line":15,"column":0},"end":{"line":15,"column":88}},"15":{"start":{"line":16,"column":0},"end":{"line":16,"column":84}},"16":{"start":{"line":17,"column":0},"end":{"line":17,"column":39}},"17":{"start":{"line":18,"column":0},"end":{"line":18,"column":14}},"18":{"start":{"line":19,"column":0},"end":{"line":19,"column":95}},"19":{"start":{"line":20,"column":0},"end":{"line":20,"column":12}},"20":{"start":{"line":21,"column":0},"end":{"line":21,"column":11}},"21":{"start":{"line":22,"column":0},"end":{"line":22,"column":7}},"22":{"start":{"line":23,"column":0},"end":{"line":23,"column":3}},"23":{"start":{"line":24,"column":0},"end":{"line":24,"column":1}},"24":{"start":{"line":25,"column":0},"end":{"line":25,"column":0}},"25":{"start":{"line":26,"column":0},"end":{"line":26,"column":24}}},"s":{"0":1,"1":1,"2":3,"3":3,"4":3,"5":3,"6":3,"7":3,"8":3,"9":3,"10":3,"11":3,"12":3,"13":3,"14":3,"15":3,"16":3,"17":3,"18":3,"19":3,"20":3,"21":3,"22":3,"23":3,"24":1,"25":1},"branchMap":{"0":{"type":"branch","line":3,"loc":{"start":{"line":3,"column":0},"end":{"line":24,"column":1}},"locations":[{"start":{"line":3,"column":0},"end":{"line":24,"column":1}}]}},"b":{"0":[3]},"fnMap":{"0":{"name":"LoginForm","decl":{"start":{"line":3,"column":0},"end":{"line":24,"column":1}},"loc":{"start":{"line":3,"column":0},"end":{"line":24,"column":1}},"line":3}},"f":{"0":3}}
,"C:\\Users\\justi\\OneDrive\\Desktop\\Lafosse\\RevisionApp\\RevisionApp\\client\\components\\ModalAcceptTask\\ModalAcceptTask.jsx": {"path":"C:\\Users\\justi\\OneDrive\\Desktop\\Lafosse\\RevisionApp\\RevisionApp\\client\\components\\ModalAcceptTask\\ModalAcceptTask.jsx","all":false,"statementMap":{"0":{"start":{"line":1,"column":0},"end":{"line":1,"column":40}},"1":{"start":{"line":2,"column":0},"end":{"line":2,"column":53}},"2":{"start":{"line":3,"column":0},"end":{"line":3,"column":0}},"3":{"start":{"line":4,"column":0},"end":{"line":4,"column":0}},"4":{"start":{"line":5,"column":0},"end":{"line":5,"column":80}},"5":{"start":{"line":6,"column":0},"end":{"line":6,"column":74}},"6":{"start":{"line":7,"column":0},"end":{"line":7,"column":41}},"7":{"start":{"line":8,"column":0},"end":{"line":8,"column":37}},"8":{"start":{"line":9,"column":0},"end":{"line":9,"column":4}},"9":{"start":{"line":10,"column":0},"end":{"line":10,"column":10}},"10":{"start":{"line":11,"column":0},"end":{"line":11,"column":6}},"11":{"start":{"line":12,"column":0},"end":{"line":12,"column":10}},"12":{"start":{"line":13,"column":0},"end":{"line":13,"column":30}},"13":{"start":{"line":14,"column":0},"end":{"line":14,"column":25}},"14":{"start":{"line":15,"column":0},"end":{"line":15,"column":21}},"15":{"start":{"line":16,"column":0},"end":{"line":16,"column":43}},"16":{"start":{"line":17,"column":0},"end":{"line":17,"column":26}},"17":{"start":{"line":18,"column":0},"end":{"line":18,"column":7}},"18":{"start":{"line":19,"column":0},"end":{"line":19,"column":60}},"19":{"start":{"line":20,"column":0},"end":{"line":20,"column":41}},"20":{"start":{"line":21,"column":0},"end":{"line":21,"column":42}},"21":{"start":{"line":22,"column":0},"end":{"line":22,"column":65}},"22":{"start":{"line":23,"column":0},"end":{"line":23,"column":23}},"23":{"start":{"line":24,"column":0},"end":{"line":24,"column":19}},"24":{"start":{"line":25,"column":0},"end":{"line":25,"column":21}},"25":{"start":{"line":26,"column":0},"end":{"line":26,"column":29}},"26":{"start":{"line":27,"column":0},"end":{"line":27,"column":37}},"27":{"start":{"line":28,"column":0},"end":{"line":28,"column":39}},"28":{"start":{"line":29,"column":0},"end":{"line":29,"column":34}},"29":{"start":{"line":30,"column":0},"end":{"line":30,"column":24}},"30":{"start":{"line":31,"column":0},"end":{"line":31,"column":18}},"31":{"start":{"line":32,"column":0},"end":{"line":32,"column":40}},"32":{"start":{"line":33,"column":0},"end":{"line":33,"column":34}},"33":{"start":{"line":34,"column":0},"end":{"line":34,"column":17}},"34":{"start":{"line":35,"column":0},"end":{"line":35,"column":88}},"35":{"start":{"line":36,"column":0},"end":{"line":36,"column":18}},"36":{"start":{"line":37,"column":0},"end":{"line":37,"column":36}},"37":{"start":{"line":38,"column":0},"end":{"line":38,"column":22}},"38":{"start":{"line":39,"column":0},"end":{"line":39,"column":24}},"39":{"start":{"line":40,"column":0},"end":{"line":40,"column":56}},"40":{"start":{"line":41,"column":0},"end":{"line":41,"column":46}},"41":{"start":{"line":42,"column":0},"end":{"line":42,"column":19}},"42":{"start":{"line":43,"column":0},"end":{"line":43,"column":47}},"43":{"start":{"line":44,"column":0},"end":{"line":44,"column":26}},"44":{"start":{"line":45,"column":0},"end":{"line":45,"column":24}},"45":{"start":{"line":46,"column":0},"end":{"line":46,"column":33}},"46":{"start":{"line":47,"column":0},"end":{"line":47,"column":53}},"47":{"start":{"line":48,"column":0},"end":{"line":48,"column":44}},"48":{"start":{"line":49,"column":0},"end":{"line":49,"column":51}},"49":{"start":{"line":50,"column":0},"end":{"line":50,"column":41}},"50":{"start":{"line":51,"column":0},"end":{"line":51,"column":28}},"51":{"start":{"line":52,"column":0},"end":{"line":52,"column":20}},"52":{"start":{"line":53,"column":0},"end":{"line":53,"column":23}},"53":{"start":{"line":54,"column":0},"end":{"line":54,"column":20}},"54":{"start":{"line":55,"column":0},"end":{"line":55,"column":18}},"55":{"start":{"line":56,"column":0},"end":{"line":56,"column":42}},"56":{"start":{"line":57,"column":0},"end":{"line":57,"column":21}},"57":{"start":{"line":58,"column":0},"end":{"line":58,"column":29}},"58":{"start":{"line":59,"column":0},"end":{"line":59,"column":45}},"59":{"start":{"line":60,"column":0},"end":{"line":60,"column":39}},"60":{"start":{"line":61,"column":0},"end":{"line":61,"column":15}},"61":{"start":{"line":62,"column":0},"end":{"line":62,"column":21}},"62":{"start":{"line":63,"column":0},"end":{"line":63,"column":23}},"63":{"start":{"line":64,"column":0},"end":{"line":64,"column":21}},"64":{"start":{"line":65,"column":0},"end":{"line":65,"column":29}},"65":{"start":{"line":66,"column":0},"end":{"line":66,"column":43}},"66":{"start":{"line":67,"column":0},"end":{"line":67,"column":59}},"67":{"start":{"line":68,"column":0},"end":{"line":68,"column":38}},"68":{"start":{"line":69,"column":0},"end":{"line":69,"column":15}},"69":{"start":{"line":70,"column":0},"end":{"line":70,"column":31}},"70":{"start":{"line":71,"column":0},"end":{"line":71,"column":23}},"71":{"start":{"line":72,"column":0},"end":{"line":72,"column":18}},"72":{"start":{"line":73,"column":0},"end":{"line":73,"column":16}},"73":{"start":{"line":74,"column":0},"end":{"line":74,"column":14}},"74":{"start":{"line":75,"column":0},"end":{"line":75,"column":12}},"75":{"start":{"line":76,"column":0},"end":{"line":76,"column":76}},"76":{"start":{"line":77,"column":0},"end":{"line":77,"column":7}},"77":{"start":{"line":78,"column":0},"end":{"line":78,"column":4}},"78":{"start":{"line":79,"column":0},"end":{"line":79,"column":1}},"79":{"start":{"line":80,"column":0},"end":{"line":80,"column":0}},"80":{"start":{"line":81,"column":0},"end":{"line":81,"column":31}}},"s":{"0":1,"1":1,"2":1,"3":1,"4":14,"5":14,"6":14,"7":0,"8":0,"9":14,"10":14,"11":14,"12":14,"13":14,"14":14,"15":14,"16":14,"17":14,"18":14,"19":14,"20":14,"21":14,"22":14,"23":14,"24":14,"25":14,"26":14,"27":14,"28":14,"29":14,"30":14,"31":14,"32":14,"33":14,"34":14,"35":14,"36":14,"37":14,"38":14,"39":14,"40":14,"41":14,"42":14,"43":14,"44":14,"45":14,"46":14,"47":14,"48":14,"49":14,"50":14,"51":14,"52":14,"53":14,"54":14,"55":14,"56":14,"57":14,"58":14,"59":14,"60":14,"61":14,"62":14,"63":14,"64":14,"65":14,"66":14,"67":14,"68":14,"69":14,"70":14,"71":14,"72":14,"73":14,"74":14,"75":14,"76":14,"77":14,"78":14,"79":1,"80":1},"branchMap":{"0":{"type":"branch","line":5,"loc":{"start":{"line":5,"column":0},"end":{"line":79,"column":1}},"locations":[{"start":{"line":5,"column":0},"end":{"line":79,"column":1}}]}},"b":{"0":[14]},"fnMap":{"0":{"name":"ModalAcceptTask","decl":{"start":{"line":5,"column":0},"end":{"line":79,"column":1}},"loc":{"start":{"line":5,"column":0},"end":{"line":79,"column":1}},"line":5},"1":{"name":"handleSetSuggestedTime","decl":{"start":{"line":7,"column":33},"end":{"line":9,"column":4}},"loc":{"start":{"line":7,"column":33},"end":{"line":9,"column":4}},"line":7}},"f":{"0":14,"1":0}}
,"C:\\Users\\justi\\OneDrive\\Desktop\\Lafosse\\RevisionApp\\RevisionApp\\client\\components\\ModalAcceptedTask\\ModalAcceptedTask.jsx": {"path":"C:\\Users\\justi\\OneDrive\\Desktop\\Lafosse\\RevisionApp\\RevisionApp\\client\\components\\ModalAcceptedTask\\ModalAcceptedTask.jsx","all":false,"statementMap":{"0":{"start":{"line":1,"column":0},"end":{"line":1,"column":25}},"1":{"start":{"line":2,"column":0},"end":{"line":2,"column":50}},"2":{"start":{"line":3,"column":0},"end":{"line":3,"column":0}},"3":{"start":{"line":4,"column":0},"end":{"line":4,"column":40}},"4":{"start":{"line":5,"column":0},"end":{"line":5,"column":10}},"5":{"start":{"line":6,"column":0},"end":{"line":6,"column":144}},"6":{"start":{"line":7,"column":0},"end":{"line":7,"column":58}},"7":{"start":{"line":8,"column":0},"end":{"line":8,"column":39}},"8":{"start":{"line":9,"column":0},"end":{"line":9,"column":40}},"9":{"start":{"line":10,"column":0},"end":{"line":10,"column":100}},"10":{"start":{"line":11,"column":0},"end":{"line":11,"column":108}},"11":{"start":{"line":12,"column":0},"end":{"line":12,"column":16}},"12":{"start":{"line":13,"column":0},"end":{"line":13,"column":38}},"13":{"start":{"line":14,"column":0},"end":{"line":14,"column":44}},"14":{"start":{"line":15,"column":0},"end":{"line":15,"column":94}},"15":{"start":{"line":16,"column":0},"end":{"line":16,"column":16}},"16":{"start":{"line":17,"column":0},"end":{"line":17,"column":40}},"17":{"start":{"line":18,"column":0},"end":{"line":18,"column":202}},"18":{"start":{"line":19,"column":0},"end":{"line":19,"column":102}},"19":{"start":{"line":20,"column":0},"end":{"line":20,"column":16}},"20":{"start":{"line":21,"column":0},"end":{"line":21,"column":14}},"21":{"start":{"line":22,"column":0},"end":{"line":22,"column":12}},"22":{"start":{"line":23,"column":0},"end":{"line":23,"column":10}},"23":{"start":{"line":24,"column":0},"end":{"line":24,"column":3}},"24":{"start":{"line":25,"column":0},"end":{"line":25,"column":1}},"25":{"start":{"line":26,"column":0},"end":{"line":26,"column":0}},"26":{"start":{"line":27,"column":0},"end":{"line":27,"column":32}}},"s":{"0":1,"1":1,"2":1,"3":15,"4":15,"5":15,"6":15,"7":15,"8":15,"9":15,"10":15,"11":15,"12":15,"13":15,"14":15,"15":15,"16":15,"17":15,"18":15,"19":15,"20":15,"21":15,"22":15,"23":15,"24":15,"25":1,"26":1},"branchMap":{"0":{"type":"branch","line":4,"loc":{"start":{"line":4,"column":0},"end":{"line":25,"column":1}},"locations":[{"start":{"line":4,"column":0},"end":{"line":25,"column":1}}]}},"b":{"0":[15]},"fnMap":{"0":{"name":"ModalAcceptedTask","decl":{"start":{"line":4,"column":0},"end":{"line":25,"column":1}},"loc":{"start":{"line":4,"column":0},"end":{"line":25,"column":1}},"line":4}},"f":{"0":15}}
,"C:\\Users\\justi\\OneDrive\\Desktop\\Lafosse\\RevisionApp\\RevisionApp\\client\\components\\ModalAcceptedTask\\WrapperComponentForTesting.jsx": {"path":"C:\\Users\\justi\\OneDrive\\Desktop\\Lafosse\\RevisionApp\\RevisionApp\\client\\components\\ModalAcceptedTask\\WrapperComponentForTesting.jsx","all":false,"statementMap":{"0":{"start":{"line":1,"column":0},"end":{"line":1,"column":32}},"1":{"start":{"line":2,"column":0},"end":{"line":2,"column":26}},"2":{"start":{"line":3,"column":0},"end":{"line":3,"column":52}},"3":{"start":{"line":4,"column":0},"end":{"line":4,"column":0}},"4":{"start":{"line":5,"column":0},"end":{"line":5,"column":54}},"5":{"start":{"line":6,"column":0},"end":{"line":6,"column":9}},"6":{"start":{"line":7,"column":0},"end":{"line":7,"column":47}},"7":{"start":{"line":8,"column":0},"end":{"line":8,"column":44}},"8":{"start":{"line":9,"column":0},"end":{"line":9,"column":8}},"9":{"start":{"line":10,"column":0},"end":{"line":10,"column":3}},"10":{"start":{"line":11,"column":0},"end":{"line":11,"column":2}},"11":{"start":{"line":12,"column":0},"end":{"line":12,"column":0}},"12":{"start":{"line":13,"column":0},"end":{"line":13,"column":42}}},"s":{"0":1,"1":1,"2":1,"3":1,"4":1,"5":1,"6":1,"7":1,"8":1,"9":1,"10":1,"11":1,"12":1},"branchMap":{"0":{"type":"branch","line":5,"loc":{"start":{"line":5,"column":35},"end":{"line":11,"column":2}},"locations":[{"start":{"line":5,"column":35},"end":{"line":11,"column":2}}]}},"b":{"0":[1]},"fnMap":{"0":{"name":"WrapperComponentForTesting","decl":{"start":{"line":5,"column":35},"end":{"line":11,"column":2}},"loc":{"start":{"line":5,"column":35},"end":{"line":11,"column":2}},"line":5}},"f":{"0":1}}
,"C:\\Users\\justi\\OneDrive\\Desktop\\Lafosse\\RevisionApp\\RevisionApp\\client\\components\\Preloader\\Preloader.jsx": {"path":"C:\\Users\\justi\\OneDrive\\Desktop\\Lafosse\\RevisionApp\\RevisionApp\\client\\components\\Preloader\\Preloader.jsx","all":false,"statementMap":{"0":{"start":{"line":1,"column":0},"end":{"line":1,"column":26}},"1":{"start":{"line":2,"column":0},"end":{"line":2,"column":58}},"2":{"start":{"line":3,"column":0},"end":{"line":3,"column":0}},"3":{"start":{"line":4,"column":0},"end":{"line":4,"column":19}},"4":{"start":{"line":5,"column":0},"end":{"line":5,"column":10}},"5":{"start":{"line":6,"column":0},"end":{"line":6,"column":28}},"6":{"start":{"line":7,"column":0},"end":{"line":7,"column":32}},"7":{"start":{"line":8,"column":0},"end":{"line":8,"column":20}},"8":{"start":{"line":9,"column":0},"end":{"line":9,"column":10}},"9":{"start":{"line":10,"column":0},"end":{"line":10,"column":4}},"10":{"start":{"line":11,"column":0},"end":{"line":11,"column":1}},"11":{"start":{"line":12,"column":0},"end":{"line":12,"column":0}},"12":{"start":{"line":13,"column":0},"end":{"line":13,"column":22}}},"s":{"0":1,"1":1,"2":1,"3":2,"4":2,"5":2,"6":2,"7":2,"8":2,"9":2,"10":2,"11":1,"12":1},"branchMap":{"0":{"type":"branch","line":4,"loc":{"start":{"line":4,"column":0},"end":{"line":11,"column":1}},"locations":[{"start":{"line":4,"column":0},"end":{"line":11,"column":1}}]}},"b":{"0":[2]},"fnMap":{"0":{"name":"Loader","decl":{"start":{"line":4,"column":0},"end":{"line":11,"column":1}},"loc":{"start":{"line":4,"column":0},"end":{"line":11,"column":1}},"line":4}},"f":{"0":2}}
,"C:\\Users\\justi\\OneDrive\\Desktop\\Lafosse\\RevisionApp\\RevisionApp\\client\\components\\RegisterForm\\RegisterForm.jsx": {"path":"C:\\Users\\justi\\OneDrive\\Desktop\\Lafosse\\RevisionApp\\RevisionApp\\client\\components\\RegisterForm\\RegisterForm.jsx","all":false,"statementMap":{"0":{"start":{"line":1,"column":0},"end":{"line":1,"column":25}},"1":{"start":{"line":2,"column":0},"end":{"line":2,"column":0}},"2":{"start":{"line":3,"column":0},"end":{"line":3,"column":25}},"3":{"start":{"line":4,"column":0},"end":{"line":4,"column":10}},"4":{"start":{"line":5,"column":0},"end":{"line":5,"column":64}},"5":{"start":{"line":6,"column":0},"end":{"line":6,"column":52}},"6":{"start":{"line":7,"column":0},"end":{"line":7,"column":40}},"7":{"start":{"line":8,"column":0},"end":{"line":8,"column":34}},"8":{"start":{"line":9,"column":0},"end":{"line":9,"column":85}},"9":{"start":{"line":10,"column":0},"end":{"line":10,"column":111}},"10":{"start":{"line":11,"column":0},"end":{"line":11,"column":39}},"11":{"start":{"line":12,"column":0},"end":{"line":12,"column":18}},"12":{"start":{"line":13,"column":0},"end":{"line":13,"column":34}},"13":{"start":{"line":14,"column":0},"end":{"line":14,"column":92}},"14":{"start":{"line":15,"column":0},"end":{"line":15,"column":88}},"15":{"start":{"line":16,"column":0},"end":{"line":16,"column":43}},"16":{"start":{"line":17,"column":0},"end":{"line":17,"column":18}},"17":{"start":{"line":18,"column":0},"end":{"line":18,"column":34}},"18":{"start":{"line":19,"column":0},"end":{"line":19,"column":100}},"19":{"start":{"line":20,"column":0},"end":{"line":20,"column":88}},"20":{"start":{"line":21,"column":0},"end":{"line":21,"column":49}},"21":{"start":{"line":22,"column":0},"end":{"line":22,"column":18}},"22":{"start":{"line":23,"column":0},"end":{"line":23,"column":34}},"23":{"start":{"line":24,"column":0},"end":{"line":24,"column":84}},"24":{"start":{"line":25,"column":0},"end":{"line":25,"column":82}},"25":{"start":{"line":26,"column":0},"end":{"line":26,"column":48}},"26":{"start":{"line":27,"column":0},"end":{"line":27,"column":46}},"27":{"start":{"line":28,"column":0},"end":{"line":28,"column":46}},"28":{"start":{"line":29,"column":0},"end":{"line":29,"column":48}},"29":{"start":{"line":30,"column":0},"end":{"line":30,"column":23}},"30":{"start":{"line":31,"column":0},"end":{"line":31,"column":18}},"31":{"start":{"line":32,"column":0},"end":{"line":32,"column":102}},"32":{"start":{"line":33,"column":0},"end":{"line":33,"column":18}},"33":{"start":{"line":34,"column":0},"end":{"line":34,"column":17}},"34":{"start":{"line":35,"column":0},"end":{"line":35,"column":3}},"35":{"start":{"line":36,"column":0},"end":{"line":36,"column":1}},"36":{"start":{"line":37,"column":0},"end":{"line":37,"column":0}},"37":{"start":{"line":38,"column":0},"end":{"line":38,"column":27}}},"s":{"0":1,"1":1,"2":6,"3":6,"4":6,"5":6,"6":6,"7":6,"8":6,"9":6,"10":6,"11":6,"12":6,"13":6,"14":6,"15":6,"16":6,"17":6,"18":6,"19":6,"20":6,"21":6,"22":6,"23":6,"24":6,"25":6,"26":6,"27":6,"28":6,"29":6,"30":6,"31":6,"32":6,"33":6,"34":6,"35":6,"36":1,"37":1},"branchMap":{"0":{"type":"branch","line":3,"loc":{"start":{"line":3,"column":0},"end":{"line":36,"column":1}},"locations":[{"start":{"line":3,"column":0},"end":{"line":36,"column":1}}]}},"b":{"0":[6]},"fnMap":{"0":{"name":"RegisterForm","decl":{"start":{"line":3,"column":0},"end":{"line":36,"column":1}},"loc":{"start":{"line":3,"column":0},"end":{"line":36,"column":1}},"line":3}},"f":{"0":6}}
,"C:\\Users\\justi\\OneDrive\\Desktop\\Lafosse\\RevisionApp\\RevisionApp\\client\\components\\StopWatch\\StopWatch.jsx": {"path":"C:\\Users\\justi\\OneDrive\\Desktop\\Lafosse\\RevisionApp\\RevisionApp\\client\\components\\StopWatch\\StopWatch.jsx","all":false,"statementMap":{"0":{"start":{"line":1,"column":0},"end":{"line":1,"column":51}},"1":{"start":{"line":2,"column":0},"end":{"line":2,"column":79}},"2":{"start":{"line":3,"column":0},"end":{"line":3,"column":38}},"3":{"start":{"line":4,"column":0},"end":{"line":4,"column":52}},"4":{"start":{"line":5,"column":0},"end":{"line":5,"column":0}},"5":{"start":{"line":6,"column":0},"end":{"line":6,"column":0}},"6":{"start":{"line":7,"column":0},"end":{"line":7,"column":19}},"7":{"start":{"line":8,"column":0},"end":{"line":8,"column":19}},"8":{"start":{"line":9,"column":0},"end":{"line":9,"column":20}},"9":{"start":{"line":10,"column":0},"end":{"line":10,"column":60}},"10":{"start":{"line":11,"column":0},"end":{"line":11,"column":5}},"11":{"start":{"line":12,"column":0},"end":{"line":12,"column":43}},"12":{"start":{"line":13,"column":0},"end":{"line":13,"column":24}},"13":{"start":{"line":14,"column":0},"end":{"line":14,"column":0}},"14":{"start":{"line":15,"column":0},"end":{"line":15,"column":53}},"15":{"start":{"line":16,"column":0},"end":{"line":16,"column":50}},"16":{"start":{"line":17,"column":0},"end":{"line":17,"column":0}},"17":{"start":{"line":18,"column":0},"end":{"line":18,"column":30}},"18":{"start":{"line":19,"column":0},"end":{"line":19,"column":18}},"19":{"start":{"line":20,"column":0},"end":{"line":20,"column":29}},"20":{"start":{"line":21,"column":0},"end":{"line":21,"column":0}},"21":{"start":{"line":22,"column":0},"end":{"line":22,"column":4}},"22":{"start":{"line":23,"column":0},"end":{"line":23,"column":2}},"23":{"start":{"line":24,"column":0},"end":{"line":24,"column":24}},"24":{"start":{"line":25,"column":0},"end":{"line":25,"column":15}},"25":{"start":{"line":26,"column":0},"end":{"line":26,"column":24}},"26":{"start":{"line":27,"column":0},"end":{"line":27,"column":20}},"27":{"start":{"line":28,"column":0},"end":{"line":28,"column":21}},"28":{"start":{"line":29,"column":0},"end":{"line":29,"column":25}},"29":{"start":{"line":30,"column":0},"end":{"line":30,"column":3}},"30":{"start":{"line":31,"column":0},"end":{"line":31,"column":4}},"31":{"start":{"line":32,"column":0},"end":{"line":32,"column":10}},"32":{"start":{"line":33,"column":0},"end":{"line":33,"column":58}},"33":{"start":{"line":34,"column":0},"end":{"line":34,"column":19}},"34":{"start":{"line":35,"column":0},"end":{"line":35,"column":41}},"35":{"start":{"line":36,"column":0},"end":{"line":36,"column":8}},"36":{"start":{"line":37,"column":0},"end":{"line":37,"column":12}},"37":{"start":{"line":38,"column":0},"end":{"line":38,"column":8}},"38":{"start":{"line":39,"column":0},"end":{"line":39,"column":8}},"39":{"start":{"line":40,"column":0},"end":{"line":40,"column":38}},"40":{"start":{"line":41,"column":0},"end":{"line":41,"column":48}},"41":{"start":{"line":42,"column":0},"end":{"line":42,"column":47}},"42":{"start":{"line":43,"column":0},"end":{"line":43,"column":12}},"43":{"start":{"line":44,"column":0},"end":{"line":44,"column":86}},"44":{"start":{"line":45,"column":0},"end":{"line":45,"column":90}},"45":{"start":{"line":46,"column":0},"end":{"line":46,"column":41}},"46":{"start":{"line":47,"column":0},"end":{"line":47,"column":17}},"47":{"start":{"line":48,"column":0},"end":{"line":48,"column":81}},"48":{"start":{"line":49,"column":0},"end":{"line":49,"column":16}},"49":{"start":{"line":50,"column":0},"end":{"line":50,"column":17}},"50":{"start":{"line":51,"column":0},"end":{"line":51,"column":12}},"51":{"start":{"line":52,"column":0},"end":{"line":52,"column":9}},"52":{"start":{"line":53,"column":0},"end":{"line":53,"column":7}},"53":{"start":{"line":54,"column":0},"end":{"line":54,"column":0}},"54":{"start":{"line":55,"column":0},"end":{"line":55,"column":0}},"55":{"start":{"line":56,"column":0},"end":{"line":56,"column":10}},"56":{"start":{"line":57,"column":0},"end":{"line":57,"column":4}},"57":{"start":{"line":58,"column":0},"end":{"line":58,"column":2}},"58":{"start":{"line":59,"column":0},"end":{"line":59,"column":0}},"59":{"start":{"line":60,"column":0},"end":{"line":60,"column":25}}},"s":{"0":1,"1":1,"2":0,"3":0,"4":0,"5":0,"6":0,"7":0,"8":0,"9":0,"10":0,"11":0,"12":0,"13":0,"14":0,"15":0,"16":0,"17":0,"18":0,"19":0,"20":0,"21":0,"22":0,"23":0,"24":0,"25":0,"26":0,"27":0,"28":0,"29":0,"30":0,"31":0,"32":0,"33":0,"34":0,"35":0,"36":0,"37":0,"38":0,"39":0,"40":0,"41":0,"42":0,"43":0,"44":0,"45":0,"46":0,"47":0,"48":0,"49":0,"50":0,"51":0,"52":0,"53":0,"54":0,"55":0,"56":0,"57":0,"58":1,"59":1},"branchMap":{},"b":{},"fnMap":{"0":{"name":"StopWatch","decl":{"start":{"line":2,"column":18},"end":{"line":58,"column":2}},"loc":{"start":{"line":2,"column":18},"end":{"line":58,"column":2}},"line":2}},"f":{"0":0}}
,"C:\\Users\\justi\\OneDrive\\Desktop\\Lafosse\\RevisionApp\\RevisionApp\\client\\components\\TaskCard\\TaskCard.jsx": {"path":"C:\\Users\\justi\\OneDrive\\Desktop\\Lafosse\\RevisionApp\\RevisionApp\\client\\components\\TaskCard\\TaskCard.jsx","all":false,"statementMap":{"0":{"start":{"line":1,"column":0},"end":{"line":1,"column":26}},"1":{"start":{"line":2,"column":0},"end":{"line":2,"column":51}},"2":{"start":{"line":3,"column":0},"end":{"line":3,"column":0}},"3":{"start":{"line":4,"column":0},"end":{"line":4,"column":33}},"4":{"start":{"line":5,"column":0},"end":{"line":5,"column":75}},"5":{"start":{"line":6,"column":0},"end":{"line":6,"column":0}},"6":{"start":{"line":7,"column":0},"end":{"line":7,"column":10}},"7":{"start":{"line":8,"column":0},"end":{"line":8,"column":56}},"8":{"start":{"line":9,"column":0},"end":{"line":9,"column":8}},"9":{"start":{"line":10,"column":0},"end":{"line":10,"column":16}},"10":{"start":{"line":11,"column":0},"end":{"line":11,"column":76}},"11":{"start":{"line":12,"column":0},"end":{"line":12,"column":27}},"12":{"start":{"line":13,"column":0},"end":{"line":13,"column":30}},"13":{"start":{"line":14,"column":0},"end":{"line":14,"column":38}},"14":{"start":{"line":15,"column":0},"end":{"line":15,"column":7}},"15":{"start":{"line":16,"column":0},"end":{"line":16,"column":68}},"16":{"start":{"line":17,"column":0},"end":{"line":17,"column":15}},"17":{"start":{"line":18,"column":0},"end":{"line":18,"column":45}},"18":{"start":{"line":19,"column":0},"end":{"line":19,"column":60}},"19":{"start":{"line":20,"column":0},"end":{"line":20,"column":16}},"20":{"start":{"line":21,"column":0},"end":{"line":21,"column":78}},"21":{"start":{"line":22,"column":0},"end":{"line":22,"column":23}},"22":{"start":{"line":23,"column":0},"end":{"line":23,"column":18}},"23":{"start":{"line":24,"column":0},"end":{"line":24,"column":14}},"24":{"start":{"line":25,"column":0},"end":{"line":25,"column":12}},"25":{"start":{"line":26,"column":0},"end":{"line":26,"column":31}},"26":{"start":{"line":27,"column":0},"end":{"line":27,"column":22}},"27":{"start":{"line":28,"column":0},"end":{"line":28,"column":45}},"28":{"start":{"line":29,"column":0},"end":{"line":29,"column":9}},"29":{"start":{"line":30,"column":0},"end":{"line":30,"column":43}},"30":{"start":{"line":31,"column":0},"end":{"line":31,"column":80}},"31":{"start":{"line":32,"column":0},"end":{"line":32,"column":20}},"32":{"start":{"line":33,"column":0},"end":{"line":33,"column":21}},"33":{"start":{"line":34,"column":0},"end":{"line":34,"column":12}},"34":{"start":{"line":35,"column":0},"end":{"line":35,"column":14}},"35":{"start":{"line":36,"column":0},"end":{"line":36,"column":10}},"36":{"start":{"line":37,"column":0},"end":{"line":37,"column":0}},"37":{"start":{"line":38,"column":0},"end":{"line":38,"column":22}},"38":{"start":{"line":39,"column":0},"end":{"line":39,"column":15}},"39":{"start":{"line":40,"column":0},"end":{"line":40,"column":21}},"40":{"start":{"line":41,"column":0},"end":{"line":41,"column":33}},"41":{"start":{"line":42,"column":0},"end":{"line":42,"column":39}},"42":{"start":{"line":43,"column":0},"end":{"line":43,"column":27}},"43":{"start":{"line":44,"column":0},"end":{"line":44,"column":8}},"44":{"start":{"line":45,"column":0},"end":{"line":45,"column":10}},"45":{"start":{"line":46,"column":0},"end":{"line":46,"column":4}},"46":{"start":{"line":47,"column":0},"end":{"line":47,"column":1}},"47":{"start":{"line":48,"column":0},"end":{"line":48,"column":0}},"48":{"start":{"line":49,"column":0},"end":{"line":49,"column":24}}},"s":{"0":1,"1":1,"2":1,"3":14,"4":14,"5":14,"6":14,"7":14,"8":14,"9":14,"10":14,"11":14,"12":14,"13":14,"14":14,"15":14,"16":14,"17":14,"18":14,"19":14,"20":14,"21":14,"22":14,"23":14,"24":14,"25":14,"26":14,"27":14,"28":14,"29":14,"30":8,"31":8,"32":8,"33":14,"34":14,"35":14,"36":14,"37":14,"38":14,"39":14,"40":14,"41":14,"42":14,"43":14,"44":14,"45":14,"46":14,"47":1,"48":1},"branchMap":{"0":{"type":"branch","line":4,"loc":{"start":{"line":4,"column":0},"end":{"line":47,"column":1}},"locations":[{"start":{"line":4,"column":0},"end":{"line":47,"column":1}}]},"1":{"type":"branch","line":30,"loc":{"start":{"line":30,"column":27},"end":{"line":33,"column":21}},"locations":[{"start":{"line":30,"column":27},"end":{"line":33,"column":21}}]}},"b":{"0":[14],"1":[8]},"fnMap":{"0":{"name":"TaskCard","decl":{"start":{"line":4,"column":0},"end":{"line":47,"column":1}},"loc":{"start":{"line":4,"column":0},"end":{"line":47,"column":1}},"line":4}},"f":{"0":14}}
,"C:\\Users\\justi\\OneDrive\\Desktop\\Lafosse\\RevisionApp\\RevisionApp\\client\\components\\TaskTabs\\index.jsx": {"path":"C:\\Users\\justi\\OneDrive\\Desktop\\Lafosse\\RevisionApp\\RevisionApp\\client\\components\\TaskTabs\\index.jsx","all":false,"statementMap":{"0":{"start":{"line":1,"column":0},"end":{"line":1,"column":26}},"1":{"start":{"line":2,"column":0},"end":{"line":2,"column":0}},"2":{"start":{"line":3,"column":0},"end":{"line":3,"column":50}},"3":{"start":{"line":4,"column":0},"end":{"line":4,"column":10}},"4":{"start":{"line":5,"column":0},"end":{"line":5,"column":59}},"5":{"start":{"line":6,"column":0},"end":{"line":6,"column":51}},"6":{"start":{"line":7,"column":0},"end":{"line":7,"column":15}},"7":{"start":{"line":8,"column":0},"end":{"line":8,"column":73}},"8":{"start":{"line":9,"column":0},"end":{"line":9,"column":23}},"9":{"start":{"line":10,"column":0},"end":{"line":10,"column":23}},"10":{"start":{"line":11,"column":0},"end":{"line":11,"column":20}},"11":{"start":{"line":12,"column":0},"end":{"line":12,"column":30}},"12":{"start":{"line":13,"column":0},"end":{"line":13,"column":47}},"13":{"start":{"line":14,"column":0},"end":{"line":14,"column":44}},"14":{"start":{"line":15,"column":0},"end":{"line":15,"column":9}},"15":{"start":{"line":16,"column":0},"end":{"line":16,"column":13}},"16":{"start":{"line":17,"column":0},"end":{"line":17,"column":17}},"17":{"start":{"line":18,"column":0},"end":{"line":18,"column":11}},"18":{"start":{"line":19,"column":0},"end":{"line":19,"column":51}},"19":{"start":{"line":20,"column":0},"end":{"line":20,"column":15}},"20":{"start":{"line":21,"column":0},"end":{"line":21,"column":33}},"21":{"start":{"line":22,"column":0},"end":{"line":22,"column":57}},"22":{"start":{"line":23,"column":0},"end":{"line":23,"column":13}},"23":{"start":{"line":24,"column":0},"end":{"line":24,"column":26}},"24":{"start":{"line":25,"column":0},"end":{"line":25,"column":23}},"25":{"start":{"line":26,"column":0},"end":{"line":26,"column":20}},"26":{"start":{"line":27,"column":0},"end":{"line":27,"column":33}},"27":{"start":{"line":28,"column":0},"end":{"line":28,"column":55}},"28":{"start":{"line":29,"column":0},"end":{"line":29,"column":52}},"29":{"start":{"line":30,"column":0},"end":{"line":30,"column":9}},"30":{"start":{"line":31,"column":0},"end":{"line":31,"column":21}},"31":{"start":{"line":32,"column":0},"end":{"line":32,"column":17}},"32":{"start":{"line":33,"column":0},"end":{"line":33,"column":11}},"33":{"start":{"line":34,"column":0},"end":{"line":34,"column":51}},"34":{"start":{"line":35,"column":0},"end":{"line":35,"column":15}},"35":{"start":{"line":36,"column":0},"end":{"line":36,"column":79}},"36":{"start":{"line":37,"column":0},"end":{"line":37,"column":26}},"37":{"start":{"line":38,"column":0},"end":{"line":38,"column":23}},"38":{"start":{"line":39,"column":0},"end":{"line":39,"column":20}},"39":{"start":{"line":40,"column":0},"end":{"line":40,"column":33}},"40":{"start":{"line":41,"column":0},"end":{"line":41,"column":53}},"41":{"start":{"line":42,"column":0},"end":{"line":42,"column":50}},"42":{"start":{"line":43,"column":0},"end":{"line":43,"column":9}},"43":{"start":{"line":44,"column":0},"end":{"line":44,"column":19}},"44":{"start":{"line":45,"column":0},"end":{"line":45,"column":17}},"45":{"start":{"line":46,"column":0},"end":{"line":46,"column":11}},"46":{"start":{"line":47,"column":0},"end":{"line":47,"column":9}},"47":{"start":{"line":48,"column":0},"end":{"line":48,"column":4}},"48":{"start":{"line":49,"column":0},"end":{"line":49,"column":1}},"49":{"start":{"line":50,"column":0},"end":{"line":50,"column":0}},"50":{"start":{"line":51,"column":0},"end":{"line":51,"column":25}}},"s":{"0":1,"1":1,"2":0,"3":0,"4":0,"5":0,"6":0,"7":0,"8":0,"9":0,"10":0,"11":0,"12":0,"13":0,"14":0,"15":0,"16":0,"17":0,"18":0,"19":0,"20":0,"21":0,"22":0,"23":0,"24":0,"25":0,"26":0,"27":0,"28":0,"29":0,"30":0,"31":0,"32":0,"33":0,"34":0,"35":0,"36":0,"37":0,"38":0,"39":0,"40":0,"41":0,"42":0,"43":0,"44":0,"45":0,"46":0,"47":0,"48":0,"49":1,"50":1},"branchMap":{},"b":{},"fnMap":{"0":{"name":"TasksTabs","decl":{"start":{"line":3,"column":0},"end":{"line":49,"column":1}},"loc":{"start":{"line":3,"column":0},"end":{"line":49,"column":1}},"line":3}},"f":{"0":0}}
,"C:\\Users\\justi\\OneDrive\\Desktop\\Lafosse\\RevisionApp\\RevisionApp\\client\\components\\TasksList\\index.jsx": {"path":"C:\\Users\\justi\\OneDrive\\Desktop\\Lafosse\\RevisionApp\\RevisionApp\\client\\components\\TasksList\\index.jsx","all":false,"statementMap":{"0":{"start":{"line":1,"column":0},"end":{"line":1,"column":26}},"1":{"start":{"line":2,"column":0},"end":{"line":2,"column":44}},"2":{"start":{"line":3,"column":0},"end":{"line":3,"column":0}},"3":{"start":{"line":4,"column":0},"end":{"line":4,"column":39}},"4":{"start":{"line":5,"column":0},"end":{"line":5,"column":49}},"5":{"start":{"line":6,"column":0},"end":{"line":6,"column":28}},"6":{"start":{"line":7,"column":0},"end":{"line":7,"column":25}},"7":{"start":{"line":8,"column":0},"end":{"line":8,"column":67}},"8":{"start":{"line":9,"column":0},"end":{"line":9,"column":3}},"9":{"start":{"line":10,"column":0},"end":{"line":10,"column":0}},"10":{"start":{"line":11,"column":0},"end":{"line":11,"column":0}},"11":{"start":{"line":12,"column":0},"end":{"line":12,"column":26}},"12":{"start":{"line":13,"column":0},"end":{"line":13,"column":41}},"13":{"start":{"line":14,"column":0},"end":{"line":14,"column":88}},"14":{"start":{"line":15,"column":0},"end":{"line":15,"column":23}},"15":{"start":{"line":16,"column":0},"end":{"line":16,"column":36}},"16":{"start":{"line":17,"column":0},"end":{"line":17,"column":12}},"17":{"start":{"line":18,"column":0},"end":{"line":18,"column":67}},"18":{"start":{"line":19,"column":0},"end":{"line":19,"column":5}},"19":{"start":{"line":20,"column":0},"end":{"line":20,"column":5}},"20":{"start":{"line":21,"column":0},"end":{"line":21,"column":0}},"21":{"start":{"line":22,"column":0},"end":{"line":22,"column":10}},"22":{"start":{"line":23,"column":0},"end":{"line":23,"column":9}},"23":{"start":{"line":24,"column":0},"end":{"line":24,"column":36}},"24":{"start":{"line":25,"column":0},"end":{"line":25,"column":34}},"25":{"start":{"line":26,"column":0},"end":{"line":26,"column":86}},"26":{"start":{"line":27,"column":0},"end":{"line":27,"column":44}},"27":{"start":{"line":28,"column":0},"end":{"line":28,"column":73}},"28":{"start":{"line":29,"column":0},"end":{"line":29,"column":18}},"29":{"start":{"line":30,"column":0},"end":{"line":30,"column":40}},"30":{"start":{"line":31,"column":0},"end":{"line":31,"column":65}},"31":{"start":{"line":32,"column":0},"end":{"line":32,"column":15}},"32":{"start":{"line":33,"column":0},"end":{"line":33,"column":16}},"33":{"start":{"line":34,"column":0},"end":{"line":34,"column":14}},"34":{"start":{"line":35,"column":0},"end":{"line":35,"column":9}},"35":{"start":{"line":36,"column":0},"end":{"line":36,"column":10}},"36":{"start":{"line":37,"column":0},"end":{"line":37,"column":4}},"37":{"start":{"line":38,"column":0},"end":{"line":38,"column":1}},"38":{"start":{"line":39,"column":0},"end":{"line":39,"column":0}},"39":{"start":{"line":40,"column":0},"end":{"line":40,"column":25}}},"s":{"0":1,"1":1,"2":1,"3":4,"4":4,"5":4,"6":4,"7":1,"8":1,"9":3,"10":3,"11":3,"12":3,"13":10,"14":10,"15":7,"16":10,"17":3,"18":3,"19":3,"20":3,"21":3,"22":3,"23":3,"24":3,"25":3,"26":3,"27":3,"28":3,"29":3,"30":10,"31":3,"32":3,"33":3,"34":3,"35":3,"36":3,"37":3,"38":1,"39":1},"branchMap":{"0":{"type":"branch","line":4,"loc":{"start":{"line":4,"column":0},"end":{"line":38,"column":1}},"locations":[{"start":{"line":4,"column":0},"end":{"line":38,"column":1}}]},"1":{"type":"branch","line":7,"loc":{"start":{"line":7,"column":24},"end":{"line":9,"column":3}},"locations":[{"start":{"line":7,"column":24},"end":{"line":9,"column":3}}]},"2":{"type":"branch","line":9,"loc":{"start":{"line":9,"column":2},"end":{"line":38,"column":1}},"locations":[{"start":{"line":9,"column":2},"end":{"line":38,"column":1}}]},"3":{"type":"branch","line":8,"loc":{"start":{"line":8,"column":33},"end":{"line":8,"column":65}},"locations":[{"start":{"line":8,"column":33},"end":{"line":8,"column":65}}]},"4":{"type":"branch","line":13,"loc":{"start":{"line":13,"column":24},"end":{"line":20,"column":3}},"locations":[{"start":{"line":13,"column":24},"end":{"line":20,"column":3}}]},"5":{"type":"branch","line":15,"loc":{"start":{"line":15,"column":22},"end":{"line":17,"column":11}},"locations":[{"start":{"line":15,"column":22},"end":{"line":17,"column":11}}]},"6":{"type":"branch","line":17,"loc":{"start":{"line":17,"column":4},"end":{"line":19,"column":5}},"locations":[{"start":{"line":17,"column":4},"end":{"line":19,"column":5}}]},"7":{"type":"branch","line":14,"loc":{"start":{"line":14,"column":43},"end":{"line":14,"column":86}},"locations":[{"start":{"line":14,"column":43},"end":{"line":14,"column":86}}]},"8":{"type":"branch","line":24,"loc":{"start":{"line":24,"column":24},"end":{"line":34,"column":14}},"locations":[{"start":{"line":24,"column":24},"end":{"line":34,"column":14}}]},"9":{"type":"branch","line":30,"loc":{"start":{"line":30,"column":29},"end":{"line":31,"column":65}},"locations":[{"start":{"line":30,"column":29},"end":{"line":31,"column":65}}]}},"b":{"0":[4],"1":[1],"2":[3],"3":[4],"4":[10],"5":[7],"6":[3],"7":[7],"8":[3],"9":[10]},"fnMap":{"0":{"name":"TasksList","decl":{"start":{"line":4,"column":0},"end":{"line":38,"column":1}},"loc":{"start":{"line":4,"column":0},"end":{"line":38,"column":1}},"line":4}},"f":{"0":4}}
,"C:\\Users\\justi\\OneDrive\\Desktop\\Lafosse\\RevisionApp\\RevisionApp\\client\\components\\YourReward\\YourReward.jsx": {"path":"C:\\Users\\justi\\OneDrive\\Desktop\\Lafosse\\RevisionApp\\RevisionApp\\client\\components\\YourReward\\YourReward.jsx","all":false,"statementMap":{"0":{"start":{"line":1,"column":0},"end":{"line":1,"column":48}},"1":{"start":{"line":2,"column":0},"end":{"line":2,"column":0}},"2":{"start":{"line":3,"column":0},"end":{"line":3,"column":57}},"3":{"start":{"line":4,"column":0},"end":{"line":4,"column":68}},"4":{"start":{"line":5,"column":0},"end":{"line":5,"column":19}},"5":{"start":{"line":6,"column":0},"end":{"line":6,"column":20}},"6":{"start":{"line":7,"column":0},"end":{"line":7,"column":38}},"7":{"start":{"line":8,"column":0},"end":{"line":8,"column":36}},"8":{"start":{"line":9,"column":0},"end":{"line":9,"column":15}},"9":{"start":{"line":10,"column":0},"end":{"line":10,"column":0}},"10":{"start":{"line":11,"column":0},"end":{"line":11,"column":39}},"11":{"start":{"line":12,"column":0},"end":{"line":12,"column":5}},"12":{"start":{"line":13,"column":0},"end":{"line":13,"column":18}},"13":{"start":{"line":14,"column":0},"end":{"line":14,"column":10}},"14":{"start":{"line":15,"column":0},"end":{"line":15,"column":88}},"15":{"start":{"line":16,"column":0},"end":{"line":16,"column":66}},"16":{"start":{"line":17,"column":0},"end":{"line":17,"column":185}},"17":{"start":{"line":18,"column":0},"end":{"line":18,"column":19}},"18":{"start":{"line":19,"column":0},"end":{"line":19,"column":66}},"19":{"start":{"line":20,"column":0},"end":{"line":20,"column":11}},"20":{"start":{"line":21,"column":0},"end":{"line":21,"column":86}},"21":{"start":{"line":22,"column":0},"end":{"line":22,"column":10}},"22":{"start":{"line":23,"column":0},"end":{"line":23,"column":10}},"23":{"start":{"line":24,"column":0},"end":{"line":24,"column":3}},"24":{"start":{"line":25,"column":0},"end":{"line":25,"column":1}},"25":{"start":{"line":26,"column":0},"end":{"line":26,"column":0}},"26":{"start":{"line":27,"column":0},"end":{"line":27,"column":25}}},"s":{"0":1,"1":1,"2":0,"3":0,"4":0,"5":0,"6":0,"7":0,"8":0,"9":0,"10":0,"11":0,"12":0,"13":0,"14":0,"15":0,"16":0,"17":0,"18":0,"19":0,"20":0,"21":0,"22":0,"23":0,"24":0,"25":1,"26":1},"branchMap":{},"b":{},"fnMap":{"0":{"name":"YourReward","decl":{"start":{"line":3,"column":0},"end":{"line":25,"column":1}},"loc":{"start":{"line":3,"column":0},"end":{"line":25,"column":1}},"line":3}},"f":{"0":0}}
,"C:\\Users\\justi\\OneDrive\\Desktop\\Lafosse\\RevisionApp\\RevisionApp\\client\\pages\\AccountPage\\index.jsx": {"path":"C:\\Users\\justi\\OneDrive\\Desktop\\Lafosse\\RevisionApp\\RevisionApp\\client\\pages\\AccountPage\\index.jsx","all":false,"statementMap":{"0":{"start":{"line":1,"column":0},"end":{"line":1,"column":25}},"1":{"start":{"line":2,"column":0},"end":{"line":2,"column":39}},"2":{"start":{"line":3,"column":0},"end":{"line":3,"column":0}},"3":{"start":{"line":4,"column":0},"end":{"line":4,"column":18}},"4":{"start":{"line":5,"column":0},"end":{"line":5,"column":10}},"5":{"start":{"line":6,"column":0},"end":{"line":6,"column":6}},"6":{"start":{"line":7,"column":0},"end":{"line":7,"column":184}},"7":{"start":{"line":8,"column":0},"end":{"line":8,"column":178}},"8":{"start":{"line":9,"column":0},"end":{"line":9,"column":179}},"9":{"start":{"line":10,"column":0},"end":{"line":10,"column":7}},"10":{"start":{"line":11,"column":0},"end":{"line":11,"column":3}},"11":{"start":{"line":12,"column":0},"end":{"line":12,"column":1}},"12":{"start":{"line":13,"column":0},"end":{"line":13,"column":0}},"13":{"start":{"line":14,"column":0},"end":{"line":14,"column":20}}},"s":{"0":1,"1":1,"2":1,"3":1,"4":1,"5":1,"6":1,"7":1,"8":1,"9":1,"10":1,"11":1,"12":1,"13":1},"branchMap":{"0":{"type":"branch","line":4,"loc":{"start":{"line":4,"column":0},"end":{"line":12,"column":1}},"locations":[{"start":{"line":4,"column":0},"end":{"line":12,"column":1}}]}},"b":{"0":[1]},"fnMap":{"0":{"name":"index","decl":{"start":{"line":4,"column":0},"end":{"line":12,"column":1}},"loc":{"start":{"line":4,"column":0},"end":{"line":12,"column":1}},"line":4}},"f":{"0":1}}
,"C:\\Users\\justi\\OneDrive\\Desktop\\Lafosse\\RevisionApp\\RevisionApp\\client\\pages\\AccountSettingsPage\\index.jsx": {"path":"C:\\Users\\justi\\OneDrive\\Desktop\\Lafosse\\RevisionApp\\RevisionApp\\client\\pages\\AccountSettingsPage\\index.jsx","all":false,"statementMap":{"0":{"start":{"line":1,"column":0},"end":{"line":1,"column":25}},"1":{"start":{"line":2,"column":0},"end":{"line":2,"column":43}},"2":{"start":{"line":3,"column":0},"end":{"line":3,"column":44}},"3":{"start":{"line":4,"column":0},"end":{"line":4,"column":48}},"4":{"start":{"line":5,"column":0},"end":{"line":5,"column":0}},"5":{"start":{"line":6,"column":0},"end":{"line":6,"column":18}},"6":{"start":{"line":7,"column":0},"end":{"line":7,"column":10}},"7":{"start":{"line":8,"column":0},"end":{"line":8,"column":6}},"8":{"start":{"line":9,"column":0},"end":{"line":9,"column":104}},"9":{"start":{"line":10,"column":0},"end":{"line":10,"column":5}},"10":{"start":{"line":11,"column":0},"end":{"line":11,"column":30}},"11":{"start":{"line":12,"column":0},"end":{"line":12,"column":97}},"12":{"start":{"line":13,"column":0},"end":{"line":13,"column":9}},"13":{"start":{"line":14,"column":0},"end":{"line":14,"column":104}},"14":{"start":{"line":15,"column":0},"end":{"line":15,"column":9}},"15":{"start":{"line":16,"column":0},"end":{"line":16,"column":102}},"16":{"start":{"line":17,"column":0},"end":{"line":17,"column":9}},"17":{"start":{"line":18,"column":0},"end":{"line":18,"column":130}},"18":{"start":{"line":19,"column":0},"end":{"line":19,"column":9}},"19":{"start":{"line":20,"column":0},"end":{"line":20,"column":136}},"20":{"start":{"line":21,"column":0},"end":{"line":21,"column":6}},"21":{"start":{"line":22,"column":0},"end":{"line":22,"column":0}},"22":{"start":{"line":23,"column":0},"end":{"line":23,"column":10}},"23":{"start":{"line":24,"column":0},"end":{"line":24,"column":36}},"24":{"start":{"line":25,"column":0},"end":{"line":25,"column":203}},"25":{"start":{"line":26,"column":0},"end":{"line":26,"column":44}},"26":{"start":{"line":27,"column":0},"end":{"line":27,"column":12}},"27":{"start":{"line":28,"column":0},"end":{"line":28,"column":123}},"28":{"start":{"line":29,"column":0},"end":{"line":29,"column":54}},"29":{"start":{"line":30,"column":0},"end":{"line":30,"column":35}},"30":{"start":{"line":31,"column":0},"end":{"line":31,"column":36}},"31":{"start":{"line":32,"column":0},"end":{"line":32,"column":85}},"32":{"start":{"line":33,"column":0},"end":{"line":33,"column":104}},"33":{"start":{"line":34,"column":0},"end":{"line":34,"column":12}},"34":{"start":{"line":35,"column":0},"end":{"line":35,"column":34}},"35":{"start":{"line":36,"column":0},"end":{"line":36,"column":14}},"36":{"start":{"line":37,"column":0},"end":{"line":37,"column":40}},"37":{"start":{"line":38,"column":0},"end":{"line":38,"column":34}},"38":{"start":{"line":39,"column":0},"end":{"line":39,"column":83}},"39":{"start":{"line":40,"column":0},"end":{"line":40,"column":104}},"40":{"start":{"line":41,"column":0},"end":{"line":41,"column":49}},"41":{"start":{"line":42,"column":0},"end":{"line":42,"column":18}},"42":{"start":{"line":43,"column":0},"end":{"line":43,"column":34}},"43":{"start":{"line":44,"column":0},"end":{"line":44,"column":91}},"44":{"start":{"line":45,"column":0},"end":{"line":45,"column":83}},"45":{"start":{"line":46,"column":0},"end":{"line":46,"column":53}},"46":{"start":{"line":47,"column":0},"end":{"line":47,"column":18}},"47":{"start":{"line":48,"column":0},"end":{"line":48,"column":34}},"48":{"start":{"line":49,"column":0},"end":{"line":49,"column":96}},"49":{"start":{"line":50,"column":0},"end":{"line":50,"column":84}},"50":{"start":{"line":51,"column":0},"end":{"line":51,"column":55}},"51":{"start":{"line":52,"column":0},"end":{"line":52,"column":18}},"52":{"start":{"line":53,"column":0},"end":{"line":53,"column":18}},"53":{"start":{"line":54,"column":0},"end":{"line":54,"column":15}},"54":{"start":{"line":55,"column":0},"end":{"line":55,"column":12}},"55":{"start":{"line":56,"column":0},"end":{"line":56,"column":59}},"56":{"start":{"line":57,"column":0},"end":{"line":57,"column":100}},"57":{"start":{"line":58,"column":0},"end":{"line":58,"column":12}},"58":{"start":{"line":59,"column":0},"end":{"line":59,"column":10}},"59":{"start":{"line":60,"column":0},"end":{"line":60,"column":8}},"60":{"start":{"line":61,"column":0},"end":{"line":61,"column":6}},"61":{"start":{"line":62,"column":0},"end":{"line":62,"column":7}},"62":{"start":{"line":63,"column":0},"end":{"line":63,"column":3}},"63":{"start":{"line":64,"column":0},"end":{"line":64,"column":1}},"64":{"start":{"line":65,"column":0},"end":{"line":65,"column":0}},"65":{"start":{"line":66,"column":0},"end":{"line":66,"column":20}}},"s":{"0":1,"1":1,"2":1,"3":1,"4":1,"5":2,"6":2,"7":2,"8":2,"9":2,"10":2,"11":2,"12":2,"13":2,"14":2,"15":2,"16":2,"17":2,"18":2,"19":2,"20":2,"21":2,"22":2,"23":2,"24":2,"25":2,"26":2,"27":2,"28":2,"29":2,"30":2,"31":2,"32":2,"33":2,"34":2,"35":2,"36":2,"37":2,"38":2,"39":2,"40":2,"41":2,"42":2,"43":2,"44":2,"45":2,"46":2,"47":2,"48":2,"49":2,"50":2,"51":2,"52":2,"53":2,"54":2,"55":2,"56":2,"57":2,"58":2,"59":2,"60":2,"61":2,"62":2,"63":2,"64":1,"65":1},"branchMap":{"0":{"type":"branch","line":6,"loc":{"start":{"line":6,"column":0},"end":{"line":64,"column":1}},"locations":[{"start":{"line":6,"column":0},"end":{"line":64,"column":1}}]}},"b":{"0":[2]},"fnMap":{"0":{"name":"index","decl":{"start":{"line":6,"column":0},"end":{"line":64,"column":1}},"loc":{"start":{"line":6,"column":0},"end":{"line":64,"column":1}},"line":6}},"f":{"0":2}}
}
